{"C:\\Users\\etudiant\\Web_DiscordVueJS\\discordvuejs\\src\\components\\main\\Messages\\TextBarComponent.vue": {"path":"C:\\Users\\etudiant\\Web_DiscordVueJS\\discordvuejs\\src\\components\\main\\Messages\\TextBarComponent.vue","statementMap":{"0":{"start":{"line":4,"column":0},"end":{"line":6,"column":3}},"1":{"start":{"line":7,"column":0},"end":{"line":7,"column":25}},"2":{"start":{"line":95,"column":0},"end":{"line":97,"column":3}},"3":{"start":{"line":98,"column":0},"end":{"line":98,"column":24}},"4":{"start":{"line":99,"column":11},"end":{"line":99,"column":25}},"5":{"start":{"line":100,"column":19},"end":{"line":102,"column":1}},"6":{"start":{"line":103,"column":19},"end":{"line":103,"column":31}},"7":{"start":{"line":105,"column":39},"end":{"line":105,"column":86}},"8":{"start":{"line":106,"column":2},"end":{"line":124,"column":55}},"9":{"start":{"line":115,"column":63},"end":{"line":115,"column":86}},"10":{"start":{"line":125,"column":2},"end":{"line":125,"column":49}}},"fnMap":{"0":{"name":"render","decl":{"start":{"line":104,"column":9},"end":{"line":104,"column":15}},"loc":{"start":{"line":104,"column":63},"end":{"line":125,"column":1}},"line":104},"1":{"name":"(anonymous_1)","decl":{"start":{"line":115,"column":53},"end":{"line":115,"column":54}},"loc":{"start":{"line":115,"column":63},"end":{"line":115,"column":86}},"line":115}},"branchMap":{"0":{"loc":{"start":{"line":115,"column":27},"end":{"line":115,"column":87}},"type":"binary-expr","locations":[{"start":{"line":115,"column":27},"end":{"line":115,"column":36}},{"start":{"line":115,"column":41},"end":{"line":115,"column":86}}],"line":115}},"s":{"0":1,"1":1,"2":1,"3":1,"4":1,"5":1,"6":1,"7":4,"8":4,"9":2,"10":1},"f":{"0":4,"1":2},"b":{"0":[4,2]},"inputSourceMap":{"0":"{","1":"\"","2":"v","3":"e","4":"r","5":"s","6":"i","7":"o","8":"n","9":"\"","10":":","11":"3","12":",","13":"\"","14":"s","15":"o","16":"u","17":"r","18":"c","19":"e","20":"s","21":"\"","22":":","23":"[","24":"\"","25":"C","26":":","27":"/","28":"U","29":"s","30":"e","31":"r","32":"s","33":"/","34":"e","35":"t","36":"u","37":"d","38":"i","39":"a","40":"n","41":"t","42":"/","43":"W","44":"e","45":"b","46":"_","47":"D","48":"i","49":"s","50":"c","51":"o","52":"r","53":"d","54":"V","55":"u","56":"e","57":"J","58":"S","59":"/","60":"d","61":"i","62":"s","63":"c","64":"o","65":"r","66":"d","67":"v","68":"u","69":"e","70":"j","71":"s","72":"/","73":"s","74":"r","75":"c","76":"/","77":"c","78":"o","79":"m","80":"p","81":"o","82":"n","83":"e","84":"n","85":"t","86":"s","87":"/","88":"m","89":"a","90":"i","91":"n","92":"/","93":"M","94":"e","95":"s","96":"s","97":"a","98":"g","99":"e","100":"s","101":"/","102":"T","103":"e","104":"x","105":"t","106":"B","107":"a","108":"r","109":"C","110":"o","111":"m","112":"p","113":"o","114":"n","115":"e","116":"n","117":"t","118":".","119":"v","120":"u","121":"e","122":"\"","123":"]","124":",","125":"\"","126":"n","127":"a","128":"m","129":"e","130":"s","131":"\"","132":":","133":"[","134":"]","135":",","136":"\"","137":"m","138":"a","139":"p","140":"p","141":"i","142":"n","143":"g","144":"s","145":"\"","146":":","147":"\"","148":";","149":";","150":";","151":";","152":";","153":";","154":";","155":"A","156":"A","157":"i","158":"B","159":"A","160":";","161":"A","162":"A","163":"A","164":"A","165":";","166":"A","167":"A","168":"A","169":"A","170":";","171":"A","172":"A","173":"C","174":"A","175":";","176":"A","177":"A","178":"A","179":"A","180":";","181":"A","182":"A","183":"A","184":"A","185":";","186":"A","187":"A","188":"C","189":"A","190":";","191":"A","192":"A","193":"A","194":"A","195":";","196":"A","197":"A","198":"A","199":"A","200":";","201":"A","202":"A","203":"A","204":"g","205":"C","206":";","207":"A","208":"A","209":"A","210":"A","211":";","212":";","213":";","214":";","215":";","216":";","217":";","218":";","219":"I","220":"A","221":"E","222":"h","223":"C","224":",","225":"M","226":"A","227":"A","228":"M","229":",","230":"K","231":"A","232":"A","233":"K","234":";","235":"I","236":"A","237":"A","238":"G","239":";","240":"I","241":"A","242":"A","243":"A","244":";","245":"I","246":"A","247":"A","248":"A","249":";","250":"I","251":"A","252":"A","253":"A","254":";","255":"I","256":"A","257":"A","258":"A","259":";","260":"I","261":"A","262":"A","263":"A","264":",","265":"Q","266":"A","267":"A","268":"Q","269":",","270":"E","271":"A","272":"A","273":"C","274":",","275":"C","276":"A","277":"A","278":"C","279":";","280":"I","281":"A","282":"C","283":"x","284":"B","285":",","286":"M","287":"A","288":"A","289":"M","290":",","291":"K","292":"A","293":"A","294":"K","295":";","296":"I","297":"A","298":"A","299":"G","300":";","301":"I","302":"A","303":"A","304":"A","305":";","306":"I","307":"A","308":"A","309":"A","310":";","311":"I","312":"A","313":"A","314":"A","315":";","316":"I","317":"A","318":"A","319":"A","320":";","321":"I","322":"A","323":"A","324":"A","325":",","326":"S","327":"A","328":"A","329":"S","330":",","331":"E","332":"A","333":"A","334":"C","335":",","336":"C","337":"A","338":"A","339":"C","340":";","341":"I","342":"A","343":"C","344":"z","345":"B","346":",","347":"M","348":"A","349":"A","350":"M","351":",","352":"O","353":"A","354":"A","355":"O","356":";","357":"I","358":"A","359":"A","360":"G","361":";","362":"I","363":"A","364":"A","365":"A","366":";","367":"I","368":"A","369":"A","370":"A","371":";","372":"I","373":"A","374":"A","375":"A","376":";","377":"I","378":"A","379":"A","380":"A","381":";","382":"I","383":"A","384":"A","385":"A","386":",","387":"G","388":"A","389":"A","390":"G","391":",","392":"E","393":"A","394":"A","395":"C","396":",","397":"E","398":"A","399":"A","400":"E","401":",","402":"C","403":"A","404":"A","405":"C","406":";","407":"I","408":"A","409":"G","410":"v","411":"B","412":",","413":"S","414":"A","415":"A","416":"S","417":",","418":"a","419":"A","420":"A","421":"a","422":",","423":"G","424":"A","425":"A","426":"G","427":";","428":"M","429":"A","430":"C","431":"r","432":"B","433":",","434":"I","435":"A","436":"A","437":"G","438":",","439":"K","440":"A","441":"A","442":"K","443":",","444":"C","445":"A","446":"A","447":"C","448":",","449":"O","450":"A","451":"A","452":"O","453":",","454":"C","455":"A","456":"A","457":"C","458":",","459":"c","460":"A","461":"A","462":"c","463":",","464":"C","465":"A","466":"A","467":"C","468":",","469":"C","470":"A","471":"A","472":"C","473":",","474":"E","475":"A","476":"A","477":"E","478":",","479":"E","480":"A","481":"A","482":"C","483":";","484":"Q","485":"A","486":"C","487":"h","488":"C","489":",","490":"M","491":"A","492":"A","493":"M","494":",","495":"M","496":"A","497":"A","498":"M","499":",","500":"G","501":"A","502":"A","503":"G","504":",","505":"K","506":"A","507":"A","508":"K","509":",","510":"C","511":"A","512":"A","513":"C","514":",","515":"O","516":"A","517":"A","518":"O","519":",","520":"C","521":"A","522":"A","523":"C","524":",","525":"c","526":"A","527":"A","528":"c","529":",","530":"C","531":"A","532":"A","533":"C","534":",","535":"C","536":"A","537":"A","538":"C","539":",","540":"E","541":"A","542":"A","543":"E","544":";","545":"Q","546":"A","547":"C","548":"/","549":"C","550":",","551":"M","552":"A","553":"A","554":"M","555":",","556":"I","557":"A","558":"A","559":"I","560":",","561":"G","562":"A","563":"A","564":"C","565":",","566":"K","567":"A","568":"A","569":"K","570":",","571":"C","572":"A","573":"A","574":"C","575":",","576":"Y","577":"A","578":"A","579":"Y","580":",","581":"C","582":"A","583":"A","584":"C","585":",","586":"K","587":"A","588":"A","589":"K","590":";","591":"Q","592":"A","593":"C","594":"n","595":"C","596":",","597":"M","598":"A","599":"A","600":"M","601":",","602":"S","603":"A","604":"A","605":"S","606":",","607":"G","608":"A","609":"A","610":"C","611":",","612":"I","613":"A","614":"A","615":"I","616":",","617":"C","618":"A","619":"A","620":"C","621":",","622":"M","623":"A","624":"A","625":"M","626":",","627":"C","628":"A","629":"A","630":"C","631":",","632":"E","633":"A","634":"A","635":"E","636":",","637":"I","638":"A","639":"A","640":"I","641":",","642":"C","643":"A","644":"A","645":"C","646":";","647":"Q","648":"A","649":"C","650":"n","651":"C","652":",","653":"I","654":"A","655":"A","656":"I","657":",","658":"C","659":"A","660":"A","661":"C","662":",","663":"c","664":"A","665":"A","666":"c","667":",","668":"E","669":"A","670":"A","671":"C","672":",","673":"M","674":"A","675":"A","676":"M","677":",","678":"E","679":"A","680":"A","681":"C","682":",","683":"S","684":"A","685":"A","686":"S","687":",","688":"E","689":"A","690":"A","691":"C","692":",","693":"O","694":"A","695":"A","696":"O","697":",","698":"C","699":"A","700":"A","701":"C","702":",","703":"K","704":"A","705":"A","706":"K","707":",","708":"C","709":"A","710":"A","711":"C","712":";","713":"Q","714":"A","715":"C","716":"n","717":"D","718":",","719":"O","720":"A","721":"A","722":"O","723":",","724":"C","725":"A","726":"A","727":"C","728":",","729":"K","730":"A","731":"A","732":"K","733":",","734":"G","735":"A","736":"A","737":"G","738":",","739":"E","740":"A","741":"A","742":"E","743":";","744":"M","745":"A","746":"C","747":"t","748":"B","749":";","750":"I","751":"A","752":"E","753":"J","754":"\"","755":",","756":"\"","757":"f","758":"i","759":"l","760":"e","761":"\"","762":":","763":"\"","764":"C","765":":","766":"\\","767":"\\","768":"U","769":"s","770":"e","771":"r","772":"s","773":"\\","774":"\\","775":"e","776":"t","777":"u","778":"d","779":"i","780":"a","781":"n","782":"t","783":"\\","784":"\\","785":"W","786":"e","787":"b","788":"_","789":"D","790":"i","791":"s","792":"c","793":"o","794":"r","795":"d","796":"V","797":"u","798":"e","799":"J","800":"S","801":"\\","802":"\\","803":"d","804":"i","805":"s","806":"c","807":"o","808":"r","809":"d","810":"v","811":"u","812":"e","813":"j","814":"s","815":"\\","816":"\\","817":"s","818":"r","819":"c","820":"\\","821":"\\","822":"c","823":"o","824":"m","825":"p","826":"o","827":"n","828":"e","829":"n","830":"t","831":"s","832":"\\","833":"\\","834":"m","835":"a","836":"i","837":"n","838":"\\","839":"\\","840":"M","841":"e","842":"s","843":"s","844":"a","845":"g","846":"e","847":"s","848":"\\","849":"\\","850":"T","851":"e","852":"x","853":"t","854":"B","855":"a","856":"r","857":"C","858":"o","859":"m","860":"p","861":"o","862":"n","863":"e","864":"n","865":"t","866":".","867":"v","868":"u","869":"e","870":"\"","871":",","872":"\"","873":"s","874":"o","875":"u","876":"r","877":"c","878":"e","879":"s","880":"C","881":"o","882":"n","883":"t","884":"e","885":"n","886":"t","887":"\"","888":":","889":"[","890":"\"","891":"<","892":"t","893":"e","894":"m","895":"p","896":"l","897":"a","898":"t","899":"e","900":">","901":"\\","902":"r","903":"\\","904":"n","905":" ","906":" ","907":" ","908":" ","909":"<","910":"d","911":"i","912":"v","913":" ","914":"c","915":"l","916":"a","917":"s","918":"s","919":"=","920":"\\","921":"\"","922":"r","923":"e","924":"l","925":"a","926":"t","927":"i","928":"v","929":"e","930":" ","931":"p","932":"-","933":"2","934":" ","935":"m","936":"b","937":"-","938":"2","939":"\\","940":"\"","941":">","942":"\\","943":"r","944":"\\","945":"n","946":" ","947":" ","948":" ","949":" ","950":" ","951":" ","952":" ","953":" ","954":"<","955":"f","956":"o","957":"r","958":"m","959":" ","960":"@","961":"s","962":"u","963":"b","964":"m","965":"i","966":"t","967":".","968":"p","969":"r","970":"e","971":"v","972":"e","973":"n","974":"t","975":"=","976":"\\","977":"\"","978":"s","979":"u","980":"b","981":"m","982":"i","983":"t","984":"M","985":"e","986":"s","987":"s","988":"a","989":"g","990":"e","991":"\\","992":"\"","993":">","994":"\\","995":"r","996":"\\","997":"n","998":" ","999":" ","1000":" ","1001":" ","1002":" ","1003":" ","1004":" ","1005":" ","1006":" ","1007":" ","1008":" ","1009":" ","1010":"<","1011":"i","1012":"n","1013":"p","1014":"u","1015":"t","1016":" ","1017":"i","1018":"d","1019":"=","1020":"\\","1021":"\"","1022":"t","1023":"e","1024":"x","1025":"t","1026":"b","1027":"a","1028":"r","1029":"\\","1030":"\"","1031":" ","1032":"t","1033":"y","1034":"p","1035":"e","1036":"=","1037":"\\","1038":"\"","1039":"t","1040":"e","1041":"x","1042":"t","1043":"\\","1044":"\"","1045":" ","1046":"r","1047":"e","1048":"q","1049":"u","1050":"i","1051":"r","1052":"e","1053":"d","1054":" ","1055":"a","1056":"u","1057":"t","1058":"o","1059":"c","1060":"o","1061":"m","1062":"p","1063":"l","1064":"e","1065":"t","1066":"e","1067":"=","1068":"\\","1069":"\"","1070":"o","1071":"f","1072":"f","1073":"\\","1074":"\"","1075":"\\","1076":"r","1077":"\\","1078":"n","1079":" ","1080":" ","1081":" ","1082":" ","1083":" ","1084":" ","1085":" ","1086":" ","1087":" ","1088":" ","1089":" ","1090":" ","1091":" ","1092":" ","1093":" ","1094":" ","1095":"c","1096":"l","1097":"a","1098":"s","1099":"s","1100":"=","1101":"\\","1102":"\"","1103":"s","1104":"h","1105":"a","1106":"d","1107":"o","1108":"w","1109":"-","1110":"n","1111":"o","1112":"n","1113":"e","1114":" ","1115":"r","1116":"o","1117":"u","1118":"n","1119":"d","1120":"e","1121":"d","1122":"-","1123":"m","1124":"d","1125":" ","1126":" ","1127":"w","1128":"-","1129":"f","1130":"u","1131":"l","1132":"l","1133":" ","1134":"p","1135":"-","1136":"3","1137":" ","1138":"p","1139":"r","1140":"-","1141":"1","1142":"0","1143":" ","1144":"f","1145":"o","1146":"c","1147":"u","1148":"s","1149":":","1150":"o","1151":"u","1152":"t","1153":"l","1154":"i","1155":"n","1156":"e","1157":"-","1158":"n","1159":"o","1160":"n","1161":"e","1162":"\\","1163":"r","1164":"\\","1165":"n","1166":" ","1167":" ","1168":" ","1169":" ","1170":" ","1171":" ","1172":" ","1173":" ","1174":" ","1175":" ","1176":" ","1177":" ","1178":" ","1179":" ","1180":" ","1181":" ","1182":"b","1183":"g","1184":"-","1185":"g","1186":"r","1187":"a","1188":"y","1189":"-","1190":"8","1191":"0","1192":"0","1193":" ","1194":"t","1195":"e","1196":"x","1197":"t","1198":"-","1199":"g","1200":"r","1201":"a","1202":"y","1203":"-","1204":"4","1205":"0","1206":"0","1207":" ","1208":"p","1209":"l","1210":"a","1211":"c","1212":"e","1213":"h","1214":"o","1215":"l","1216":"d","1217":"e","1218":"r","1219":":","1220":"t","1221":"e","1222":"x","1223":"t","1224":"-","1225":"g","1226":"r","1227":"a","1228":"y","1229":"-","1230":"4","1231":"0","1232":"0","1233":" ","1234":"p","1235":"l","1236":"a","1237":"c","1238":"e","1239":"h","1240":"o","1241":"l","1242":"d","1243":"e","1244":"r","1245":":","1246":"o","1247":"p","1248":"a","1249":"c","1250":"i","1251":"t","1252":"y","1253":"-","1254":"5","1255":"0","1256":" ","1257":"r","1258":"e","1259":"s","1260":"i","1261":"z","1262":"e","1263":"-","1264":"y","1265":" ","1266":"h","1267":"-","1268":"1","1269":"2","1270":" ","1271":"m","1272":"i","1273":"n","1274":"-","1275":"h","1276":"-","1277":"1","1278":"2","1279":" ","1280":"m","1281":"a","1282":"x","1283":"-","1284":"h","1285":"-","1286":"4","1287":"0","1288":"\\","1289":"\"","1290":"\\","1291":"r","1292":"\\","1293":"n","1294":" ","1295":" ","1296":" ","1297":" ","1298":" ","1299":" ","1300":" ","1301":" ","1302":" ","1303":" ","1304":" ","1305":" ","1306":" ","1307":" ","1308":" ","1309":" ","1310":"p","1311":"l","1312":"a","1313":"c","1314":"e","1315":"h","1316":"o","1317":"l","1318":"d","1319":"e","1320":"r","1321":"=","1322":"\\","1323":"\"","1324":"E","1325":"c","1326":"r","1327":"i","1328":"v","1329":"e","1330":"z","1331":" ","1332":"v","1333":"o","1334":"t","1335":"r","1336":"e","1337":" ","1338":"m","1339":"e","1340":"s","1341":"s","1342":"a","1343":"g","1344":"e","1345":".","1346":".","1347":".","1348":"\\","1349":"\"","1350":" ","1351":"v","1352":"-","1353":"m","1354":"o","1355":"d","1356":"e","1357":"l","1358":"=","1359":"\\","1360":"\"","1361":"m","1362":"e","1363":"s","1364":"s","1365":"a","1366":"g","1367":"e","1368":"\\","1369":"\"","1370":"\\","1371":"r","1372":"\\","1373":"n","1374":" ","1375":" ","1376":" ","1377":" ","1378":" ","1379":" ","1380":" ","1381":" ","1382":" ","1383":" ","1384":" ","1385":" ","1386":" ","1387":" ","1388":" ","1389":" ","1390":"a","1391":"r","1392":"i","1393":"a","1394":"-","1395":"l","1396":"a","1397":"b","1398":"e","1399":"l","1400":"=","1401":"\\","1402":"\"","1403":"R","1404":"e","1405":"c","1406":"i","1407":"p","1408":"i","1409":"e","1410":"n","1411":"t","1412":"'","1413":"s","1414":" ","1415":"u","1416":"s","1417":"e","1418":"r","1419":"n","1420":"a","1421":"m","1422":"e","1423":"\\","1424":"\"","1425":" ","1426":"a","1427":"r","1428":"i","1429":"a","1430":"-","1431":"d","1432":"e","1433":"s","1434":"c","1435":"r","1436":"i","1437":"b","1438":"e","1439":"d","1440":"b","1441":"y","1442":"=","1443":"\\","1444":"\"","1445":"b","1446":"u","1447":"t","1448":"t","1449":"o","1450":"n","1451":"-","1452":"a","1453":"d","1454":"d","1455":"o","1456":"n","1457":"2","1458":"\\","1459":"\"","1460":"/","1461":">","1462":"\\","1463":"r","1464":"\\","1465":"n","1466":" ","1467":" ","1468":" ","1469":" ","1470":" ","1471":" ","1472":" ","1473":" ","1474":" ","1475":" ","1476":" ","1477":" ","1478":"<","1479":"b","1480":"u","1481":"t","1482":"t","1483":"o","1484":"n","1485":" ","1486":"@","1487":"c","1488":"l","1489":"i","1490":"c","1491":"k","1492":"=","1493":"\\","1494":"\"","1495":"s","1496":"u","1497":"b","1498":"m","1499":"i","1500":"t","1501":"M","1502":"e","1503":"s","1504":"s","1505":"a","1506":"g","1507":"e","1508":"\\","1509":"\"","1510":" ","1511":"c","1512":"l","1513":"a","1514":"s","1515":"s","1516":"=","1517":"\\","1518":"\"","1519":"a","1520":"b","1521":"s","1522":"o","1523":"l","1524":"u","1525":"t","1526":"e","1527":" ","1528":"m","1529":"t","1530":"-","1531":"3","1532":" ","1533":"r","1534":"i","1535":"g","1536":"h","1537":"t","1538":"-","1539":"0","1540":" ","1541":"m","1542":"r","1543":"-","1544":"5","1545":" ","1546":"t","1547":"e","1548":"x","1549":"t","1550":"-","1551":"r","1552":"o","1553":"u","1554":"n","1555":"d","1556":"e","1557":"d","1558":"-","1559":"m","1560":"d","1561":" ","1562":"t","1563":"e","1564":"x","1565":"t","1566":"-","1567":"g","1568":"r","1569":"a","1570":"y","1571":"-","1572":"4","1573":"0","1574":"0","1575":" ","1576":"h","1577":"o","1578":"v","1579":"e","1580":"r","1581":":","1582":"t","1583":"e","1584":"x","1585":"t","1586":"-","1587":"g","1588":"r","1589":"a","1590":"y","1591":"-","1592":"5","1593":"0","1594":"0","1595":" ","1596":"d","1597":"u","1598":"r","1599":"a","1600":"t","1601":"i","1602":"o","1603":"n","1604":"-","1605":"2","1606":"0","1607":"0","1608":"\\","1609":"\"","1610":" ","1611":"t","1612":"y","1613":"p","1614":"e","1615":"=","1616":"\\","1617":"\"","1618":"b","1619":"u","1620":"t","1621":"t","1622":"o","1623":"n","1624":"\\","1625":"\"","1626":">","1627":"\\","1628":"r","1629":"\\","1630":"n","1631":" ","1632":" ","1633":" ","1634":" ","1635":" ","1636":" ","1637":" ","1638":" ","1639":" ","1640":" ","1641":" ","1642":" ","1643":" ","1644":" ","1645":" ","1646":" ","1647":"<","1648":"f","1649":"o","1650":"n","1651":"t","1652":"-","1653":"a","1654":"w","1655":"e","1656":"s","1657":"o","1658":"m","1659":"e","1660":"-","1661":"i","1662":"c","1663":"o","1664":"n","1665":" ","1666":":","1667":"i","1668":"c","1669":"o","1670":"n","1671":"=","1672":"\\","1673":"\"","1674":"[","1675":"'","1676":"f","1677":"a","1678":"s","1679":"'","1680":",","1681":" ","1682":"'","1683":"p","1684":"a","1685":"p","1686":"e","1687":"r","1688":"-","1689":"p","1690":"l","1691":"a","1692":"n","1693":"e","1694":"'","1695":"]","1696":" ","1697":"\\","1698":"\"","1699":" ","1700":"/","1701":">","1702":"\\","1703":"r","1704":"\\","1705":"n","1706":" ","1707":" ","1708":" ","1709":" ","1710":" ","1711":" ","1712":" ","1713":" ","1714":" ","1715":" ","1716":" ","1717":" ","1718":"<","1719":"/","1720":"b","1721":"u","1722":"t","1723":"t","1724":"o","1725":"n","1726":">","1727":" ","1728":" ","1729":" ","1730":" ","1731":" ","1732":" ","1733":" ","1734":" ","1735":"\\","1736":"r","1737":"\\","1738":"n","1739":" ","1740":" ","1741":" ","1742":" ","1743":" ","1744":" ","1745":" ","1746":" ","1747":"<","1748":"/","1749":"f","1750":"o","1751":"r","1752":"m","1753":">","1754":"\\","1755":"r","1756":"\\","1757":"n","1758":" ","1759":" ","1760":" ","1761":" ","1762":"<","1763":"/","1764":"d","1765":"i","1766":"v","1767":">","1768":"\\","1769":"r","1770":"\\","1771":"n","1772":"<","1773":"/","1774":"t","1775":"e","1776":"m","1777":"p","1778":"l","1779":"a","1780":"t","1781":"e","1782":">","1783":"\\","1784":"r","1785":"\\","1786":"n","1787":"\\","1788":"r","1789":"\\","1790":"n","1791":"\\","1792":"r","1793":"\\","1794":"n","1795":"<","1796":"s","1797":"c","1798":"r","1799":"i","1800":"p","1801":"t","1802":" ","1803":"s","1804":"e","1805":"t","1806":"u","1807":"p","1808":">","1809":"\\","1810":"r","1811":"\\","1812":"n","1813":"i","1814":"m","1815":"p","1816":"o","1817":"r","1818":"t","1819":" ","1820":"{","1821":" ","1822":"r","1823":"e","1824":"f","1825":",","1826":"d","1827":"e","1828":"f","1829":"i","1830":"n","1831":"e","1832":"E","1833":"m","1834":"i","1835":"t","1836":"s","1837":" ","1838":"}","1839":" ","1840":"f","1841":"r","1842":"o","1843":"m","1844":" ","1845":"'","1846":"v","1847":"u","1848":"e","1849":"'","1850":";","1851":"\\","1852":"r","1853":"\\","1854":"n","1855":"i","1856":"m","1857":"p","1858":"o","1859":"r","1860":"t","1861":" ","1862":"{","1863":" ","1864":"u","1865":"s","1866":"e","1867":"R","1868":"o","1869":"u","1870":"t","1871":"e","1872":"r","1873":" ","1874":"}","1875":" ","1876":"f","1877":"r","1878":"o","1879":"m","1880":" ","1881":"'","1882":"v","1883":"u","1884":"e","1885":"-","1886":"r","1887":"o","1888":"u","1889":"t","1890":"e","1891":"r","1892":"'","1893":";","1894":"\\","1895":"r","1896":"\\","1897":"n","1898":"i","1899":"m","1900":"p","1901":"o","1902":"r","1903":"t","1904":" ","1905":"{","1906":" ","1907":"u","1908":"s","1909":"e","1910":"S","1911":"t","1912":"o","1913":"r","1914":"e","1915":" ","1916":"}","1917":" ","1918":"f","1919":"r","1920":"o","1921":"m","1922":" ","1923":"'","1924":"v","1925":"u","1926":"e","1927":"x","1928":"'","1929":";","1930":"\\","1931":"r","1932":"\\","1933":"n","1934":"\\","1935":"r","1936":"\\","1937":"n","1938":"c","1939":"o","1940":"n","1941":"s","1942":"t","1943":" ","1944":"s","1945":"t","1946":"o","1947":"r","1948":"e","1949":" ","1950":"=","1951":" ","1952":"u","1953":"s","1954":"e","1955":"S","1956":"t","1957":"o","1958":"r","1959":"e","1960":"(","1961":")","1962":";","1963":"\\","1964":"r","1965":"\\","1966":"n","1967":"c","1968":"o","1969":"n","1970":"s","1971":"t","1972":" ","1973":"r","1974":"o","1975":"u","1976":"t","1977":"e","1978":" ","1979":"=","1980":" ","1981":"u","1982":"s","1983":"e","1984":"R","1985":"o","1986":"u","1987":"t","1988":"e","1989":"r","1990":"(","1991":")","1992":";","1993":"\\","1994":"r","1995":"\\","1996":"n","1997":"c","1998":"o","1999":"n","2000":"s","2001":"t","2002":" ","2003":"m","2004":"e","2005":"s","2006":"s","2007":"a","2008":"g","2009":"e","2010":" ","2011":"=","2012":" ","2013":"r","2014":"e","2015":"f","2016":"(","2017":"'","2018":"'","2019":")","2020":";","2021":"\\","2022":"r","2023":"\\","2024":"n","2025":"\\","2026":"r","2027":"\\","2028":"n","2029":"c","2030":"o","2031":"n","2032":"s","2033":"t","2034":" ","2035":"e","2036":"m","2037":"i","2038":"t","2039":" ","2040":"=","2041":" ","2042":"d","2043":"e","2044":"f","2045":"i","2046":"n","2047":"e","2048":"E","2049":"m","2050":"i","2051":"t","2052":"s","2053":"(","2054":"[","2055":"'","2056":"s","2057":"e","2058":"n","2059":"d","2060":"-","2061":"m","2062":"e","2063":"s","2064":"s","2065":"a","2066":"g","2067":"e","2068":"'","2069":"]","2070":")","2071":";","2072":"\\","2073":"r","2074":"\\","2075":"n","2076":"f","2077":"u","2078":"n","2079":"c","2080":"t","2081":"i","2082":"o","2083":"n","2084":" ","2085":"s","2086":"u","2087":"b","2088":"m","2089":"i","2090":"t","2091":"M","2092":"e","2093":"s","2094":"s","2095":"a","2096":"g","2097":"e","2098":"(","2099":")","2100":" ","2101":"{","2102":"\\","2103":"r","2104":"\\","2105":"n","2106":" ","2107":" ","2108":" ","2109":" ","2110":"i","2111":"f","2112":"(","2113":"s","2114":"t","2115":"o","2116":"r","2117":"e","2118":".","2119":"g","2120":"e","2121":"t","2122":"t","2123":"e","2124":"r","2125":"s","2126":"[","2127":"'","2128":"a","2129":"u","2130":"t","2131":"h","2132":"/","2133":"g","2134":"e","2135":"t","2136":"U","2137":"s","2138":"e","2139":"r","2140":"'","2141":"]","2142":".","2143":"i","2144":"d","2145":")","2146":"{","2147":"\\","2148":"r","2149":"\\","2150":"n","2151":" ","2152":" ","2153":" ","2154":" ","2155":" ","2156":" ","2157":" ","2158":" ","2159":"c","2160":"o","2161":"n","2162":"s","2163":"t","2164":" ","2165":"i","2166":"d","2167":"U","2168":"s","2169":"e","2170":"r","2171":" ","2172":"=","2173":" ","2174":"s","2175":"t","2176":"o","2177":"r","2178":"e","2179":".","2180":"g","2181":"e","2182":"t","2183":"t","2184":"e","2185":"r","2186":"s","2187":"[","2188":"'","2189":"a","2190":"u","2191":"t","2192":"h","2193":"/","2194":"g","2195":"e","2196":"t","2197":"U","2198":"s","2199":"e","2200":"r","2201":"'","2202":"]","2203":".","2204":"i","2205":"d","2206":";","2207":"\\","2208":"r","2209":"\\","2210":"n","2211":" ","2212":" ","2213":" ","2214":" ","2215":" ","2216":" ","2217":" ","2218":" ","2219":"c","2220":"o","2221":"n","2222":"s","2223":"t","2224":" ","2225":"l","2226":"i","2227":"n","2228":"k","2229":"=","2230":"r","2231":"o","2232":"u","2233":"t","2234":"e","2235":".","2236":"c","2237":"u","2238":"r","2239":"r","2240":"e","2241":"n","2242":"t","2243":"R","2244":"o","2245":"u","2246":"t","2247":"e","2248":".","2249":"v","2250":"a","2251":"l","2252":"u","2253":"e","2254":";","2255":"\\","2256":"r","2257":"\\","2258":"n","2259":" ","2260":" ","2261":" ","2262":" ","2263":" ","2264":" ","2265":" ","2266":" ","2267":"c","2268":"o","2269":"n","2270":"s","2271":"t","2272":" ","2273":"i","2274":"d","2275":"C","2276":"h","2277":"a","2278":"n","2279":"n","2280":"e","2281":"l","2282":"=","2283":"l","2284":"i","2285":"n","2286":"k","2287":".","2288":"p","2289":"a","2290":"r","2291":"a","2292":"m","2293":"s","2294":".","2295":"i","2296":"d","2297":" ","2298":"|","2299":"|","2300":" ","2301":"1","2302":";","2303":"\\","2304":"r","2305":"\\","2306":"n","2307":" ","2308":" ","2309":" ","2310":" ","2311":" ","2312":" ","2313":" ","2314":" ","2315":"e","2316":"m","2317":"i","2318":"t","2319":"(","2320":"'","2321":"s","2322":"e","2323":"n","2324":"d","2325":"-","2326":"m","2327":"e","2328":"s","2329":"s","2330":"a","2331":"g","2332":"e","2333":"'","2334":",","2335":"i","2336":"d","2337":"U","2338":"s","2339":"e","2340":"r","2341":",","2342":"i","2343":"d","2344":"C","2345":"h","2346":"a","2347":"n","2348":"n","2349":"e","2350":"l","2351":",","2352":"m","2353":"e","2354":"s","2355":"s","2356":"a","2357":"g","2358":"e","2359":".","2360":"v","2361":"a","2362":"l","2363":"u","2364":"e","2365":")","2366":";","2367":"\\","2368":"r","2369":"\\","2370":"n","2371":" ","2372":" ","2373":" ","2374":" ","2375":" ","2376":" ","2377":" ","2378":" ","2379":"m","2380":"e","2381":"s","2382":"s","2383":"a","2384":"g","2385":"e","2386":".","2387":"v","2388":"a","2389":"l","2390":"u","2391":"e","2392":" ","2393":"=","2394":" ","2395":"'","2396":"'","2397":";","2398":"\\","2399":"r","2400":"\\","2401":"n","2402":" ","2403":" ","2404":" ","2405":" ","2406":"}","2407":"\\","2408":"r","2409":"\\","2410":"n","2411":"\\","2412":"r","2413":"\\","2414":"n","2415":"}","2416":"\\","2417":"r","2418":"\\","2419":"n","2420":"<","2421":"/","2422":"s","2423":"c","2424":"r","2425":"i","2426":"p","2427":"t","2428":">","2429":"\"","2430":"]","2431":"}"},"_coverageSchema":"1a1c01bbd47fc00a2c39e90264f33305004495a9","hash":"47244abd3890c05fa440cc3a17a11740abd08b5c"}
}
