{"C:\\Users\\etudiant\\Web_DiscordVueJS\\discordvuejs\\src\\common\\EventBus.js": {"path":"C:\\Users\\etudiant\\Web_DiscordVueJS\\discordvuejs\\src\\common\\EventBus.js","statementMap":{"0":{"start":{"line":1,"column":17},"end":{"line":11,"column":3}},"1":{"start":{"line":3,"column":6},"end":{"line":3,"column":66}},"2":{"start":{"line":3,"column":46},"end":{"line":3,"column":64}},"3":{"start":{"line":6,"column":6},"end":{"line":6,"column":71}},"4":{"start":{"line":9,"column":6},"end":{"line":9,"column":52}}},"fnMap":{"0":{"name":"(anonymous_0)","decl":{"start":{"line":2,"column":4},"end":{"line":2,"column":5}},"loc":{"start":{"line":2,"column":24},"end":{"line":4,"column":5}},"line":2},"1":{"name":"(anonymous_1)","decl":{"start":{"line":3,"column":39},"end":{"line":3,"column":40}},"loc":{"start":{"line":3,"column":46},"end":{"line":3,"column":64}},"line":3},"2":{"name":"(anonymous_2)","decl":{"start":{"line":5,"column":4},"end":{"line":5,"column":5}},"loc":{"start":{"line":5,"column":26},"end":{"line":7,"column":5}},"line":5},"3":{"name":"(anonymous_3)","decl":{"start":{"line":8,"column":4},"end":{"line":8,"column":5}},"loc":{"start":{"line":8,"column":28},"end":{"line":10,"column":5}},"line":8}},"branchMap":{},"s":{"0":1,"1":0,"2":0,"3":0,"4":0},"f":{"0":0,"1":0,"2":0,"3":0},"b":{},"_coverageSchema":"1a1c01bbd47fc00a2c39e90264f33305004495a9","hash":"f0723f1009a95aff0cac8855c7ce730f8c43b549"}
,"C:\\Users\\etudiant\\Web_DiscordVueJS\\discordvuejs\\src\\components\\auth\\LoginForm.vue": {"path":"C:\\Users\\etudiant\\Web_DiscordVueJS\\discordvuejs\\src\\components\\auth\\LoginForm.vue","statementMap":{"0":{"start":{"line":4,"column":0},"end":{"line":6,"column":3}},"1":{"start":{"line":7,"column":0},"end":{"line":7,"column":25}},"2":{"start":{"line":24,"column":53},"end":{"line":24,"column":111}},"3":{"start":{"line":24,"column":98},"end":{"line":24,"column":109}},"4":{"start":{"line":24,"column":112},"end":{"line":24,"column":214}},"5":{"start":{"line":24,"column":188},"end":{"line":24,"column":212}},"6":{"start":{"line":24,"column":227},"end":{"line":24,"column":264}},"7":{"start":{"line":24,"column":266},"end":{"line":24,"column":321}},"8":{"start":{"line":24,"column":297},"end":{"line":24,"column":319}},"9":{"start":{"line":24,"column":335},"end":{"line":24,"column":337}},"10":{"start":{"line":24,"column":367},"end":{"line":24,"column":423}},"11":{"start":{"line":24,"column":425},"end":{"line":24,"column":726}},"12":{"start":{"line":24,"column":448},"end":{"line":24,"column":724}},"13":{"start":{"line":24,"column":534},"end":{"line":24,"column":606}},"14":{"start":{"line":24,"column":608},"end":{"line":24,"column":722}},"15":{"start":{"line":24,"column":646},"end":{"line":24,"column":687}},"16":{"start":{"line":24,"column":697},"end":{"line":24,"column":720}},"17":{"start":{"line":24,"column":727},"end":{"line":24,"column":748}},"18":{"start":{"line":24,"column":749},"end":{"line":24,"column":787}},"19":{"start":{"line":24,"column":762},"end":{"line":24,"column":785}},"20":{"start":{"line":24,"column":788},"end":{"line":24,"column":802}},"21":{"start":{"line":25,"column":15},"end":{"line":178,"column":1}},"22":{"start":{"line":30,"column":4},"end":{"line":30,"column":15}},"23":{"start":{"line":33,"column":4},"end":{"line":37,"column":15}},"24":{"start":{"line":40,"column":4},"end":{"line":44,"column":16}},"25":{"start":{"line":52,"column":19},"end":{"line":55,"column":6}},"26":{"start":{"line":58,"column":4},"end":{"line":62,"column":12}},"27":{"start":{"line":65,"column":4},"end":{"line":69,"column":12}},"28":{"start":{"line":72,"column":4},"end":{"line":76,"column":12}},"29":{"start":{"line":79,"column":4},"end":{"line":83,"column":15}},"30":{"start":{"line":86,"column":4},"end":{"line":90,"column":19}},"31":{"start":{"line":93,"column":4},"end":{"line":97,"column":19}},"32":{"start":{"line":98,"column":24},"end":{"line":100,"column":5}},"33":{"start":{"line":99,"column":6},"end":{"line":99,"column":49}},"34":{"start":{"line":102,"column":6},"end":{"line":102,"column":27}},"35":{"start":{"line":103,"column":6},"end":{"line":109,"column":9}},"36":{"start":{"line":104,"column":8},"end":{"line":104,"column":30}},"37":{"start":{"line":105,"column":8},"end":{"line":105,"column":29}},"38":{"start":{"line":107,"column":8},"end":{"line":107,"column":30}},"39":{"start":{"line":108,"column":8},"end":{"line":108,"column":30}},"40":{"start":{"line":111,"column":25},"end":{"line":171,"column":5}},"41":{"start":{"line":129,"column":8},"end":{"line":134,"column":10}},"42":{"start":{"line":137,"column":8},"end":{"line":142,"column":10}},"43":{"start":{"line":145,"column":8},"end":{"line":150,"column":10}},"44":{"start":{"line":153,"column":8},"end":{"line":158,"column":10}},"45":{"start":{"line":161,"column":8},"end":{"line":166,"column":10}},"46":{"start":{"line":169,"column":8},"end":{"line":169,"column":19}},"47":{"start":{"line":172,"column":4},"end":{"line":175,"column":7}},"48":{"start":{"line":176,"column":4},"end":{"line":176,"column":24}},"49":{"start":{"line":183,"column":0},"end":{"line":185,"column":3}},"50":{"start":{"line":186,"column":0},"end":{"line":186,"column":24}},"51":{"start":{"line":187,"column":11},"end":{"line":187,"column":25}},"52":{"start":{"line":188,"column":19},"end":{"line":190,"column":1}},"53":{"start":{"line":191,"column":19},"end":{"line":194,"column":1}},"54":{"start":{"line":195,"column":32},"end":{"line":197,"column":45}},"55":{"start":{"line":198,"column":32},"end":{"line":200,"column":68}},"56":{"start":{"line":201,"column":19},"end":{"line":203,"column":1}},"57":{"start":{"line":204,"column":19},"end":{"line":206,"column":1}},"58":{"start":{"line":207,"column":19},"end":{"line":209,"column":1}},"59":{"start":{"line":210,"column":32},"end":{"line":213,"column":43}},"60":{"start":{"line":214,"column":19},"end":{"line":216,"column":1}},"61":{"start":{"line":217,"column":20},"end":{"line":219,"column":1}},"62":{"start":{"line":220,"column":33},"end":{"line":223,"column":38}},"63":{"start":{"line":224,"column":20},"end":{"line":224,"column":32}},"64":{"start":{"line":225,"column":20},"end":{"line":227,"column":1}},"65":{"start":{"line":228,"column":20},"end":{"line":230,"column":1}},"66":{"start":{"line":231,"column":20},"end":{"line":234,"column":1}},"67":{"start":{"line":235,"column":20},"end":{"line":237,"column":1}},"68":{"start":{"line":238,"column":20},"end":{"line":240,"column":1}},"69":{"start":{"line":242,"column":39},"end":{"line":242,"column":86}},"70":{"start":{"line":243,"column":32},"end":{"line":243,"column":72}},"71":{"start":{"line":244,"column":2},"end":{"line":293,"column":13}},"72":{"start":{"line":249,"column":37},"end":{"line":285,"column":292}},"73":{"start":{"line":251,"column":65},"end":{"line":251,"column":89}},"74":{"start":{"line":263,"column":65},"end":{"line":263,"column":89}},"75":{"start":{"line":291,"column":37},"end":{"line":291,"column":78}},"76":{"start":{"line":294,"column":2},"end":{"line":294,"column":49}}},"fnMap":{"0":{"name":"_interopRequireWildcard","decl":{"start":{"line":24,"column":9},"end":{"line":24,"column":32}},"loc":{"start":{"line":24,"column":51},"end":{"line":24,"column":804}},"line":24},"1":{"name":"(anonymous_1)","decl":{"start":{"line":27,"column":2},"end":{"line":27,"column":3}},"loc":{"start":{"line":29,"column":5},"end":{"line":177,"column":3}},"line":29},"2":{"name":"(anonymous_2)","decl":{"start":{"line":98,"column":24},"end":{"line":98,"column":25}},"loc":{"start":{"line":98,"column":30},"end":{"line":100,"column":5}},"line":98},"3":{"name":"handleLogin","decl":{"start":{"line":101,"column":13},"end":{"line":101,"column":24}},"loc":{"start":{"line":101,"column":31},"end":{"line":110,"column":5}},"line":101},"4":{"name":"(anonymous_4)","decl":{"start":{"line":103,"column":46},"end":{"line":103,"column":47}},"loc":{"start":{"line":103,"column":52},"end":{"line":106,"column":7}},"line":103},"5":{"name":"(anonymous_5)","decl":{"start":{"line":106,"column":15},"end":{"line":106,"column":16}},"loc":{"start":{"line":106,"column":24},"end":{"line":109,"column":7}},"line":106},"6":{"name":"(anonymous_6)","decl":{"start":{"line":128,"column":6},"end":{"line":128,"column":7}},"loc":{"start":{"line":128,"column":21},"end":{"line":135,"column":7}},"line":128},"7":{"name":"(anonymous_7)","decl":{"start":{"line":136,"column":6},"end":{"line":136,"column":7}},"loc":{"start":{"line":136,"column":22},"end":{"line":143,"column":7}},"line":136},"8":{"name":"(anonymous_8)","decl":{"start":{"line":144,"column":6},"end":{"line":144,"column":7}},"loc":{"start":{"line":144,"column":17},"end":{"line":151,"column":7}},"line":144},"9":{"name":"(anonymous_9)","decl":{"start":{"line":152,"column":6},"end":{"line":152,"column":7}},"loc":{"start":{"line":152,"column":18},"end":{"line":159,"column":7}},"line":152},"10":{"name":"(anonymous_10)","decl":{"start":{"line":160,"column":6},"end":{"line":160,"column":7}},"loc":{"start":{"line":160,"column":25},"end":{"line":167,"column":7}},"line":160},"11":{"name":"(anonymous_11)","decl":{"start":{"line":168,"column":6},"end":{"line":168,"column":7}},"loc":{"start":{"line":168,"column":16},"end":{"line":170,"column":7}},"line":168},"12":{"name":"render","decl":{"start":{"line":241,"column":9},"end":{"line":241,"column":15}},"loc":{"start":{"line":241,"column":63},"end":{"line":294,"column":1}},"line":241},"13":{"name":"(anonymous_13)","decl":{"start":{"line":249,"column":31},"end":{"line":249,"column":32}},"loc":{"start":{"line":249,"column":37},"end":{"line":285,"column":292}},"line":249},"14":{"name":"(anonymous_14)","decl":{"start":{"line":251,"column":55},"end":{"line":251,"column":56}},"loc":{"start":{"line":251,"column":65},"end":{"line":251,"column":89}},"line":251},"15":{"name":"(anonymous_15)","decl":{"start":{"line":263,"column":55},"end":{"line":263,"column":56}},"loc":{"start":{"line":263,"column":65},"end":{"line":263,"column":89}},"line":263},"16":{"name":"(anonymous_16)","decl":{"start":{"line":291,"column":31},"end":{"line":291,"column":32}},"loc":{"start":{"line":291,"column":37},"end":{"line":291,"column":78}},"line":291}},"branchMap":{"0":{"loc":{"start":{"line":24,"column":53},"end":{"line":24,"column":111}},"type":"if","locations":[{"start":{"line":24,"column":53},"end":{"line":24,"column":111}},{"start":{},"end":{}}],"line":24},"1":{"loc":{"start":{"line":24,"column":57},"end":{"line":24,"column":94}},"type":"binary-expr","locations":[{"start":{"line":24,"column":57},"end":{"line":24,"column":69}},{"start":{"line":24,"column":73},"end":{"line":24,"column":76}},{"start":{"line":24,"column":80},"end":{"line":24,"column":94}}],"line":24},"2":{"loc":{"start":{"line":24,"column":112},"end":{"line":24,"column":214}},"type":"if","locations":[{"start":{"line":24,"column":112},"end":{"line":24,"column":214}},{"start":{},"end":{}}],"line":24},"3":{"loc":{"start":{"line":24,"column":116},"end":{"line":24,"column":184}},"type":"binary-expr","locations":[{"start":{"line":24,"column":116},"end":{"line":24,"column":128}},{"start":{"line":24,"column":132},"end":{"line":24,"column":155}},{"start":{"line":24,"column":159},"end":{"line":24,"column":184}}],"line":24},"4":{"loc":{"start":{"line":24,"column":266},"end":{"line":24,"column":321}},"type":"if","locations":[{"start":{"line":24,"column":266},"end":{"line":24,"column":321}},{"start":{},"end":{}}],"line":24},"5":{"loc":{"start":{"line":24,"column":270},"end":{"line":24,"column":293}},"type":"binary-expr","locations":[{"start":{"line":24,"column":270},"end":{"line":24,"column":275}},{"start":{"line":24,"column":279},"end":{"line":24,"column":293}}],"line":24},"6":{"loc":{"start":{"line":24,"column":367},"end":{"line":24,"column":423}},"type":"binary-expr","locations":[{"start":{"line":24,"column":367},"end":{"line":24,"column":388}},{"start":{"line":24,"column":392},"end":{"line":24,"column":423}}],"line":24},"7":{"loc":{"start":{"line":24,"column":448},"end":{"line":24,"column":724}},"type":"if","locations":[{"start":{"line":24,"column":448},"end":{"line":24,"column":724}},{"start":{},"end":{}}],"line":24},"8":{"loc":{"start":{"line":24,"column":452},"end":{"line":24,"column":519}},"type":"binary-expr","locations":[{"start":{"line":24,"column":452},"end":{"line":24,"column":469}},{"start":{"line":24,"column":473},"end":{"line":24,"column":519}}],"line":24},"9":{"loc":{"start":{"line":24,"column":534},"end":{"line":24,"column":606}},"type":"cond-expr","locations":[{"start":{"line":24,"column":558},"end":{"line":24,"column":599}},{"start":{"line":24,"column":602},"end":{"line":24,"column":606}}],"line":24},"10":{"loc":{"start":{"line":24,"column":608},"end":{"line":24,"column":722}},"type":"if","locations":[{"start":{"line":24,"column":608},"end":{"line":24,"column":722}},{"start":{"line":24,"column":695},"end":{"line":24,"column":722}}],"line":24},"11":{"loc":{"start":{"line":24,"column":612},"end":{"line":24,"column":642}},"type":"binary-expr","locations":[{"start":{"line":24,"column":612},"end":{"line":24,"column":616}},{"start":{"line":24,"column":621},"end":{"line":24,"column":629}},{"start":{"line":24,"column":633},"end":{"line":24,"column":641}}],"line":24},"12":{"loc":{"start":{"line":24,"column":749},"end":{"line":24,"column":787}},"type":"if","locations":[{"start":{"line":24,"column":749},"end":{"line":24,"column":787}},{"start":{},"end":{}}],"line":24},"13":{"loc":{"start":{"line":99,"column":15},"end":{"line":99,"column":47}},"type":"binary-expr","locations":[{"start":{"line":99,"column":15},"end":{"line":99,"column":29}},{"start":{"line":99,"column":33},"end":{"line":99,"column":47}}],"line":99},"14":{"loc":{"start":{"line":251,"column":29},"end":{"line":251,"column":90}},"type":"binary-expr","locations":[{"start":{"line":251,"column":29},"end":{"line":251,"column":38}},{"start":{"line":251,"column":43},"end":{"line":251,"column":89}}],"line":251},"15":{"loc":{"start":{"line":263,"column":29},"end":{"line":263,"column":90}},"type":"binary-expr","locations":[{"start":{"line":263,"column":29},"end":{"line":263,"column":38}},{"start":{"line":263,"column":43},"end":{"line":263,"column":89}}],"line":263},"16":{"loc":{"start":{"line":279,"column":25},"end":{"line":279,"column":87}},"type":"cond-expr","locations":[{"start":{"line":279,"column":42},"end":{"line":279,"column":62}},{"start":{"line":279,"column":65},"end":{"line":279,"column":87}}],"line":279},"17":{"loc":{"start":{"line":282,"column":8},"end":{"line":282,"column":158}},"type":"cond-expr","locations":[{"start":{"line":282,"column":27},"end":{"line":282,"column":112}},{"start":{"line":282,"column":116},"end":{"line":282,"column":158}}],"line":282},"18":{"loc":{"start":{"line":282,"column":160},"end":{"line":285,"column":54}},"type":"cond-expr","locations":[{"start":{"line":282,"column":178},"end":{"line":285,"column":8}},{"start":{"line":285,"column":12},"end":{"line":285,"column":54}}],"line":282},"19":{"loc":{"start":{"line":285,"column":101},"end":{"line":285,"column":291}},"type":"cond-expr","locations":[{"start":{"line":285,"column":119},"end":{"line":285,"column":245}},{"start":{"line":285,"column":249},"end":{"line":285,"column":291}}],"line":285}},"s":{"0":1,"1":1,"2":1,"3":1,"4":0,"5":0,"6":0,"7":0,"8":0,"9":0,"10":0,"11":0,"12":0,"13":0,"14":0,"15":0,"16":0,"17":0,"18":0,"19":0,"20":0,"21":1,"22":0,"23":0,"24":0,"25":0,"26":0,"27":0,"28":0,"29":0,"30":0,"31":0,"32":0,"33":0,"34":0,"35":0,"36":0,"37":0,"38":0,"39":0,"40":0,"41":0,"42":0,"43":0,"44":0,"45":0,"46":0,"47":0,"48":0,"49":1,"50":1,"51":1,"52":1,"53":1,"54":1,"55":1,"56":1,"57":1,"58":1,"59":1,"60":1,"61":1,"62":1,"63":1,"64":1,"65":1,"66":1,"67":1,"68":1,"69":0,"70":0,"71":0,"72":0,"73":0,"74":0,"75":0,"76":1},"f":{"0":1,"1":0,"2":0,"3":0,"4":0,"5":0,"6":0,"7":0,"8":0,"9":0,"10":0,"11":0,"12":0,"13":0,"14":0,"15":0,"16":0},"b":{"0":[1,0],"1":[1,1,1],"2":[0,0],"3":[0,0,0],"4":[0,0],"5":[0,0],"6":[0,0],"7":[0,0],"8":[0,0],"9":[0,0],"10":[0,0],"11":[0,0,0],"12":[0,0],"13":[0,0],"14":[0,0],"15":[0,0],"16":[0,0],"17":[0,0],"18":[0,0],"19":[0,0]},"inputSourceMap":{"0":"{","1":"\"","2":"v","3":"e","4":"r","5":"s","6":"i","7":"o","8":"n","9":"\"","10":":","11":"3","12":",","13":"\"","14":"s","15":"o","16":"u","17":"r","18":"c","19":"e","20":"s","21":"\"","22":":","23":"[","24":"\"","25":"C","26":":","27":"/","28":"U","29":"s","30":"e","31":"r","32":"s","33":"/","34":"e","35":"t","36":"u","37":"d","38":"i","39":"a","40":"n","41":"t","42":"/","43":"W","44":"e","45":"b","46":"_","47":"D","48":"i","49":"s","50":"c","51":"o","52":"r","53":"d","54":"V","55":"u","56":"e","57":"J","58":"S","59":"/","60":"d","61":"i","62":"s","63":"c","64":"o","65":"r","66":"d","67":"v","68":"u","69":"e","70":"j","71":"s","72":"/","73":"s","74":"r","75":"c","76":"/","77":"c","78":"o","79":"m","80":"p","81":"o","82":"n","83":"e","84":"n","85":"t","86":"s","87":"/","88":"a","89":"u","90":"t","91":"h","92":"/","93":"L","94":"o","95":"g","96":"i","97":"n","98":"F","99":"o","100":"r","101":"m","102":".","103":"v","104":"u","105":"e","106":"\"","107":"]","108":",","109":"\"","110":"n","111":"a","112":"m","113":"e","114":"s","115":"\"","116":":","117":"[","118":"]","119":",","120":"\"","121":"m","122":"a","123":"p","124":"p","125":"i","126":"n","127":"g","128":"s","129":"\"","130":":","131":"\"","132":";","133":";","134":";","135":";","136":";","137":";","138":";","139":"A","140":"A","141":"k","142":"D","143":"A","144":";","145":"A","146":"A","147":"A","148":"A","149":";","150":"A","151":"A","152":"A","153":"A","154":";","155":"A","156":"A","157":"I","158":"E","159":";","160":"A","161":"A","162":"A","163":"A","164":";","165":"A","166":"A","167":"A","168":"A","169":";","170":"A","171":"A","172":"G","173":"A","174":";","175":"A","176":"A","177":"A","178":"A","179":";","180":"A","181":"A","182":"A","183":"A","184":";","185":"A","186":"A","187":"G","188":"A","189":";","190":"A","191":"A","192":"A","193":"A","194":";","195":"A","196":"A","197":"A","198":"A","199":";","200":"A","201":"A","202":"K","203":"A","204":";","205":"A","206":"A","207":"A","208":"A","209":";","210":"A","211":"A","212":"A","213":"A","214":";","215":"A","216":"A","217":"A","218":"2","219":"B","220":";","221":"A","222":"A","223":"A","224":"A","225":";","226":"A","227":"A","228":"A","229":"A","230":";","231":";","232":";","233":";","234":";","235":";","236":"I","237":"A","238":"E","239":"3","240":"B","241":",","242":"M","243":"A","244":"A","245":"M","246":",","247":"K","248":"A","249":"A","250":"K","251":";","252":"I","253":"A","254":"A","255":"G","256":";","257":"I","258":"A","259":"A","260":"A","261":";","262":"I","263":"A","264":"A","265":"A","266":";","267":"I","268":"A","269":"A","270":"A","271":";","272":"I","273":"A","274":"A","275":"A","276":";","277":"I","278":"A","279":"A","280":"A","281":",","282":"Q","283":"A","284":"A","285":"Q","286":",","287":"E","288":"A","289":"A","290":"C","291":",","292":"C","293":"A","294":"A","295":"C","296":";","297":"I","298":"A","299":"C","300":"x","301":"B","302":",","303":"M","304":"A","305":"A","306":"M","307":",","308":"M","309":"A","310":"A","311":"M","312":";","313":"I","314":"A","315":"A","316":"G","317":";","318":"I","319":"A","320":"A","321":"A","322":";","323":"I","324":"A","325":"A","326":"A","327":";","328":"I","329":"A","330":"A","331":"A","332":";","333":"I","334":"A","335":"A","336":"A","337":";","338":"I","339":"A","340":"A","341":"A","342":",","343":"S","344":"A","345":"A","346":"S","347":",","348":"E","349":"A","350":"A","351":"C","352":",","353":"C","354":"A","355":"A","356":"C","357":";","358":";","359":"I","360":"A","361":"E","362":"1","363":"B","364":";","365":"I","366":"A","367":"C","368":"A","369":";","370":"I","371":"A","372":"C","373":"A","374":";","375":"I","376":"A","377":"C","378":"A","379":";","380":"I","381":"A","382":"C","383":"A","384":";","385":";","386":"I","387":"A","388":"E","389":"A","390":",","391":"M","392":"A","393":"A","394":"M","395":",","396":"M","397":"A","398":"A","399":"M","400":",","401":"G","402":"A","403":"A","404":"G","405":",","406":"G","407":"A","408":"A","409":"G","410":",","411":"C","412":"A","413":"A","414":"C","415":",","416":"M","417":"A","418":"A","419":"M","420":",","421":"C","422":"A","423":"A","424":"C","425":",","426":"C","427":"A","428":"A","429":"C","430":",","431":"C","432":"A","433":"A","434":"C","435":",","436":"K","437":"A","438":"A","439":"K","440":",","441":"C","442":"A","443":"A","444":"C","445":";","446":"M","447":"A","448":"C","449":"h","450":"C","451":",","452":"Q","453":"A","454":"A","455":"Q","456":",","457":"E","458":"A","459":"A","460":"E","461":",","462":"G","463":"A","464":"A","465":"G","466":",","467":"C","468":"A","469":"A","470":"C","471":",","472":"M","473":"A","474":"A","475":"M","476":",","477":"C","478":"A","479":"A","480":"C","481":",","482":"C","483":"A","484":"A","485":"C","486":",","487":"C","488":"A","489":"A","490":"C","491":",","492":"Q","493":"A","494":"A","495":"Q","496":",","497":"C","498":"A","499":"A","500":"C","501":",","502":"k","503":"C","504":"A","505":"A","506":"k","507":"C","508":",","509":"C","510":"A","511":"A","512":"C","513":";","514":"M","515":"A","516":"C","517":"n","518":"E","519":",","520":"Q","521":"A","522":"A","523":"Q","524":",","525":"E","526":"A","527":"A","528":"E","529":",","530":"G","531":"A","532":"A","533":"G","534":",","535":"C","536":"A","537":"A","538":"C","539":",","540":"M","541":"A","542":"A","543":"M","544":",","545":"C","546":"A","547":"A","548":"C","549":",","550":"C","551":"A","552":"A","553":"C","554":",","555":"C","556":"A","557":"A","558":"C","559":",","560":"Q","561":"A","562":"A","563":"Q","564":",","565":"C","566":"A","567":"A","568":"C","569":",","570":"6","571":"B","572":"A","573":"A","574":"6","575":"B","576":";","577":"I","578":"A","579":"C","580":"/","581":"D","582":",","583":"C","584":"A","585":"A","586":"C","587":",","588":"C","589":"A","590":"A","591":"C","592":";","593":"I","594":"A","595":"E","596":"F","597":",","598":"M","599":"A","600":"A","601":"M","602":",","603":"Q","604":"A","605":"A","606":"Q","607":";","608":"I","609":"A","610":"A","611":"G","612":";","613":"I","614":"A","615":"A","616":"A","617":";","618":"I","619":"A","620":"A","621":"A","622":";","623":"I","624":"A","625":"A","626":"A","627":";","628":"I","629":"A","630":"A","631":"A","632":";","633":"I","634":"A","635":"A","636":"A","637":",","638":"G","639":"A","640":"A","641":"G","642":",","643":"E","644":"A","645":"A","646":"C","647":",","648":"E","649":"A","650":"A","651":"E","652":",","653":"C","654":"A","655":"A","656":"C","657":";","658":"I","659":"A","660":"C","661":"x","662":"B","663":",","664":"M","665":"A","666":"A","667":"M","668":",","669":"Q","670":"A","671":"A","672":"Q","673":";","674":"I","675":"A","676":"A","677":"G","678":";","679":"I","680":"A","681":"A","682":"A","683":";","684":"I","685":"A","686":"A","687":"A","688":";","689":"I","690":"A","691":"A","692":"A","693":";","694":"I","695":"A","696":"A","697":"A","698":";","699":"I","700":"A","701":"A","702":"A","703":",","704":"G","705":"A","706":"A","707":"G","708":",","709":"E","710":"A","711":"A","712":"C","713":",","714":"E","715":"A","716":"A","717":"E","718":",","719":"C","720":"A","721":"A","722":"C","723":";","724":"I","725":"A","726":"C","727":"x","728":"B","729":",","730":"M","731":"A","732":"A","733":"M","734":",","735":"O","736":"A","737":"A","738":"O","739":";","740":"I","741":"A","742":"A","743":"G","744":";","745":"I","746":"A","747":"A","748":"A","749":";","750":"I","751":"A","752":"A","753":"A","754":";","755":"I","756":"A","757":"A","758":"A","759":";","760":"I","761":"A","762":"A","763":"A","764":";","765":"I","766":"A","767":"A","768":"A","769":",","770":"G","771":"A","772":"A","773":"G","774":",","775":"E","776":"A","777":"A","778":"C","779":",","780":"E","781":"A","782":"A","783":"E","784":",","785":"C","786":"A","787":"A","788":"C","789":";","790":"I","791":"A","792":"C","793":"v","794":"B","795":",","796":"M","797":"A","798":"A","799":"M","800":",","801":"O","802":"A","803":"A","804":"O","805":";","806":"I","807":"A","808":"A","809":"G","810":";","811":"I","812":"A","813":"A","814":"A","815":";","816":"I","817":"A","818":"A","819":"A","820":";","821":"I","822":"A","823":"A","824":"A","825":";","826":"I","827":"A","828":"A","829":"A","830":";","831":"I","832":"A","833":"A","834":"A","835":",","836":"G","837":"A","838":"A","839":"G","840":",","841":"E","842":"A","843":"A","844":"C","845":",","846":"K","847":"A","848":"A","849":"K","850":",","851":"C","852":"A","853":"A","854":"C","855":";","856":"I","857":"A","858":"C","859":"1","860":"B","861":",","862":"M","863":"A","864":"A","865":"M","866":",","867":"e","868":"A","869":"A","870":"e","871":";","872":"I","873":"A","874":"A","875":"G","876":";","877":"I","878":"A","879":"A","880":"A","881":";","882":"I","883":"A","884":"A","885":"A","886":";","887":"I","888":"A","889":"A","890":"A","891":";","892":"I","893":"A","894":"A","895":"A","896":";","897":"I","898":"A","899":"A","900":"A","901":",","902":"G","903":"A","904":"A","905":"G","906":",","907":"E","908":"A","909":"A","910":"C","911":",","912":"S","913":"A","914":"A","915":"S","916":",","917":"C","918":"A","919":"A","920":"C","921":";","922":"I","923":"A","924":"C","925":"t","926":"C","927":",","928":"M","929":"A","930":"A","931":"M","932":",","933":"a","934":"A","935":"A","936":"a","937":";","938":"I","939":"A","940":"A","941":"G","942":";","943":"I","944":"A","945":"A","946":"A","947":";","948":"I","949":"A","950":"A","951":"A","952":";","953":"I","954":"A","955":"A","956":"A","957":";","958":"I","959":"A","960":"A","961":"A","962":";","963":"I","964":"A","965":"A","966":"A","967":",","968":"G","969":"A","970":"A","971":"G","972":",","973":"E","974":"A","975":"A","976":"C","977":",","978":"S","979":"A","980":"A","981":"S","982":",","983":"C","984":"A","985":"A","986":"C","987":";","988":"I","989":"A","990":"E","991":"p","992":"C","993":",","994":"M","995":"A","996":"A","997":"M","998":",","999":"W","1000":"A","1001":"A","1002":"W","1003":",","1004":"G","1005":"A","1006":"A","1007":"G","1008":",","1009":"M","1010":"A","1011":"A","1012":"M","1013":";","1014":"M","1015":"A","1016":"C","1017":"x","1018":"B","1019":",","1020":"O","1021":"A","1022":"A","1023":"O","1024":",","1025":"E","1026":"A","1027":"A","1028":"E","1029":",","1030":"Q","1031":"A","1032":"A","1033":"Q","1034":",","1035":"C","1036":"A","1037":"A","1038":"C","1039":",","1040":"K","1041":"A","1042":"A","1043":"K","1044":",","1045":"I","1046":"A","1047":"A","1048":"I","1049":",","1050":"Q","1051":"A","1052":"A","1053":"Q","1054":",","1055":"C","1056":"A","1057":"A","1058":"C","1059":",","1060":"K","1061":"A","1062":"A","1063":"K","1064":",","1065":"C","1066":"A","1067":"A","1068":"C","1069":";","1070":"I","1071":"A","1072":"C","1073":"5","1074":"C","1075":",","1076":"C","1077":"A","1078":"A","1079":"C","1080":";","1081":"I","1082":"A","1083":"E","1084":"D","1085":",","1086":"S","1087":"A","1088":"A","1089":"S","1090":",","1091":"W","1092":"A","1093":"A","1094":"W","1095":",","1096":"C","1097":"A","1098":"A","1099":"C","1100":",","1101":"I","1102":"A","1103":"A","1104":"I","1105":",","1106":"E","1107":"A","1108":"A","1109":"E","1110":";","1111":"M","1112":"A","1113":"C","1114":"3","1115":"B","1116":",","1117":"O","1118":"A","1119":"A","1120":"O","1121":",","1122":"C","1123":"A","1124":"A","1125":"C","1126":",","1127":"K","1128":"A","1129":"A","1130":"K","1131":",","1132":"G","1133":"A","1134":"A","1135":"G","1136":",","1137":"I","1138":"A","1139":"A","1140":"I","1141":";","1142":"M","1143":"A","1144":"C","1145":"p","1146":"B","1147":",","1148":"K","1149":"A","1150":"A","1151":"K","1152":",","1153":"C","1154":"A","1155":"A","1156":"C","1157":",","1158":"Q","1159":"A","1160":"A","1161":"Q","1162":",","1163":"C","1164":"A","1165":"A","1166":"C","1167":",","1168":"Y","1169":"A","1170":"A","1171":"Y","1172":",","1173":"E","1174":"A","1175":"A","1176":"E","1177":",","1178":"I","1179":"A","1180":"A","1181":"I","1182":",","1183":"C","1184":"A","1185":"A","1186":"C","1187":",","1188":"C","1189":"A","1190":"C","1191":"j","1192":"C","1193":",","1194":"I","1195":"A","1196":"A","1197":"I","1198":",","1199":"C","1200":"A","1201":"A","1202":"C","1203":",","1204":"M","1205":"A","1206":"A","1207":"M","1208":";","1209":"Q","1210":"A","1211":"C","1212":"V","1213":",","1214":"O","1215":"A","1216":"A","1217":"O","1218":",","1219":"C","1220":"A","1221":"A","1222":"C","1223":",","1224":"K","1225":"A","1226":"A","1227":"K","1228":",","1229":"G","1230":"A","1231":"A","1232":"G","1233":",","1234":"K","1235":"A","1236":"A","1237":"K","1238":";","1239":"Q","1240":"A","1241":"C","1242":"r","1243":"B","1244":",","1245":"M","1246":"A","1247":"A","1248":"M","1249":",","1250":"C","1251":"A","1252":"A","1253":"C","1254":",","1255":"I","1256":"A","1257":"A","1258":"I","1259":",","1260":"C","1261":"A","1262":"A","1263":"C","1264":",","1265":"O","1266":"A","1267":"A","1268":"O","1269":",","1270":"C","1271":"A","1272":"A","1273":"C","1274":";","1275":"M","1276":"A","1277":"C","1278":"t","1279":"B","1280":",","1281":"C","1282":"A","1283":"A","1284":"C","1285":",","1286":"C","1287":"A","1288":"A","1289":"C","1290":",","1291":"C","1292":"A","1293":"C","1294":"D","1295":",","1296":"K","1297":"A","1298":"A","1299":"K","1300":",","1301":"C","1302":"A","1303":"A","1304":"C","1305":",","1306":"K","1307":"A","1308":"A","1309":"K","1310":",","1311":"I","1312":"A","1313":"A","1314":"I","1315":";","1316":"Q","1317":"A","1318":"C","1319":"d","1320":",","1321":"O","1322":"A","1323":"A","1324":"O","1325":",","1326":"C","1327":"A","1328":"A","1329":"C","1330":",","1331":"K","1332":"A","1333":"A","1334":"K","1335":",","1336":"G","1337":"A","1338":"A","1339":"G","1340":",","1341":"K","1342":"A","1343":"A","1344":"K","1345":";","1346":"Q","1347":"A","1348":"C","1349":"r","1350":"B","1351":",","1352":"O","1353":"A","1354":"A","1355":"O","1356":",","1357":"C","1358":"A","1359":"A","1360":"C","1361":",","1362":"K","1363":"A","1364":"A","1365":"K","1366":",","1367":"G","1368":"A","1369":"A","1370":"G","1371":",","1372":"K","1373":"A","1374":"A","1375":"K","1376":";","1377":"M","1378":"A","1379":"C","1380":"v","1381":"B","1382":",","1383":"C","1384":"A","1385":"A","1386":"C","1387":",","1388":"C","1389":"A","1390":"A","1391":"C","1392":";","1393":"I","1394":"A","1395":"C","1396":"J","1397":"\"","1398":",","1399":"\"","1400":"f","1401":"i","1402":"l","1403":"e","1404":"\"","1405":":","1406":"\"","1407":"C","1408":":","1409":"\\","1410":"\\","1411":"U","1412":"s","1413":"e","1414":"r","1415":"s","1416":"\\","1417":"\\","1418":"e","1419":"t","1420":"u","1421":"d","1422":"i","1423":"a","1424":"n","1425":"t","1426":"\\","1427":"\\","1428":"W","1429":"e","1430":"b","1431":"_","1432":"D","1433":"i","1434":"s","1435":"c","1436":"o","1437":"r","1438":"d","1439":"V","1440":"u","1441":"e","1442":"J","1443":"S","1444":"\\","1445":"\\","1446":"d","1447":"i","1448":"s","1449":"c","1450":"o","1451":"r","1452":"d","1453":"v","1454":"u","1455":"e","1456":"j","1457":"s","1458":"\\","1459":"\\","1460":"s","1461":"r","1462":"c","1463":"\\","1464":"\\","1465":"c","1466":"o","1467":"m","1468":"p","1469":"o","1470":"n","1471":"e","1472":"n","1473":"t","1474":"s","1475":"\\","1476":"\\","1477":"a","1478":"u","1479":"t","1480":"h","1481":"\\","1482":"\\","1483":"L","1484":"o","1485":"g","1486":"i","1487":"n","1488":"F","1489":"o","1490":"r","1491":"m","1492":".","1493":"v","1494":"u","1495":"e","1496":"\"","1497":",","1498":"\"","1499":"s","1500":"o","1501":"u","1502":"r","1503":"c","1504":"e","1505":"s","1506":"C","1507":"o","1508":"n","1509":"t","1510":"e","1511":"n","1512":"t","1513":"\"","1514":":","1515":"[","1516":"\"","1517":"<","1518":"t","1519":"e","1520":"m","1521":"p","1522":"l","1523":"a","1524":"t","1525":"e","1526":">","1527":"\\","1528":"r","1529":"\\","1530":"n","1531":" ","1532":" ","1533":"<","1534":"m","1535":"a","1536":"i","1537":"n","1538":" ","1539":"c","1540":"l","1541":"a","1542":"s","1543":"s","1544":"=","1545":"\\","1546":"\"","1547":"f","1548":"l","1549":"e","1550":"x","1551":" ","1552":"j","1553":"u","1554":"s","1555":"t","1556":"i","1557":"f","1558":"y","1559":"-","1560":"c","1561":"e","1562":"n","1563":"t","1564":"e","1565":"r","1566":" ","1567":"i","1568":"t","1569":"e","1570":"m","1571":"s","1572":"-","1573":"c","1574":"e","1575":"n","1576":"t","1577":"e","1578":"r","1579":" ","1580":"t","1581":"e","1582":"x","1583":"t","1584":"-","1585":"l","1586":"e","1587":"f","1588":"t","1589":" ","1590":"b","1591":"g","1592":"-","1593":"c","1594":"o","1595":"v","1596":"e","1597":"r","1598":" ","1599":"b","1600":"g","1601":"-","1602":"c","1603":"e","1604":"n","1605":"t","1606":"e","1607":"r","1608":"\\","1609":"\"","1610":">","1611":"\\","1612":"r","1613":"\\","1614":"n","1615":" ","1616":" ","1617":" ","1618":" ","1619":"<","1620":"d","1621":"i","1622":"v","1623":" ","1624":"i","1625":"d","1626":"=","1627":"\\","1628":"\"","1629":"l","1630":"o","1631":"g","1632":"i","1633":"n","1634":"\\","1635":"\"","1636":" ","1637":"c","1638":"l","1639":"a","1640":"s","1641":"s","1642":"=","1643":"\\","1644":"\"","1645":"s","1646":"h","1647":"a","1648":"d","1649":"o","1650":"w","1651":"-","1652":"l","1653":"g","1654":" ","1655":"s","1656":"h","1657":"a","1658":"d","1659":"o","1660":"w","1661":"-","1662":"g","1663":"r","1664":"a","1665":"y","1666":"-","1667":"6","1668":"0","1669":"0","1670":" ","1671":"p","1672":"-","1673":"6","1674":" ","1675":"r","1676":"o","1677":"u","1678":"n","1679":"d","1680":"e","1681":"d","1682":"-","1683":"l","1684":"g","1685":" ","1686":" ","1687":"b","1688":"g","1689":"-","1690":"g","1691":"r","1692":"a","1693":"y","1694":"-","1695":"7","1696":"0","1697":"0","1698":" ","1699":"m","1700":"a","1701":"x","1702":"-","1703":"h","1704":"-","1705":"7","1706":"5","1707":" ","1708":"o","1709":"v","1710":"e","1711":"r","1712":"f","1713":"l","1714":"o","1715":"w","1716":"-","1717":"y","1718":"-","1719":"a","1720":"u","1721":"t","1722":"o","1723":"\\","1724":"\"","1725":">","1726":"\\","1727":"r","1728":"\\","1729":"n","1730":" ","1731":" ","1732":" ","1733":" ","1734":" ","1735":" ","1736":"<","1737":"h","1738":"1","1739":" ","1740":"c","1741":"l","1742":"a","1743":"s","1744":"s","1745":"=","1746":"\\","1747":"\"","1748":"m","1749":"b","1750":"-","1751":"2","1752":" ","1753":"t","1754":"e","1755":"x","1756":"t","1757":"-","1758":"w","1759":"h","1760":"i","1761":"t","1762":"e","1763":" ","1764":"t","1765":"e","1766":"x","1767":"t","1768":"-","1769":"c","1770":"e","1771":"n","1772":"t","1773":"e","1774":"r","1775":" ","1776":"t","1777":"e","1778":"x","1779":"t","1780":"-","1781":"3","1782":"x","1783":"l","1784":" ","1785":"f","1786":"o","1787":"n","1788":"t","1789":"-","1790":"s","1791":"e","1792":"m","1793":"i","1794":"b","1795":"o","1796":"l","1797":"d","1798":"\\","1799":"\"","1800":">","1801":"C","1802":"o","1803":"n","1804":"t","1805":"e","1806":"n","1807":"t","1808":" ","1809":"d","1810":"e","1811":" ","1812":"t","1813":"e","1814":" ","1815":"r","1816":"e","1817":"v","1818":"o","1819":"i","1820":"r","1821":"!","1822":"<","1823":"/","1824":"h","1825":"1","1826":">","1827":"\\","1828":"r","1829":"\\","1830":"n","1831":" ","1832":" ","1833":" ","1834":" ","1835":" ","1836":" ","1837":"<","1838":"h","1839":"2","1840":" ","1841":"c","1842":"l","1843":"a","1844":"s","1845":"s","1846":"=","1847":"\\","1848":"\"","1849":"t","1850":"e","1851":"x","1852":"t","1853":"-","1854":"c","1855":"e","1856":"n","1857":"t","1858":"e","1859":"r","1860":" ","1861":"t","1862":"e","1863":"x","1864":"t","1865":"-","1866":"x","1867":"l","1868":" ","1869":"f","1870":"o","1871":"n","1872":"t","1873":"-","1874":"s","1875":"e","1876":"m","1877":"i","1878":"b","1879":"o","1880":"l","1881":"d","1882":"\\","1883":"\"","1884":">","1885":"R","1886":"e","1887":"n","1888":"s","1889":"e","1890":"i","1891":"g","1892":"n","1893":"e","1894":" ","1895":"t","1896":"e","1897":"s","1898":" ","1899":"i","1900":"d","1901":"e","1902":"n","1903":"t","1904":"i","1905":"f","1906":"i","1907":"a","1908":"n","1909":"t","1910":"s","1911":" ","1912":"p","1913":"o","1914":"u","1915":"r","1916":" ","1917":"t","1918":"e","1919":" ","1920":"c","1921":"o","1922":"n","1923":"n","1924":"e","1925":"c","1926":"t","1927":"e","1928":"r","1929":"<","1930":"/","1931":"h","1932":"2","1933":">","1934":"\\","1935":"r","1936":"\\","1937":"n","1938":" ","1939":" ","1940":" ","1941":" ","1942":" ","1943":" ","1944":"<","1945":"d","1946":"i","1947":"v","1948":" ","1949":"c","1950":"l","1951":"a","1952":"s","1953":"s","1954":"=","1955":"\\","1956":"\"","1957":"m","1958":"t","1959":"-","1960":"4","1961":" ","1962":"t","1963":"e","1964":"x","1965":"t","1966":"-","1967":"s","1968":"t","1969":"a","1970":"r","1971":"t","1972":"\\","1973":"\"","1974":">","1975":"\\","1976":"r","1977":"\\","1978":"n","1979":" ","1980":" ","1981":" ","1982":" ","1983":" ","1984":" ","1985":" ","1986":" ","1987":"<","1988":"F","1989":"o","1990":"r","1991":"m","1992":" ","1993":"c","1994":"l","1995":"a","1996":"s","1997":"s","1998":"=","1999":"\\","2000":"\"","2001":"f","2002":"o","2003":"r","2004":"m","2005":"-","2006":"g","2007":"r","2008":"o","2009":"u","2010":"p","2011":"\\","2012":"\"","2013":" ","2014":"@","2015":"s","2016":"u","2017":"b","2018":"m","2019":"i","2020":"t","2021":"=","2022":"\\","2023":"\"","2024":"h","2025":"a","2026":"n","2027":"d","2028":"l","2029":"e","2030":"L","2031":"o","2032":"g","2033":"i","2034":"n","2035":"\\","2036":"\"","2037":" ","2038":":","2039":"v","2040":"a","2041":"l","2042":"i","2043":"d","2044":"a","2045":"t","2046":"i","2047":"o","2048":"n","2049":"-","2050":"s","2051":"c","2052":"h","2053":"e","2054":"m","2055":"a","2056":"=","2057":"\\","2058":"\"","2059":"s","2060":"c","2061":"h","2062":"e","2063":"m","2064":"a","2065":"\\","2066":"\"","2067":">","2068":"\\","2069":"r","2070":"\\","2071":"n","2072":" ","2073":" ","2074":" ","2075":" ","2076":" ","2077":" ","2078":" ","2079":" ","2080":" ","2081":" ","2082":"<","2083":"!","2084":"-","2085":"-","2086":" ","2087":"C","2088":"h","2089":"a","2090":"m","2091":"p","2092":" ","2093":"p","2094":"s","2095":"e","2096":"u","2097":"d","2098":"o","2099":" ","2100":"-","2101":"-","2102":">","2103":"\\","2104":"r","2105":"\\","2106":"n","2107":" ","2108":" ","2109":" ","2110":" ","2111":" ","2112":" ","2113":" ","2114":" ","2115":" ","2116":" ","2117":"<","2118":"d","2119":"i","2120":"v","2121":" ","2122":"c","2123":"l","2124":"a","2125":"s","2126":"s","2127":"=","2128":"\\","2129":"\"","2130":"g","2131":"r","2132":"i","2133":"d","2134":" ","2135":"g","2136":"r","2137":"i","2138":"d","2139":"-","2140":"c","2141":"o","2142":"l","2143":"s","2144":"-","2145":"1","2146":"2","2147":" ","2148":"m","2149":"b","2150":"-","2151":"3","2152":"\\","2153":"\"","2154":">","2155":"\\","2156":"r","2157":"\\","2158":"n","2159":" ","2160":" ","2161":" ","2162":" ","2163":" ","2164":" ","2165":" ","2166":" ","2167":" ","2168":" ","2169":" ","2170":" ","2171":"<","2172":"d","2173":"i","2174":"v","2175":" ","2176":"c","2177":"l","2178":"a","2179":"s","2180":"s","2181":"=","2182":"\\","2183":"\"","2184":"c","2185":"o","2186":"l","2187":"-","2188":"s","2189":"p","2190":"a","2191":"n","2192":"-","2193":"1","2194":"2","2195":"\\","2196":"\"","2197":">","2198":"\\","2199":"r","2200":"\\","2201":"n","2202":" ","2203":" ","2204":" ","2205":" ","2206":" ","2207":" ","2208":" ","2209":" ","2210":" ","2211":" ","2212":" ","2213":" ","2214":" ","2215":" ","2216":"<","2217":"l","2218":"a","2219":"b","2220":"e","2221":"l","2222":" ","2223":"f","2224":"o","2225":"r","2226":"=","2227":"\\","2228":"\"","2229":"u","2230":"s","2231":"e","2232":"r","2233":"n","2234":"a","2235":"m","2236":"e","2237":"\\","2238":"\"","2239":" ","2240":"c","2241":"l","2242":"a","2243":"s","2244":"s","2245":"=","2246":"\\","2247":"\"","2248":"m","2249":"b","2250":"-","2251":"2","2252":" ","2253":"t","2254":"e","2255":"x","2256":"t","2257":"-","2258":"w","2259":"h","2260":"i","2261":"t","2262":"e","2263":" ","2264":"f","2265":"o","2266":"n","2267":"t","2268":"-","2269":"s","2270":"e","2271":"m","2272":"i","2273":"b","2274":"o","2275":"l","2276":"d","2277":" ","2278":"t","2279":"e","2280":"x","2281":"t","2282":"-","2283":"b","2284":"a","2285":"s","2286":"e","2287":"\\","2288":"\"","2289":">","2290":"N","2291":"o","2292":"m","2293":" ","2294":"d","2295":"'","2296":"u","2297":"t","2298":"i","2299":"l","2300":"i","2301":"s","2302":"a","2303":"t","2304":"e","2305":"u","2306":"r","2307":" ","2308":"*","2309":"<","2310":"/","2311":"l","2312":"a","2313":"b","2314":"e","2315":"l","2316":">","2317":"\\","2318":"r","2319":"\\","2320":"n","2321":" ","2322":" ","2323":" ","2324":" ","2325":" ","2326":" ","2327":" ","2328":" ","2329":" ","2330":" ","2331":" ","2332":" ","2333":" ","2334":" ","2335":"<","2336":"F","2337":"i","2338":"e","2339":"l","2340":"d","2341":" ","2342":"v","2343":"-","2344":"m","2345":"o","2346":"d","2347":"e","2348":"l","2349":"=","2350":"\\","2351":"\"","2352":"u","2353":"s","2354":"e","2355":"r","2356":"n","2357":"a","2358":"m","2359":"e","2360":"\\","2361":"\"","2362":" ","2363":"r","2364":"e","2365":"f","2366":"=","2367":"\\","2368":"\"","2369":"u","2370":"s","2371":"e","2372":"r","2373":"n","2374":"a","2375":"m","2376":"e","2377":"I","2378":"n","2379":"p","2380":"u","2381":"t","2382":"\\","2383":"\"","2384":" ","2385":"t","2386":"y","2387":"p","2388":"e","2389":"=","2390":"\\","2391":"\"","2392":"u","2393":"s","2394":"e","2395":"r","2396":"n","2397":"a","2398":"m","2399":"e","2400":"\\","2401":"\"","2402":" ","2403":"i","2404":"d","2405":"=","2406":"\\","2407":"\"","2408":"u","2409":"s","2410":"e","2411":"r","2412":"n","2413":"a","2414":"m","2415":"e","2416":"\\","2417":"\"","2418":" ","2419":"n","2420":"a","2421":"m","2422":"e","2423":"=","2424":"\\","2425":"\"","2426":"u","2427":"s","2428":"e","2429":"r","2430":"n","2431":"a","2432":"m","2433":"e","2434":"\\","2435":"\"","2436":" ","2437":"r","2438":"e","2439":"q","2440":"u","2441":"i","2442":"r","2443":"e","2444":"d","2445":"\\","2446":"r","2447":"\\","2448":"n","2449":" ","2450":" ","2451":" ","2452":" ","2453":" ","2454":" ","2455":" ","2456":" ","2457":" ","2458":" ","2459":" ","2460":" ","2461":" ","2462":" ","2463":" ","2464":" ","2465":"c","2466":"l","2467":"a","2468":"s","2469":"s","2470":"=","2471":"\\","2472":"\"","2473":" ","2474":"t","2475":"e","2476":"x","2477":"t","2478":"-","2479":"w","2480":"h","2481":"i","2482":"t","2483":"e","2484":" ","2485":"b","2486":"g","2487":"-","2488":"c","2489":"o","2490":"l","2491":"o","2492":"r","2493":"s","2494":"-","2495":"g","2496":"r","2497":"a","2498":"y","2499":"-","2500":"f","2501":"o","2502":"r","2503":"m","2504":" ","2505":"b","2506":"o","2507":"r","2508":"d","2509":"e","2510":"r","2511":"-","2512":"n","2513":"o","2514":"n","2515":"e","2516":" ","2517":"w","2518":"-","2519":"f","2520":"u","2521":"l","2522":"l","2523":" ","2524":"p","2525":"x","2526":"-","2527":"4","2528":" ","2529":"p","2530":"y","2531":"-","2532":"2","2533":" ","2534":"r","2535":"o","2536":"u","2537":"n","2538":"d","2539":"e","2540":"d","2541":"-","2542":"m","2543":"d","2544":" ","2545":"b","2546":"o","2547":"r","2548":"d","2549":"e","2550":"r","2551":" ","2552":" ","2553":"f","2554":"o","2555":"c","2556":"u","2557":"s","2558":":","2559":"o","2560":"u","2561":"t","2562":"l","2563":"i","2564":"n","2565":"e","2566":"-","2567":"n","2568":"o","2569":"n","2570":"e","2571":"\\","2572":"\"","2573":"/","2574":">","2575":"\\","2576":"r","2577":"\\","2578":"n","2579":" ","2580":" ","2581":" ","2582":" ","2583":" ","2584":" ","2585":" ","2586":" ","2587":" ","2588":" ","2589":" ","2590":" ","2591":" ","2592":" ","2593":"<","2594":"E","2595":"r","2596":"r","2597":"o","2598":"r","2599":"M","2600":"e","2601":"s","2602":"s","2603":"a","2604":"g","2605":"e","2606":" ","2607":"n","2608":"a","2609":"m","2610":"e","2611":"=","2612":"\\","2613":"\"","2614":"u","2615":"s","2616":"e","2617":"r","2618":"n","2619":"a","2620":"m","2621":"e","2622":"\\","2623":"\"","2624":" ","2625":"c","2626":"l","2627":"a","2628":"s","2629":"s","2630":"=","2631":"\\","2632":"\"","2633":"t","2634":"e","2635":"x","2636":"t","2637":"-","2638":"r","2639":"e","2640":"d","2641":"-","2642":"7","2643":"0","2644":"0","2645":" ","2646":"f","2647":"o","2648":"n","2649":"t","2650":"-","2651":"b","2652":"o","2653":"l","2654":"d","2655":" ","2656":"\\","2657":"\"","2658":" ","2659":"/","2660":">","2661":"\\","2662":"r","2663":"\\","2664":"n","2665":" ","2666":" ","2667":" ","2668":" ","2669":" ","2670":" ","2671":" ","2672":" ","2673":" ","2674":" ","2675":" ","2676":" ","2677":"<","2678":"/","2679":"d","2680":"i","2681":"v","2682":">","2683":"\\","2684":"r","2685":"\\","2686":"n","2687":" ","2688":" ","2689":" ","2690":" ","2691":" ","2692":" ","2693":" ","2694":" ","2695":" ","2696":" ","2697":"<","2698":"/","2699":"d","2700":"i","2701":"v","2702":">","2703":"\\","2704":"r","2705":"\\","2706":"n","2707":"\\","2708":"r","2709":"\\","2710":"n","2711":" ","2712":" ","2713":" ","2714":" ","2715":" ","2716":" ","2717":" ","2718":" ","2719":" ","2720":" ","2721":"<","2722":"!","2723":"-","2724":"-","2725":" ","2726":"C","2727":"h","2728":"a","2729":"m","2730":"p","2731":" ","2732":"m","2733":"o","2734":"t","2735":" ","2736":"d","2737":"e","2738":" ","2739":"p","2740":"a","2741":"s","2742":"s","2743":"e","2744":" ","2745":"-","2746":"-","2747":">","2748":"\\","2749":"r","2750":"\\","2751":"n","2752":" ","2753":" ","2754":" ","2755":" ","2756":" ","2757":" ","2758":" ","2759":" ","2760":" ","2761":" ","2762":"<","2763":"d","2764":"i","2765":"v","2766":" ","2767":"c","2768":"l","2769":"a","2770":"s","2771":"s","2772":"=","2773":"\\","2774":"\"","2775":"g","2776":"r","2777":"i","2778":"d","2779":" ","2780":"g","2781":"r","2782":"i","2783":"d","2784":"-","2785":"c","2786":"o","2787":"l","2788":"s","2789":"-","2790":"1","2791":"2","2792":" ","2793":"m","2794":"b","2795":"-","2796":"3","2797":"\\","2798":"\"","2799":">","2800":"\\","2801":"r","2802":"\\","2803":"n","2804":" ","2805":" ","2806":" ","2807":" ","2808":" ","2809":" ","2810":" ","2811":" ","2812":" ","2813":" ","2814":" ","2815":" ","2816":"<","2817":"d","2818":"i","2819":"v","2820":" ","2821":"c","2822":"l","2823":"a","2824":"s","2825":"s","2826":"=","2827":"\\","2828":"\"","2829":"c","2830":"o","2831":"l","2832":"-","2833":"s","2834":"p","2835":"a","2836":"n","2837":"-","2838":"1","2839":"2","2840":"\\","2841":"\"","2842":">","2843":"\\","2844":"r","2845":"\\","2846":"n","2847":" ","2848":" ","2849":" ","2850":" ","2851":" ","2852":" ","2853":" ","2854":" ","2855":" ","2856":" ","2857":" ","2858":" ","2859":" ","2860":" ","2861":"<","2862":"l","2863":"a","2864":"b","2865":"e","2866":"l","2867":" ","2868":"f","2869":"o","2870":"r","2871":"=","2872":"\\","2873":"\"","2874":"p","2875":"a","2876":"s","2877":"s","2878":"w","2879":"o","2880":"r","2881":"d","2882":"\\","2883":"\"","2884":" ","2885":"c","2886":"l","2887":"a","2888":"s","2889":"s","2890":"=","2891":"\\","2892":"\"","2893":"t","2894":"e","2895":"x","2896":"t","2897":"-","2898":"w","2899":"h","2900":"i","2901":"t","2902":"e","2903":" ","2904":"f","2905":"o","2906":"n","2907":"t","2908":"-","2909":"s","2910":"e","2911":"m","2912":"i","2913":"b","2914":"o","2915":"l","2916":"d","2917":" ","2918":"t","2919":"e","2920":"x","2921":"t","2922":"-","2923":"b","2924":"a","2925":"s","2926":"e","2927":"\\","2928":"\"","2929":">","2930":"M","2931":"o","2932":"t","2933":" ","2934":"d","2935":"e","2936":" ","2937":"p","2938":"a","2939":"s","2940":"s","2941":"e","2942":" ","2943":"*","2944":"<","2945":"/","2946":"l","2947":"a","2948":"b","2949":"e","2950":"l","2951":">","2952":"\\","2953":"r","2954":"\\","2955":"n","2956":" ","2957":" ","2958":" ","2959":" ","2960":" ","2961":" ","2962":" ","2963":" ","2964":" ","2965":" ","2966":" ","2967":" ","2968":" ","2969":" ","2970":"<","2971":"F","2972":"i","2973":"e","2974":"l","2975":"d","2976":" ","2977":"v","2978":"-","2979":"m","2980":"o","2981":"d","2982":"e","2983":"l","2984":"=","2985":"\\","2986":"\"","2987":"p","2988":"a","2989":"s","2990":"s","2991":"w","2992":"o","2993":"r","2994":"d","2995":"\\","2996":"\"","2997":" ","2998":"r","2999":"e","3000":"f","3001":"=","3002":"\\","3003":"\"","3004":"p","3005":"a","3006":"s","3007":"s","3008":"w","3009":"o","3010":"r","3011":"d","3012":"I","3013":"n","3014":"p","3015":"u","3016":"t","3017":"\\","3018":"\"","3019":" ","3020":"t","3021":"y","3022":"p","3023":"e","3024":"=","3025":"\\","3026":"\"","3027":"p","3028":"a","3029":"s","3030":"s","3031":"w","3032":"o","3033":"r","3034":"d","3035":"\\","3036":"\"","3037":" ","3038":"i","3039":"d","3040":"=","3041":"\\","3042":"\"","3043":"p","3044":"a","3045":"s","3046":"s","3047":"w","3048":"o","3049":"r","3050":"d","3051":"\\","3052":"\"","3053":" ","3054":"n","3055":"a","3056":"m","3057":"e","3058":"=","3059":"\\","3060":"\"","3061":"p","3062":"a","3063":"s","3064":"s","3065":"w","3066":"o","3067":"r","3068":"d","3069":"\\","3070":"\"","3071":" ","3072":"r","3073":"e","3074":"q","3075":"u","3076":"i","3077":"r","3078":"e","3079":"d","3080":"\\","3081":"r","3082":"\\","3083":"n","3084":" ","3085":" ","3086":" ","3087":" ","3088":" ","3089":" ","3090":" ","3091":" ","3092":" ","3093":" ","3094":" ","3095":" ","3096":" ","3097":" ","3098":" ","3099":" ","3100":"c","3101":"l","3102":"a","3103":"s","3104":"s","3105":"=","3106":"\\","3107":"\"","3108":"t","3109":"e","3110":"x","3111":"t","3112":"-","3113":"w","3114":"h","3115":"i","3116":"t","3117":"e","3118":" ","3119":"b","3120":"g","3121":"-","3122":"c","3123":"o","3124":"l","3125":"o","3126":"r","3127":"s","3128":"-","3129":"g","3130":"r","3131":"a","3132":"y","3133":"-","3134":"f","3135":"o","3136":"r","3137":"m","3138":" ","3139":"w","3140":"-","3141":"f","3142":"u","3143":"l","3144":"l","3145":" ","3146":"p","3147":"x","3148":"-","3149":"4","3150":" ","3151":"p","3152":"y","3153":"-","3154":"2","3155":" ","3156":"r","3157":"o","3158":"u","3159":"n","3160":"d","3161":"e","3162":"d","3163":"-","3164":"m","3165":"d","3166":" ","3167":"b","3168":"o","3169":"r","3170":"d","3171":"e","3172":"r","3173":"-","3174":"n","3175":"o","3176":"n","3177":"e","3178":" ","3179":"f","3180":"o","3181":"c","3182":"u","3183":"s","3184":":","3185":"o","3186":"u","3187":"t","3188":"l","3189":"i","3190":"n","3191":"e","3192":"-","3193":"n","3194":"o","3195":"n","3196":"e","3197":"\\","3198":"\"","3199":"/","3200":">","3201":"\\","3202":"r","3203":"\\","3204":"n","3205":" ","3206":" ","3207":" ","3208":" ","3209":" ","3210":" ","3211":" ","3212":" ","3213":" ","3214":" ","3215":" ","3216":" ","3217":" ","3218":" ","3219":"<","3220":"E","3221":"r","3222":"r","3223":"o","3224":"r","3225":"M","3226":"e","3227":"s","3228":"s","3229":"a","3230":"g","3231":"e","3232":" ","3233":"n","3234":"a","3235":"m","3236":"e","3237":"=","3238":"\\","3239":"\"","3240":"p","3241":"a","3242":"s","3243":"s","3244":"w","3245":"o","3246":"r","3247":"d","3248":"\\","3249":"\"","3250":" ","3251":"c","3252":"l","3253":"a","3254":"s","3255":"s","3256":"=","3257":"\\","3258":"\"","3259":"t","3260":"e","3261":"x","3262":"t","3263":"-","3264":"r","3265":"e","3266":"d","3267":"-","3268":"7","3269":"0","3270":"0","3271":" ","3272":"f","3273":"o","3274":"n","3275":"t","3276":"-","3277":"b","3278":"o","3279":"l","3280":"d","3281":"\\","3282":"\"","3283":" ","3284":"/","3285":">","3286":"\\","3287":"r","3288":"\\","3289":"n","3290":" ","3291":" ","3292":" ","3293":" ","3294":" ","3295":" ","3296":" ","3297":" ","3298":" ","3299":" ","3300":" ","3301":" ","3302":"<","3303":"/","3304":"d","3305":"i","3306":"v","3307":">","3308":"\\","3309":"r","3310":"\\","3311":"n","3312":" ","3313":" ","3314":" ","3315":" ","3316":" ","3317":" ","3318":" ","3319":" ","3320":" ","3321":" ","3322":"<","3323":"/","3324":"d","3325":"i","3326":"v","3327":">","3328":"\\","3329":"r","3330":"\\","3331":"n","3332":" ","3333":" ","3334":" ","3335":" ","3336":" ","3337":" ","3338":" ","3339":" ","3340":" ","3341":" ","3342":"<","3343":"b","3344":"u","3345":"t","3346":"t","3347":"o","3348":"n","3349":" ","3350":":","3351":"c","3352":"l","3353":"a","3354":"s","3355":"s","3356":"=","3357":"\\","3358":"\"","3359":"{","3360":"\\","3361":"r","3362":"\\","3363":"n","3364":" ","3365":" ","3366":" ","3367":" ","3368":" ","3369":" ","3370":" ","3371":" ","3372":" ","3373":" ","3374":" ","3375":" ","3376":"'","3377":"b","3378":"g","3379":"-","3380":"g","3381":"r","3382":"e","3383":"e","3384":"n","3385":"-","3386":"5","3387":"0","3388":"0","3389":" ","3390":"c","3391":"u","3392":"r","3393":"s","3394":"o","3395":"r","3396":"-","3397":"w","3398":"a","3399":"i","3400":"t","3401":"'","3402":":","3403":" ","3404":"l","3405":"o","3406":"a","3407":"d","3408":"i","3409":"n","3410":"g","3411":"\\","3412":"r","3413":"\\","3414":"n","3415":" ","3416":" ","3417":" ","3418":" ","3419":" ","3420":" ","3421":" ","3422":" ","3423":" ","3424":" ","3425":"}","3426":"\\","3427":"\"","3428":" ","3429":":","3430":"d","3431":"i","3432":"s","3433":"a","3434":"b","3435":"l","3436":"e","3437":"d","3438":"=","3439":"\\","3440":"\"","3441":"i","3442":"s","3443":"F","3444":"o","3445":"r","3446":"m","3447":"E","3448":"m","3449":"p","3450":"t","3451":"y","3452":"(","3453":")","3454":"\\","3455":"\"","3456":"\\","3457":"r","3458":"\\","3459":"n","3460":" ","3461":" ","3462":" ","3463":" ","3464":" ","3465":" ","3466":" ","3467":" ","3468":" ","3469":" ","3470":" ","3471":" ","3472":":","3473":"s","3474":"t","3475":"y","3476":"l","3477":"e","3478":"=","3479":"\\","3480":"\"","3481":"{","3482":" ","3483":"b","3484":"a","3485":"c","3486":"k","3487":"g","3488":"r","3489":"o","3490":"u","3491":"n","3492":"d","3493":"C","3494":"o","3495":"l","3496":"o","3497":"r","3498":":","3499":" ","3500":"l","3501":"o","3502":"a","3503":"d","3504":"i","3505":"n","3506":"g","3507":" ","3508":"?","3509":" ","3510":"c","3511":"l","3512":"i","3513":"c","3514":"k","3515":"e","3516":"d","3517":"B","3518":"u","3519":"t","3520":"t","3521":"o","3522":"n","3523":" ","3524":":","3525":" ","3526":"b","3527":"a","3528":"c","3529":"k","3530":"g","3531":"r","3532":"o","3533":"u","3534":"n","3535":"d","3536":"C","3537":"o","3538":"l","3539":"o","3540":"r","3541":" ","3542":"}","3543":"\\","3544":"\"","3545":" ","3546":"t","3547":"y","3548":"p","3549":"e","3550":"=","3551":"\\","3552":"\"","3553":"s","3554":"u","3555":"b","3556":"m","3557":"i","3558":"t","3559":"\\","3560":"\"","3561":"\\","3562":"r","3563":"\\","3564":"n","3565":" ","3566":" ","3567":" ","3568":" ","3569":" ","3570":" ","3571":" ","3572":" ","3573":" ","3574":" ","3575":" ","3576":" ","3577":"c","3578":"l","3579":"a","3580":"s","3581":"s","3582":"=","3583":"\\","3584":"\"","3585":"m","3586":"t","3587":"-","3588":"5","3589":" ","3590":"b","3591":"l","3592":"o","3593":"c","3594":"k","3595":" ","3596":"w","3597":"-","3598":"f","3599":"u","3600":"l","3601":"l","3602":" ","3603":"p","3604":"x","3605":"-","3606":"4","3607":" ","3608":"p","3609":"y","3610":"-","3611":"2","3612":" ","3613":"r","3614":"o","3615":"u","3616":"n","3617":"d","3618":"e","3619":"d","3620":"-","3621":"m","3622":"d","3623":" ","3624":"f","3625":"o","3626":"n","3627":"t","3628":"-","3629":"b","3630":"o","3631":"l","3632":"d","3633":" ","3634":"t","3635":"e","3636":"x","3637":"t","3638":"-","3639":"w","3640":"h","3641":"i","3642":"t","3643":"e","3644":" ","3645":"c","3646":"u","3647":"r","3648":"s","3649":"o","3650":"r","3651":"-","3652":"p","3653":"o","3654":"i","3655":"n","3656":"t","3657":"e","3658":"r","3659":" ","3660":"d","3661":"i","3662":"s","3663":"a","3664":"b","3665":"l","3666":"e","3667":"d","3668":":","3669":"o","3670":"p","3671":"a","3672":"c","3673":"i","3674":"t","3675":"y","3676":"-","3677":"5","3678":"0","3679":" ","3680":"d","3681":"i","3682":"s","3683":"a","3684":"b","3685":"l","3686":"e","3687":"d","3688":":","3689":"c","3690":"u","3691":"r","3692":"s","3693":"o","3694":"r","3695":"-","3696":"n","3697":"o","3698":"t","3699":"-","3700":"a","3701":"l","3702":"l","3703":"o","3704":"w","3705":"e","3706":"d","3707":" ","3708":"b","3709":"g","3710":"-","3711":"b","3712":"l","3713":"u","3714":"e","3715":"-","3716":"5","3717":"0","3718":"0","3719":" ","3720":"h","3721":"o","3722":"v","3723":"e","3724":"r","3725":":","3726":"b","3727":"g","3728":"-","3729":"b","3730":"l","3731":"u","3732":"e","3733":"-","3734":"6","3735":"0","3736":"0","3737":" ","3738":"d","3739":"u","3740":"r","3741":"a","3742":"t","3743":"i","3744":"o","3745":"n","3746":"-","3747":"2","3748":"0","3749":"0","3750":"\\","3751":"\"","3752":">","3753":"\\","3754":"r","3755":"\\","3756":"n","3757":" ","3758":" ","3759":" ","3760":" ","3761":" ","3762":" ","3763":" ","3764":" ","3765":" ","3766":" ","3767":" ","3768":" ","3769":"<","3770":"s","3771":"p","3772":"a","3773":"n","3774":" ","3775":"v","3776":"-","3777":"i","3778":"f","3779":"=","3780":"\\","3781":"\"","3782":"!","3783":"l","3784":"o","3785":"a","3786":"d","3787":"i","3788":"n","3789":"g","3790":"\\","3791":"\"","3792":">","3793":"C","3794":"o","3795":"n","3796":"n","3797":"e","3798":"x","3799":"i","3800":"o","3801":"n","3802":"<","3803":"/","3804":"s","3805":"p","3806":"a","3807":"n","3808":">","3809":"\\","3810":"r","3811":"\\","3812":"n","3813":" ","3814":" ","3815":" ","3816":" ","3817":" ","3818":" ","3819":" ","3820":" ","3821":" ","3822":" ","3823":" ","3824":" ","3825":"<","3826":"s","3827":"p","3828":"a","3829":"n","3830":" ","3831":"v","3832":"-","3833":"i","3834":"f","3835":"=","3836":"\\","3837":"\"","3838":"l","3839":"o","3840":"a","3841":"d","3842":"i","3843":"n","3844":"g","3845":"\\","3846":"\"","3847":">","3848":"\\","3849":"r","3850":"\\","3851":"n","3852":" ","3853":" ","3854":" ","3855":" ","3856":" ","3857":" ","3858":" ","3859":" ","3860":" ","3861":" ","3862":" ","3863":" ","3864":" ","3865":" ","3866":"<","3867":"f","3868":"o","3869":"n","3870":"t","3871":"-","3872":"a","3873":"w","3874":"e","3875":"s","3876":"o","3877":"m","3878":"e","3879":"-","3880":"i","3881":"c","3882":"o","3883":"n","3884":" ","3885":":","3886":"i","3887":"c","3888":"o","3889":"n","3890":"=","3891":"\\","3892":"\"","3893":"[","3894":"'","3895":"f","3896":"a","3897":"s","3898":"'","3899":",","3900":" ","3901":"'","3902":"s","3903":"p","3904":"i","3905":"n","3906":"n","3907":"e","3908":"r","3909":"'","3910":"]","3911":"\\","3912":"\"","3913":" ","3914":"s","3915":"p","3916":"i","3917":"n","3918":" ","3919":"/","3920":">","3921":"\\","3922":"r","3923":"\\","3924":"n","3925":" ","3926":" ","3927":" ","3928":" ","3929":" ","3930":" ","3931":" ","3932":" ","3933":" ","3934":" ","3935":" ","3936":" ","3937":"<","3938":"/","3939":"s","3940":"p","3941":"a","3942":"n","3943":">","3944":"\\","3945":"r","3946":"\\","3947":"n","3948":" ","3949":" ","3950":" ","3951":" ","3952":" ","3953":" ","3954":" ","3955":" ","3956":" ","3957":" ","3958":"<","3959":"/","3960":"b","3961":"u","3962":"t","3963":"t","3964":"o","3965":"n","3966":">","3967":"\\","3968":"r","3969":"\\","3970":"n","3971":" ","3972":" ","3973":" ","3974":" ","3975":" ","3976":" ","3977":" ","3978":" ","3979":" ","3980":" ","3981":"<","3982":"p","3983":" ","3984":"v","3985":"-","3986":"i","3987":"f","3988":"=","3989":"\\","3990":"\"","3991":"m","3992":"e","3993":"s","3994":"s","3995":"a","3996":"g","3997":"e","3998":"\\","3999":"\"","4000":" ","4001":"c","4002":"l","4003":"a","4004":"s","4005":"s","4006":"=","4007":"\\","4008":"\"","4009":"t","4010":"e","4011":"x","4012":"t","4013":"-","4014":"r","4015":"e","4016":"d","4017":"-","4018":"7","4019":"0","4020":"0","4021":" ","4022":"f","4023":"o","4024":"n","4025":"t","4026":"-","4027":"b","4028":"o","4029":"l","4030":"d","4031":" ","4032":"t","4033":"e","4034":"x","4035":"t","4036":"-","4037":"b","4038":"o","4039":"l","4040":"d","4041":" ","4042":"c","4043":"o","4044":"l","4045":"-","4046":"s","4047":"p","4048":"a","4049":"n","4050":"-","4051":"1","4052":"2","4053":" ","4054":"t","4055":"e","4056":"x","4057":"t","4058":"-","4059":"c","4060":"e","4061":"n","4062":"t","4063":"e","4064":"r","4065":" ","4066":"m","4067":"t","4068":"-","4069":"3","4070":"\\","4071":"\"","4072":">","4073":"{","4074":"{","4075":" ","4076":"m","4077":"e","4078":"s","4079":"s","4080":"a","4081":"g","4082":"e","4083":" ","4084":"}","4085":"}","4086":"<","4087":"/","4088":"p","4089":">","4090":"\\","4091":"r","4092":"\\","4093":"n","4094":" ","4095":" ","4096":" ","4097":" ","4098":" ","4099":" ","4100":" ","4101":" ","4102":"<","4103":"/","4104":"F","4105":"o","4106":"r","4107":"m","4108":">","4109":"\\","4110":"r","4111":"\\","4112":"n","4113":" ","4114":" ","4115":" ","4116":" ","4117":" ","4118":" ","4119":"<","4120":"/","4121":"d","4122":"i","4123":"v","4124":">","4125":"\\","4126":"r","4127":"\\","4128":"n","4129":" ","4130":" ","4131":" ","4132":" ","4133":" ","4134":" ","4135":"<","4136":"d","4137":"i","4138":"v","4139":" ","4140":"c","4141":"l","4142":"a","4143":"s","4144":"s","4145":"=","4146":"\\","4147":"\"","4148":"t","4149":"e","4150":"x","4151":"t","4152":"-","4153":"c","4154":"a","4155":"p","4156":"i","4157":"t","4158":"a","4159":"l","4160":"i","4161":"z","4162":"e","4163":" ","4164":"m","4165":"t","4166":"-","4167":"3","4168":"\\","4169":"\"","4170":">","4171":"\\","4172":"r","4173":"\\","4174":"n","4175":" ","4176":" ","4177":" ","4178":" ","4179":" ","4180":" ","4181":" ","4182":" ","4183":"<","4184":"p","4185":" ","4186":"c","4187":"l","4188":"a","4189":"s","4190":"s","4191":"=","4192":"\\","4193":"\"","4194":"p","4195":"l","4196":"-","4197":"2","4198":" ","4199":"t","4200":"e","4201":"x","4202":"t","4203":"-","4204":"c","4205":"e","4206":"n","4207":"t","4208":"e","4209":"r","4210":" ","4211":"\\","4212":"\"","4213":">","4214":"\\","4215":"r","4216":"\\","4217":"n","4218":" ","4219":" ","4220":" ","4221":" ","4222":" ","4223":" ","4224":" ","4225":" ","4226":" ","4227":" ","4228":"B","4229":"e","4230":"s","4231":"o","4232":"i","4233":"n","4234":" ","4235":"d","4236":"'","4237":"u","4238":"n","4239":" ","4240":"c","4241":"o","4242":"m","4243":"p","4244":"t","4245":"e","4246":" ","4247":"?","4248":" ","4249":"<","4250":"R","4251":"o","4252":"u","4253":"t","4254":"e","4255":"r","4256":"L","4257":"i","4258":"n","4259":"k","4260":" ","4261":"t","4262":"o","4263":"=","4264":"\\","4265":"\"","4266":"/","4267":"r","4268":"e","4269":"g","4270":"i","4271":"s","4272":"t","4273":"e","4274":"r","4275":"\\","4276":"\"","4277":" ","4278":"c","4279":"l","4280":"a","4281":"s","4282":"s","4283":"=","4284":"'","4285":"t","4286":"e","4287":"x","4288":"t","4289":"-","4290":"b","4291":"l","4292":"u","4293":"e","4294":"-","4295":"5","4296":"0","4297":"0","4298":"'","4299":" ","4300":">","4301":"S","4302":"'","4303":"i","4304":"n","4305":"s","4306":"c","4307":"r","4308":"i","4309":"r","4310":"e","4311":"<","4312":"/","4313":"R","4314":"o","4315":"u","4316":"t","4317":"e","4318":"r","4319":"L","4320":"i","4321":"n","4322":"k","4323":">","4324":"\\","4325":"r","4326":"\\","4327":"n","4328":" ","4329":" ","4330":" ","4331":" ","4332":" ","4333":" ","4334":" ","4335":" ","4336":"<","4337":"/","4338":"p","4339":">","4340":"\\","4341":"r","4342":"\\","4343":"n","4344":" ","4345":" ","4346":" ","4347":" ","4348":" ","4349":" ","4350":"<","4351":"/","4352":"d","4353":"i","4354":"v","4355":">","4356":"\\","4357":"r","4358":"\\","4359":"n","4360":" ","4361":" ","4362":" ","4363":" ","4364":"<","4365":"/","4366":"d","4367":"i","4368":"v","4369":">","4370":"\\","4371":"r","4372":"\\","4373":"n","4374":" ","4375":" ","4376":"<","4377":"/","4378":"m","4379":"a","4380":"i","4381":"n","4382":">","4383":"\\","4384":"r","4385":"\\","4386":"n","4387":"<","4388":"/","4389":"t","4390":"e","4391":"m","4392":"p","4393":"l","4394":"a","4395":"t","4396":"e","4397":">","4398":"\\","4399":"r","4400":"\\","4401":"n","4402":"\\","4403":"r","4404":"\\","4405":"n","4406":"\\","4407":"r","4408":"\\","4409":"n","4410":"<","4411":"s","4412":"c","4413":"r","4414":"i","4415":"p","4416":"t","4417":" ","4418":"s","4419":"e","4420":"t","4421":"u","4422":"p","4423":">","4424":"\\","4425":"r","4426":"\\","4427":"n","4428":" ","4429":" ","4430":"i","4431":"m","4432":"p","4433":"o","4434":"r","4435":"t","4436":" ","4437":"{","4438":"\\","4439":"r","4440":"\\","4441":"n","4442":" ","4443":" ","4444":" ","4445":" ","4446":"/","4447":"/","4448":" ","4449":"o","4450":"n","4451":"M","4452":"o","4453":"u","4454":"n","4455":"t","4456":"e","4457":"d","4458":",","4459":"\\","4460":"r","4461":"\\","4462":"n","4463":" ","4464":" ","4465":" ","4466":" ","4467":"r","4468":"e","4469":"f","4470":"\\","4471":"r","4472":"\\","4473":"n","4474":" ","4475":" ","4476":"}","4477":" ","4478":"f","4479":"r","4480":"o","4481":"m","4482":" ","4483":"'","4484":"v","4485":"u","4486":"e","4487":"'","4488":";","4489":"\\","4490":"r","4491":"\\","4492":"n","4493":" ","4494":" ","4495":"i","4496":"m","4497":"p","4498":"o","4499":"r","4500":"t","4501":" ","4502":"{","4503":"\\","4504":"r","4505":"\\","4506":"n","4507":" ","4508":" ","4509":" ","4510":" ","4511":"u","4512":"s","4513":"e","4514":"S","4515":"t","4516":"o","4517":"r","4518":"e","4519":"\\","4520":"r","4521":"\\","4522":"n","4523":" ","4524":" ","4525":"}","4526":" ","4527":"f","4528":"r","4529":"o","4530":"m","4531":" ","4532":"'","4533":"v","4534":"u","4535":"e","4536":"x","4537":"'","4538":"\\","4539":"r","4540":"\\","4541":"n","4542":" ","4543":" ","4544":"i","4545":"m","4546":"p","4547":"o","4548":"r","4549":"t","4550":" ","4551":"{","4552":"\\","4553":"r","4554":"\\","4555":"n","4556":" ","4557":" ","4558":" ","4559":" ","4560":"u","4561":"s","4562":"e","4563":"R","4564":"o","4565":"u","4566":"t","4567":"e","4568":"r","4569":"\\","4570":"r","4571":"\\","4572":"n","4573":" ","4574":" ","4575":"}","4576":" ","4577":"f","4578":"r","4579":"o","4580":"m","4581":" ","4582":"'","4583":"v","4584":"u","4585":"e","4586":"-","4587":"r","4588":"o","4589":"u","4590":"t","4591":"e","4592":"r","4593":"'","4594":";","4595":"\\","4596":"r","4597":"\\","4598":"n","4599":" ","4600":" ","4601":"i","4602":"m","4603":"p","4604":"o","4605":"r","4606":"t","4607":" ","4608":"{","4609":"\\","4610":"r","4611":"\\","4612":"n","4613":" ","4614":" ","4615":" ","4616":" ","4617":"F","4618":"o","4619":"r","4620":"m","4621":",","4622":"\\","4623":"r","4624":"\\","4625":"n","4626":" ","4627":" ","4628":" ","4629":" ","4630":"F","4631":"i","4632":"e","4633":"l","4634":"d","4635":",","4636":"\\","4637":"r","4638":"\\","4639":"n","4640":" ","4641":" ","4642":" ","4643":" ","4644":"E","4645":"r","4646":"r","4647":"o","4648":"r","4649":"M","4650":"e","4651":"s","4652":"s","4653":"a","4654":"g","4655":"e","4656":"\\","4657":"r","4658":"\\","4659":"n","4660":" ","4661":" ","4662":"}","4663":" ","4664":"f","4665":"r","4666":"o","4667":"m","4668":" ","4669":"\\","4670":"\"","4671":"v","4672":"e","4673":"e","4674":"-","4675":"v","4676":"a","4677":"l","4678":"i","4679":"d","4680":"a","4681":"t","4682":"e","4683":"\\","4684":"\"","4685":";","4686":"\\","4687":"r","4688":"\\","4689":"n","4690":" ","4691":" ","4692":"i","4693":"m","4694":"p","4695":"o","4696":"r","4697":"t","4698":" ","4699":"*","4700":" ","4701":"a","4702":"s","4703":" ","4704":"y","4705":"u","4706":"p","4707":" ","4708":"f","4709":"r","4710":"o","4711":"m","4712":" ","4713":"\\","4714":"\"","4715":"y","4716":"u","4717":"p","4718":"\\","4719":"\"","4720":";","4721":"\\","4722":"r","4723":"\\","4724":"n","4725":"\\","4726":"r","4727":"\\","4728":"n","4729":" ","4730":" ","4731":"c","4732":"o","4733":"n","4734":"s","4735":"t","4736":" ","4737":"s","4738":"t","4739":"o","4740":"r","4741":"e","4742":" ","4743":"=","4744":" ","4745":"u","4746":"s","4747":"e","4748":"S","4749":"t","4750":"o","4751":"r","4752":"e","4753":"(","4754":")","4755":";","4756":"\\","4757":"r","4758":"\\","4759":"n","4760":" ","4761":" ","4762":"c","4763":"o","4764":"n","4765":"s","4766":"t","4767":" ","4768":"r","4769":"o","4770":"u","4771":"t","4772":"e","4773":"r","4774":" ","4775":"=","4776":" ","4777":"u","4778":"s","4779":"e","4780":"R","4781":"o","4782":"u","4783":"t","4784":"e","4785":"r","4786":"(","4787":")","4788":";","4789":"\\","4790":"r","4791":"\\","4792":"n","4793":"\\","4794":"r","4795":"\\","4796":"n","4797":" ","4798":" ","4799":"/","4800":"/","4801":" ","4802":"o","4803":"n","4804":"M","4805":"o","4806":"u","4807":"n","4808":"t","4809":"e","4810":"d","4811":"(","4812":"(","4813":")","4814":" ","4815":"=","4816":">","4817":" ","4818":"{","4819":"\\","4820":"r","4821":"\\","4822":"n","4823":" ","4824":" ","4825":"/","4826":"/","4827":" ","4828":" ","4829":" ","4830":"c","4831":"o","4832":"n","4833":"s","4834":"t","4835":" ","4836":"l","4837":"o","4838":"g","4839":"g","4840":"e","4841":"d","4842":"I","4843":"n","4844":"=","4845":"s","4846":"t","4847":"o","4848":"r","4849":"e","4850":".","4851":"s","4852":"t","4853":"a","4854":"t","4855":"e","4856":".","4857":"a","4858":"u","4859":"t","4860":"h","4861":".","4862":"s","4863":"t","4864":"a","4865":"t","4866":"u","4867":"s","4868":".","4869":"l","4870":"o","4871":"g","4872":"g","4873":"e","4874":"d","4875":"I","4876":"n","4877":";","4878":"\\","4879":"r","4880":"\\","4881":"n","4882":" ","4883":" ","4884":"/","4885":"/","4886":" ","4887":" ","4888":" ","4889":"i","4890":"f","4891":" ","4892":"(","4893":"l","4894":"o","4895":"g","4896":"g","4897":"e","4898":"d","4899":"I","4900":"n","4901":")","4902":" ","4903":"{","4904":"\\","4905":"r","4906":"\\","4907":"n","4908":" ","4909":" ","4910":"/","4911":"/","4912":" ","4913":" ","4914":" ","4915":" ","4916":" ","4917":"r","4918":"o","4919":"u","4920":"t","4921":"e","4922":"r","4923":".","4924":"p","4925":"u","4926":"s","4927":"h","4928":"(","4929":"'","4930":"/","4931":"m","4932":"a","4933":"i","4934":"n","4935":"'","4936":")","4937":";","4938":"\\","4939":"r","4940":"\\","4941":"n","4942":" ","4943":" ","4944":"/","4945":"/","4946":" ","4947":"}","4948":"}","4949":")","4950":";","4951":"\\","4952":"r","4953":"\\","4954":"n","4955":"\\","4956":"r","4957":"\\","4958":"n","4959":" ","4960":" ","4961":"c","4962":"o","4963":"n","4964":"s","4965":"t","4966":" ","4967":"s","4968":"c","4969":"h","4970":"e","4971":"m","4972":"a","4973":" ","4974":"=","4975":" ","4976":"y","4977":"u","4978":"p","4979":".","4980":"o","4981":"b","4982":"j","4983":"e","4984":"c","4985":"t","4986":"(","4987":")","4988":".","4989":"s","4990":"h","4991":"a","4992":"p","4993":"e","4994":"(","4995":"{","4996":"\\","4997":"r","4998":"\\","4999":"n","5000":" ","5001":" ","5002":" ","5003":" ","5004":"u","5005":"s","5006":"e","5007":"r","5008":"n","5009":"a","5010":"m","5011":"e","5012":":","5013":" ","5014":"y","5015":"u","5016":"p","5017":".","5018":"s","5019":"t","5020":"r","5021":"i","5022":"n","5023":"g","5024":"(","5025":")","5026":".","5027":"r","5028":"e","5029":"q","5030":"u","5031":"i","5032":"r","5033":"e","5034":"d","5035":"(","5036":"\\","5037":"\"","5038":"U","5039":"n","5040":" ","5041":"n","5042":"o","5043":"m","5044":" ","5045":"d","5046":"'","5047":"u","5048":"t","5049":"i","5050":"l","5051":"i","5052":"s","5053":"a","5054":"t","5055":"e","5056":"u","5057":"r","5058":" ","5059":"e","5060":"s","5061":"t","5062":" ","5063":"r","5064":"e","5065":"q","5066":"u","5067":"i","5068":"s","5069":"!","5070":"\\","5071":"\"","5072":")","5073":",","5074":"\\","5075":"r","5076":"\\","5077":"n","5078":" ","5079":" ","5080":" ","5081":" ","5082":"p","5083":"a","5084":"s","5085":"s","5086":"w","5087":"o","5088":"r","5089":"d","5090":":","5091":" ","5092":"y","5093":"u","5094":"p","5095":".","5096":"s","5097":"t","5098":"r","5099":"i","5100":"n","5101":"g","5102":"(","5103":")","5104":".","5105":"r","5106":"e","5107":"q","5108":"u","5109":"i","5110":"r","5111":"e","5112":"d","5113":"(","5114":"\\","5115":"\"","5116":"U","5117":"n","5118":" ","5119":"m","5120":"o","5121":"t","5122":" ","5123":"d","5124":"e","5125":" ","5126":"p","5127":"a","5128":"s","5129":"s","5130":"e","5131":" ","5132":"e","5133":"s","5134":"t","5135":" ","5136":"r","5137":"e","5138":"q","5139":"u","5140":"i","5141":"s","5142":"!","5143":"\\","5144":"\"","5145":")","5146":",","5147":"\\","5148":"r","5149":"\\","5150":"n","5151":" ","5152":" ","5153":"}","5154":")","5155":";","5156":"\\","5157":"r","5158":"\\","5159":"n","5160":"\\","5161":"r","5162":"\\","5163":"n","5164":" ","5165":" ","5166":"c","5167":"o","5168":"n","5169":"s","5170":"t","5171":" ","5172":"u","5173":"s","5174":"e","5175":"r","5176":"n","5177":"a","5178":"m","5179":"e","5180":" ","5181":"=","5182":" ","5183":"r","5184":"e","5185":"f","5186":"(","5187":"'","5188":"'","5189":")","5190":";","5191":"\\","5192":"r","5193":"\\","5194":"n","5195":" ","5196":" ","5197":"c","5198":"o","5199":"n","5200":"s","5201":"t","5202":" ","5203":"p","5204":"a","5205":"s","5206":"s","5207":"w","5208":"o","5209":"r","5210":"d","5211":" ","5212":"=","5213":" ","5214":"r","5215":"e","5216":"f","5217":"(","5218":"'","5219":"'","5220":")","5221":";","5222":"\\","5223":"r","5224":"\\","5225":"n","5226":" ","5227":" ","5228":"c","5229":"o","5230":"n","5231":"s","5232":"t","5233":" ","5234":"m","5235":"e","5236":"s","5237":"s","5238":"a","5239":"g","5240":"e","5241":" ","5242":"=","5243":" ","5244":"r","5245":"e","5246":"f","5247":"(","5248":"'","5249":"'","5250":")","5251":";","5252":"\\","5253":"r","5254":"\\","5255":"n","5256":" ","5257":" ","5258":"c","5259":"o","5260":"n","5261":"s","5262":"t","5263":" ","5264":"l","5265":"o","5266":"a","5267":"d","5268":"i","5269":"n","5270":"g","5271":" ","5272":"=","5273":" ","5274":"r","5275":"e","5276":"f","5277":"(","5278":"f","5279":"a","5280":"l","5281":"s","5282":"e","5283":")","5284":";","5285":"\\","5286":"r","5287":"\\","5288":"n","5289":" ","5290":" ","5291":"c","5292":"o","5293":"n","5294":"s","5295":"t","5296":" ","5297":"b","5298":"a","5299":"c","5300":"k","5301":"g","5302":"r","5303":"o","5304":"u","5305":"n","5306":"d","5307":"C","5308":"o","5309":"l","5310":"o","5311":"r","5312":" ","5313":"=","5314":" ","5315":"r","5316":"e","5317":"f","5318":"(","5319":"'","5320":"#","5321":"5","5322":"c","5323":"6","5324":"a","5325":"f","5326":"f","5327":"'","5328":")","5329":";","5330":"\\","5331":"r","5332":"\\","5333":"n","5334":" ","5335":" ","5336":"c","5337":"o","5338":"n","5339":"s","5340":"t","5341":" ","5342":"c","5343":"l","5344":"i","5345":"c","5346":"k","5347":"e","5348":"d","5349":"B","5350":"u","5351":"t","5352":"t","5353":"o","5354":"n","5355":" ","5356":"=","5357":" ","5358":"r","5359":"e","5360":"f","5361":"(","5362":"'","5363":"#","5364":"3","5365":"a","5366":"a","5367":"5","5368":"5","5369":"c","5370":"'","5371":")","5372":";","5373":"\\","5374":"r","5375":"\\","5376":"n","5377":"\\","5378":"r","5379":"\\","5380":"n","5381":" ","5382":" ","5383":"c","5384":"o","5385":"n","5386":"s","5387":"t","5388":" ","5389":"i","5390":"s","5391":"F","5392":"o","5393":"r","5394":"m","5395":"E","5396":"m","5397":"p","5398":"t","5399":"y","5400":" ","5401":"=","5402":" ","5403":"(","5404":")","5405":" ","5406":"=","5407":">","5408":" ","5409":"{","5410":"\\","5411":"r","5412":"\\","5413":"n","5414":" ","5415":" ","5416":" ","5417":" ","5418":"r","5419":"e","5420":"t","5421":"u","5422":"r","5423":"n","5424":" ","5425":"!","5426":"(","5427":"u","5428":"s","5429":"e","5430":"r","5431":"n","5432":"a","5433":"m","5434":"e","5435":".","5436":"v","5437":"a","5438":"l","5439":"u","5440":"e","5441":" ","5442":"&","5443":"&","5444":" ","5445":"p","5446":"a","5447":"s","5448":"s","5449":"w","5450":"o","5451":"r","5452":"d","5453":".","5454":"v","5455":"a","5456":"l","5457":"u","5458":"e","5459":")","5460":";","5461":"\\","5462":"r","5463":"\\","5464":"n","5465":" ","5466":" ","5467":"}","5468":";","5469":"\\","5470":"r","5471":"\\","5472":"n","5473":"\\","5474":"r","5475":"\\","5476":"n","5477":" ","5478":" ","5479":"f","5480":"u","5481":"n","5482":"c","5483":"t","5484":"i","5485":"o","5486":"n","5487":" ","5488":"h","5489":"a","5490":"n","5491":"d","5492":"l","5493":"e","5494":"L","5495":"o","5496":"g","5497":"i","5498":"n","5499":"(","5500":"u","5501":"s","5502":"e","5503":"r","5504":")","5505":" ","5506":"{","5507":"\\","5508":"r","5509":"\\","5510":"n","5511":" ","5512":" ","5513":"l","5514":"o","5515":"a","5516":"d","5517":"i","5518":"n","5519":"g","5520":".","5521":"v","5522":"a","5523":"l","5524":"u","5525":"e","5526":" ","5527":"=","5528":" ","5529":"t","5530":"r","5531":"u","5532":"e","5533":";","5534":"\\","5535":"r","5536":"\\","5537":"n","5538":" ","5539":" ","5540":"s","5541":"t","5542":"o","5543":"r","5544":"e","5545":".","5546":"d","5547":"i","5548":"s","5549":"p","5550":"a","5551":"t","5552":"c","5553":"h","5554":"(","5555":"\\","5556":"\"","5557":"a","5558":"u","5559":"t","5560":"h","5561":"/","5562":"l","5563":"o","5564":"g","5565":"i","5566":"n","5567":"\\","5568":"\"","5569":",","5570":" ","5571":"u","5572":"s","5573":"e","5574":"r","5575":")","5576":"\\","5577":"r","5578":"\\","5579":"n","5580":" ","5581":" ","5582":".","5583":"t","5584":"h","5585":"e","5586":"n","5587":"(","5588":"(","5589":")","5590":" ","5591":"=","5592":">","5593":" ","5594":"{","5595":"\\","5596":"r","5597":"\\","5598":"n","5599":" ","5600":" ","5601":" ","5602":" ","5603":"l","5604":"o","5605":"a","5606":"d","5607":"i","5608":"n","5609":"g","5610":".","5611":"v","5612":"a","5613":"l","5614":"u","5615":"e","5616":" ","5617":"=","5618":" ","5619":"f","5620":"a","5621":"l","5622":"s","5623":"e","5624":";","5625":"\\","5626":"r","5627":"\\","5628":"n","5629":" ","5630":" ","5631":" ","5632":" ","5633":"r","5634":"o","5635":"u","5636":"t","5637":"e","5638":"r","5639":".","5640":"p","5641":"u","5642":"s","5643":"h","5644":"(","5645":"\\","5646":"\"","5647":"/","5648":"m","5649":"a","5650":"i","5651":"n","5652":"\\","5653":"\"","5654":")","5655":";","5656":"\\","5657":"r","5658":"\\","5659":"n","5660":" ","5661":" ","5662":"}","5663":")","5664":"\\","5665":"r","5666":"\\","5667":"n","5668":" ","5669":" ","5670":".","5671":"c","5672":"a","5673":"t","5674":"c","5675":"h","5676":"(","5677":"e","5678":"r","5679":"r","5680":"o","5681":"r","5682":" ","5683":"=","5684":">","5685":" ","5686":"{","5687":"\\","5688":"r","5689":"\\","5690":"n","5691":" ","5692":" ","5693":" ","5694":" ","5695":"l","5696":"o","5697":"a","5698":"d","5699":"i","5700":"n","5701":"g","5702":".","5703":"v","5704":"a","5705":"l","5706":"u","5707":"e","5708":" ","5709":"=","5710":" ","5711":"f","5712":"a","5713":"l","5714":"s","5715":"e","5716":";","5717":"\\","5718":"r","5719":"\\","5720":"n","5721":" ","5722":" ","5723":" ","5724":" ","5725":"m","5726":"e","5727":"s","5728":"s","5729":"a","5730":"g","5731":"e","5732":".","5733":"v","5734":"a","5735":"l","5736":"u","5737":"e","5738":" ","5739":"=","5740":" ","5741":"e","5742":"r","5743":"r","5744":"o","5745":"r","5746":";","5747":"\\","5748":"r","5749":"\\","5750":"n","5751":" ","5752":" ","5753":"}","5754":")","5755":";","5756":"\\","5757":"r","5758":"\\","5759":"n","5760":"}","5761":"\\","5762":"r","5763":"\\","5764":"n","5765":"\\","5766":"r","5767":"\\","5768":"n","5769":"<","5770":"/","5771":"s","5772":"c","5773":"r","5774":"i","5775":"p","5776":"t","5777":">","5778":"\\","5779":"r","5780":"\\","5781":"n","5782":"\\","5783":"r","5784":"\\","5785":"n","5786":"<","5787":"s","5788":"t","5789":"y","5790":"l","5791":"e","5792":" ","5793":"s","5794":"c","5795":"o","5796":"p","5797":"e","5798":"d","5799":">","5800":"\\","5801":"r","5802":"\\","5803":"n","5804":" ","5805":" ","5806":"m","5807":"a","5808":"i","5809":"n","5810":" ","5811":"{","5812":"\\","5813":"r","5814":"\\","5815":"n","5816":" ","5817":" ","5818":" ","5819":" ","5820":"b","5821":"a","5822":"c","5823":"k","5824":"g","5825":"r","5826":"o","5827":"u","5828":"n","5829":"d","5830":"-","5831":"i","5832":"m","5833":"a","5834":"g","5835":"e","5836":":","5837":" ","5838":"u","5839":"r","5840":"l","5841":"(","5842":"\\","5843":"\"","5844":"@","5845":"/","5846":"a","5847":"s","5848":"s","5849":"e","5850":"t","5851":"s","5852":"/","5853":"i","5854":"m","5855":"g","5856":"/","5857":"l","5858":"o","5859":"g","5860":"i","5861":"n","5862":".","5863":"j","5864":"p","5865":"g","5866":"\\","5867":"\"","5868":")","5869":";","5870":"\\","5871
[...]
28":"\\","2429":"r","2430":"\\","2431":"n","2432":"i","2433":"m","2434":"p","2435":"o","2436":"r","2437":"t","2438":" ","2439":"P","2440":"r","2441":"o","2442":"f","2443":"i","2444":"l","2445":"e","2446":"B","2447":"a","2448":"n","2449":"n","2450":"e","2451":"r","2452":" ","2453":"f","2454":"r","2455":"o","2456":"m","2457":" ","2458":"'","2459":".","2460":".","2461":"/","2462":"c","2463":"o","2464":"m","2465":"p","2466":"o","2467":"n","2468":"e","2469":"n","2470":"t","2471":"s","2472":"/","2473":"m","2474":"a","2475":"i","2476":"n","2477":"/","2478":"P","2479":"r","2480":"o","2481":"f","2482":"i","2483":"l","2484":"e","2485":"/","2486":"P","2487":"r","2488":"o","2489":"f","2490":"i","2491":"l","2492":"e","2493":"B","2494":"a","2495":"n","2496":"n","2497":"e","2498":"r","2499":".","2500":"v","2501":"u","2502":"e","2503":"'","2504":";","2505":"\\","2506":"r","2507":"\\","2508":"n","2509":"i","2510":"m","2511":"p","2512":"o","2513":"r","2514":"t","2515":" ","2516":"P","2517":"r","2518":"o","2519":"f","2520":"i","2521":"l","2522":"e","2523":"S","2524":"e","2525":"t","2526":"t","2527":"i","2528":"n","2529":"g","2530":"s","2531":" ","2532":"f","2533":"r","2534":"o","2535":"m","2536":" ","2537":"'","2538":".","2539":".","2540":"/","2541":"c","2542":"o","2543":"m","2544":"p","2545":"o","2546":"n","2547":"e","2548":"n","2549":"t","2550":"s","2551":"/","2552":"m","2553":"a","2554":"i","2555":"n","2556":"/","2557":"P","2558":"r","2559":"o","2560":"f","2561":"i","2562":"l","2563":"e","2564":"/","2565":"P","2566":"r","2567":"o","2568":"f","2569":"i","2570":"l","2571":"e","2572":"S","2573":"e","2574":"t","2575":"t","2576":"i","2577":"n","2578":"g","2579":"s","2580":".","2581":"v","2582":"u","2583":"e","2584":"'","2585":";","2586":"\\","2587":"r","2588":"\\","2589":"n","2590":"i","2591":"m","2592":"p","2593":"o","2594":"r","2595":"t","2596":" ","2597":"S","2598":"i","2599":"d","2600":"e","2601":"B","2602":"a","2603":"r","2604":" ","2605":"f","2606":"r","2607":"o","2608":"m","2609":" ","2610":"'","2611":"@","2612":"/","2613":"c","2614":"o","2615":"m","2616":"p","2617":"o","2618":"n","2619":"e","2620":"n","2621":"t","2622":"s","2623":"/","2624":"m","2625":"a","2626":"i","2627":"n","2628":"/","2629":"S","2630":"i","2631":"d","2632":"e","2633":"B","2634":"a","2635":"r","2636":"/","2637":"S","2638":"i","2639":"d","2640":"e","2641":"B","2642":"a","2643":"r","2644":".","2645":"v","2646":"u","2647":"e","2648":"'","2649":";","2650":"\\","2651":"r","2652":"\\","2653":"n","2654":"i","2655":"m","2656":"p","2657":"o","2658":"r","2659":"t","2660":" ","2661":"{","2662":" ","2663":"o","2664":"n","2665":"B","2666":"e","2667":"f","2668":"o","2669":"r","2670":"e","2671":"U","2672":"n","2673":"m","2674":"o","2675":"u","2676":"n","2677":"t","2678":",","2679":" ","2680":"o","2681":"n","2682":"M","2683":"o","2684":"u","2685":"n","2686":"t","2687":"e","2688":"d","2689":",","2690":" ","2691":"r","2692":"e","2693":"f","2694":" ","2695":"}","2696":" ","2697":"f","2698":"r","2699":"o","2700":"m","2701":" ","2702":"'","2703":"v","2704":"u","2705":"e","2706":"'","2707":";","2708":"\\","2709":"r","2710":"\\","2711":"n","2712":"i","2713":"m","2714":"p","2715":"o","2716":"r","2717":"t","2718":" ","2719":"{","2720":" ","2721":"u","2722":"s","2723":"e","2724":"S","2725":"t","2726":"o","2727":"r","2728":"e","2729":" ","2730":"}","2731":" ","2732":"f","2733":"r","2734":"o","2735":"m","2736":" ","2737":"'","2738":"v","2739":"u","2740":"e","2741":"x","2742":"'","2743":";","2744":"\\","2745":"r","2746":"\\","2747":"n","2748":"i","2749":"m","2750":"p","2751":"o","2752":"r","2753":"t","2754":" ","2755":"{","2756":" ","2757":"u","2758":"s","2759":"e","2760":"R","2761":"o","2762":"u","2763":"t","2764":"e","2765":"r","2766":" ","2767":"}","2768":" ","2769":"f","2770":"r","2771":"o","2772":"m","2773":" ","2774":"'","2775":"v","2776":"u","2777":"e","2778":"-","2779":"r","2780":"o","2781":"u","2782":"t","2783":"e","2784":"r","2785":"'","2786":";","2787":"\\","2788":"r","2789":"\\","2790":"n","2791":"i","2792":"m","2793":"p","2794":"o","2795":"r","2796":"t","2797":" ","2798":"E","2799":"v","2800":"e","2801":"n","2802":"t","2803":"B","2804":"u","2805":"s","2806":" ","2807":"f","2808":"r","2809":"o","2810":"m","2811":" ","2812":"'","2813":"@","2814":"/","2815":"c","2816":"o","2817":"m","2818":"m","2819":"o","2820":"n","2821":"/","2822":"E","2823":"v","2824":"e","2825":"n","2826":"t","2827":"B","2828":"u","2829":"s","2830":"'","2831":";","2832":"\\","2833":"r","2834":"\\","2835":"n","2836":"\\","2837":"r","2838":"\\","2839":"n","2840":"c","2841":"o","2842":"n","2843":"s","2844":"t","2845":" ","2846":"s","2847":"h","2848":"o","2849":"w","2850":"M","2851":"o","2852":"d","2853":"a","2854":"l","2855":" ","2856":"=","2857":" ","2858":"r","2859":"e","2860":"f","2861":"(","2862":"f","2863":"a","2864":"l","2865":"s","2866":"e","2867":")","2868":";","2869":"\\","2870":"r","2871":"\\","2872":"n","2873":"c","2874":"o","2875":"n","2876":"s","2877":"t","2878":" ","2879":"i","2880":"n","2881":"f","2882":"o","2883":" ","2884":"=","2885":" ","2886":"r","2887":"e","2888":"f","2889":"(","2890":"\\","2891":"\"","2892":"\\","2893":"\"","2894":")","2895":";","2896":"\\","2897":"r","2898":"\\","2899":"n","2900":"c","2901":"o","2902":"n","2903":"s","2904":"t","2905":" ","2906":"s","2907":"t","2908":"o","2909":"r","2910":"e","2911":" ","2912":"=","2913":" ","2914":"u","2915":"s","2916":"e","2917":"S","2918":"t","2919":"o","2920":"r","2921":"e","2922":"(","2923":")","2924":"\\","2925":"r","2926":"\\","2927":"n","2928":"c","2929":"o","2930":"n","2931":"s","2932":"t","2933":" ","2934":"r","2935":"o","2936":"u","2937":"t","2938":"e","2939":"r","2940":" ","2941":"=","2942":" ","2943":"u","2944":"s","2945":"e","2946":"R","2947":"o","2948":"u","2949":"t","2950":"e","2951":"r","2952":"(","2953":")","2954":";","2955":"\\","2956":"r","2957":"\\","2958":"n","2959":"f","2960":"u","2961":"n","2962":"c","2963":"t","2964":"i","2965":"o","2966":"n","2967":" ","2968":"h","2969":"a","2970":"n","2971":"d","2972":"l","2973":"e","2974":"I","2975":"n","2976":"f","2977":"o","2978":"M","2979":"e","2980":"s","2981":"s","2982":"a","2983":"g","2984":"e","2985":"(","2986":"i","2987":"n","2988":"f","2989":"o","2990":"M","2991":"e","2992":"s","2993":"s","2994":"a","2995":"g","2996":"e","2997":")","2998":" ","2999":"{","3000":"\\","3001":"r","3002":"\\","3003":"n","3004":" ","3005":" ","3006":"i","3007":"n","3008":"f","3009":"o","3010":".","3011":"v","3012":"a","3013":"l","3014":"u","3015":"e","3016":" ","3017":"=","3018":" ","3019":"i","3020":"n","3021":"f","3022":"o","3023":"M","3024":"e","3025":"s","3026":"s","3027":"a","3028":"g","3029":"e","3030":";","3031":"\\","3032":"r","3033":"\\","3034":"n","3035":" ","3036":" ","3037":"s","3038":"e","3039":"t","3040":"T","3041":"i","3042":"m","3043":"e","3044":"o","3045":"u","3046":"t","3047":"(","3048":"(","3049":")","3050":" ","3051":"=","3052":">","3053":" ","3054":"{","3055":"\\","3056":"r","3057":"\\","3058":"n","3059":" ","3060":" ","3061":" ","3062":" ","3063":" ","3064":"i","3065":"n","3066":"f","3067":"o","3068":".","3069":"v","3070":"a","3071":"l","3072":"u","3073":"e","3074":" ","3075":"=","3076":" ","3077":"'","3078":"'","3079":";","3080":"\\","3081":"r","3082":"\\","3083":"n","3084":" ","3085":" ","3086":"}","3087":",","3088":" ","3089":"3","3090":"0","3091":"0","3092":"0","3093":")","3094":";","3095":"\\","3096":"r","3097":"\\","3098":"n","3099":"}","3100":"\\","3101":"r","3102":"\\","3103":"n","3104":"\\","3105":"r","3106":"\\","3107":"n","3108":"c","3109":"o","3110":"n","3111":"s","3112":"t","3113":" ","3114":"l","3115":"o","3116":"g","3117":"O","3118":"u","3119":"t","3120":" ","3121":"=","3122":" ","3123":"(","3124":")","3125":" ","3126":"=","3127":">","3128":" ","3129":"{","3130":"\\","3131":"r","3132":"\\","3133":"n","3134":" ","3135":" ","3136":"s","3137":"t","3138":"o","3139":"r","3140":"e","3141":".","3142":"d","3143":"i","3144":"s","3145":"p","3146":"a","3147":"t","3148":"c","3149":"h","3150":"(","3151":"'","3152":"a","3153":"u","3154":"t","3155":"h","3156":"/","3157":"l","3158":"o","3159":"g","3160":"o","3161":"u","3162":"t","3163":"'","3164":")","3165":";","3166":"\\","3167":"r","3168":"\\","3169":"n","3170":" ","3171":" ","3172":"r","3173":"o","3174":"u","3175":"t","3176":"e","3177":"r","3178":".","3179":"p","3180":"u","3181":"s","3182":"h","3183":"(","3184":"'","3185":"/","3186":"l","3187":"o","3188":"g","3189":"i","3190":"n","3191":"'","3192":")","3193":";","3194":"\\","3195":"r","3196":"\\","3197":"n","3198":"}","3199":";","3200":"\\","3201":"r","3202":"\\","3203":"n","3204":"\\","3205":"r","3206":"\\","3207":"n","3208":"o","3209":"n","3210":"M","3211":"o","3212":"u","3213":"n","3214":"t","3215":"e","3216":"d","3217":"(","3218":"(","3219":")","3220":" ","3221":"=","3222":">","3223":" ","3224":"{","3225":"\\","3226":"r","3227":"\\","3228":"n","3229":" ","3230":" ","3231":"E","3232":"v","3233":"e","3234":"n","3235":"t","3236":"B","3237":"u","3238":"s","3239":".","3240":"o","3241":"n","3242":"(","3243":"\\","3244":"\"","3245":"l","3246":"o","3247":"g","3248":"o","3249":"u","3250":"t","3251":"\\","3252":"\"","3253":",","3254":" ","3255":"(","3256":")","3257":" ","3258":"=","3259":">","3260":" ","3261":"{","3262":"\\","3263":"r","3264":"\\","3265":"n","3266":" ","3267":" ","3268":" ","3269":" ","3270":"l","3271":"o","3272":"g","3273":"O","3274":"u","3275":"t","3276":"(","3277":")","3278":";","3279":"\\","3280":"r","3281":"\\","3282":"n","3283":" ","3284":" ","3285":"}","3286":")","3287":";","3288":"\\","3289":"r","3290":"\\","3291":"n","3292":"}","3293":")","3294":";","3295":"\\","3296":"r","3297":"\\","3298":"n","3299":"\\","3300":"r","3301":"\\","3302":"n","3303":"o","3304":"n","3305":"B","3306":"e","3307":"f","3308":"o","3309":"r","3310":"e","3311":"U","3312":"n","3313":"m","3314":"o","3315":"u","3316":"n","3317":"t","3318":"(","3319":"(","3320":")","3321":" ","3322":"=","3323":">","3324":" ","3325":"{","3326":"\\","3327":"r","3328":"\\","3329":"n","3330":" ","3331":" ","3332":"E","3333":"v","3334":"e","3335":"n","3336":"t","3337":"B","3338":"u","3339":"s","3340":".","3341":"r","3342":"e","3343":"m","3344":"o","3345":"v","3346":"e","3347":"(","3348":"\\","3349":"\"","3350":"l","3351":"o","3352":"g","3353":"o","3354":"u","3355":"t","3356":"\\","3357":"\"","3358":")","3359":";","3360":"\\","3361":"r","3362":"\\","3363":"n","3364":"}","3365":")","3366":";","3367":"\\","3368":"r","3369":"\\","3370":"n","3371":"<","3372":"/","3373":"s","3374":"c","3375":"r","3376":"i","3377":"p","3378":"t","3379":">","3380":"\\","3381":"r","3382":"\\","3383":"n","3384":"\\","3385":"r","3386":"\\","3387":"n","3388":"<","3389":"s","3390":"t","3391":"y","3392":"l","3393":"e","3394":">","3395":"\\","3396":"r","3397":"\\","3398":"n","3399":"\\","3400":"r","3401":"\\","3402":"n","3403":"#","3404":"c","3405":"h","3406":"a","3407":"n","3408":"n","3409":"e","3410":"l","3411":"{","3412":"\\","3413":"r","3414":"\\","3415":"n","3416":" ","3417":" ","3418":" ","3419":" ","3420":"w","3421":"i","3422":"d","3423":"t","3424":"h","3425":":","3426":" ","3427":"2","3428":"5","3429":"0","3430":"p","3431":"x","3432":";","3433":"\\","3434":"r","3435":"\\","3436":"n","3437":"}","3438":"\\","3439":"r","3440":"\\","3441":"n","3442":"\\","3443":"r","3444":"\\","3445":"n","3446":"a","3447":"{","3448":"\\","3449":"r","3450":"\\","3451":"n","3452":" ","3453":" ","3454":" ","3455":" ","3456":"t","3457":"e","3458":"x","3459":"t","3460":"-","3461":"d","3462":"e","3463":"c","3464":"o","3465":"r","3466":"a","3467":"t","3468":"i","3469":"o","3470":"n","3471":":","3472":" ","3473":"n","3474":"o","3475":"n","3476":"e","3477":";","3478":"\\","3479":"r","3480":"\\","3481":"n","3482":"}","3483":"\\","3484":"r","3485":"\\","3486":"n","3487":"\\","3488":"r","3489":"\\","3490":"n","3491":"a","3492":",","3493":"p","3494":"{","3495":"\\","3496":"r","3497":"\\","3498":"n","3499":" ","3500":" ","3501":" ","3502":" ","3503":"t","3504":"e","3505":"x","3506":"t","3507":"-","3508":"a","3509":"l","3510":"i","3511":"g","3512":"n","3513":":","3514":" ","3515":"l","3516":"e","3517":"f","3518":"t","3519":";","3520":"\\","3521":"r","3522":"\\","3523":"n","3524":"}","3525":"\\","3526":"r","3527":"\\","3528":"n","3529":"\\","3530":"r","3531":"\\","3532":"n","3533":".","3534":"f","3535":"a","3536":"d","3537":"e","3538":"-","3539":"e","3540":"n","3541":"t","3542":"e","3543":"r","3544":"-","3545":"f","3546":"r","3547":"o","3548":"m","3549":"{","3550":"\\","3551":"r","3552":"\\","3553":"n","3554":" ","3555":" ","3556":"o","3557":"p","3558":"a","3559":"c","3560":"i","3561":"t","3562":"y","3563":":","3564":" ","3565":"0","3566":";","3567":"\\","3568":"r","3569":"\\","3570":"n","3571":"}","3572":"\\","3573":"r","3574":"\\","3575":"n","3576":"\\","3577":"r","3578":"\\","3579":"n","3580":".","3581":"f","3582":"a","3583":"d","3584":"e","3585":"-","3586":"e","3587":"n","3588":"t","3589":"e","3590":"r","3591":"-","3592":"t","3593":"o","3594":"{","3595":"\\","3596":"r","3597":"\\","3598":"n","3599":" ","3600":" ","3601":"o","3602":"p","3603":"a","3604":"c","3605":"i","3606":"t","3607":"y","3608":":","3609":"1","3610":";","3611":"\\","3612":"r","3613":"\\","3614":"n","3615":"}","3616":"\\","3617":"r","3618":"\\","3619":"n","3620":"\\","3621":"r","3622":"\\","3623":"n","3624":".","3625":"f","3626":"a","3627":"d","3628":"e","3629":"-","3630":"e","3631":"n","3632":"t","3633":"e","3634":"r","3635":"-","3636":"a","3637":"c","3638":"t","3639":"i","3640":"v","3641":"e","3642":"{","3643":"\\","3644":"r","3645":"\\","3646":"n","3647":" ","3648":" ","3649":"t","3650":"r","3651":"a","3652":"n","3653":"s","3654":"i","3655":"t","3656":"i","3657":"o","3658":"n","3659":":","3660":" ","3661":"o","3662":"p","3663":"a","3664":"c","3665":"i","3666":"t","3667":"y","3668":" ","3669":"0","3670":".","3671":"5","3672":"s","3673":";","3674":"\\","3675":"r","3676":"\\","3677":"n","3678":"}","3679":"\\","3680":"r","3681":"\\","3682":"n","3683":"\\","3684":"r","3685":"\\","3686":"n","3687":"<","3688":"/","3689":"s","3690":"t","3691":"y","3692":"l","3693":"e","3694":">","3695":"\\","3696":"r","3697":"\\","3698":"n","3699":"\\","3700":"r","3701":"\\","3702":"n","3703":"\"","3704":"]","3705":"}"},"_coverageSchema":"1a1c01bbd47fc00a2c39e90264f33305004495a9","hash":"ac3a06bf9e2a22263a284d084a87e6aa2c5c8da9"}
,"C:\\Users\\etudiant\\Web_DiscordVueJS\\discordvuejs\\src\\views\\SignUpView.vue": {"path":"C:\\Users\\etudiant\\Web_DiscordVueJS\\discordvuejs\\src\\views\\SignUpView.vue","statementMap":{"0":{"start":{"line":4,"column":0},"end":{"line":6,"column":3}},"1":{"start":{"line":7,"column":0},"end":{"line":7,"column":25}},"2":{"start":{"line":12,"column":15},"end":{"line":31,"column":1}},"3":{"start":{"line":17,"column":4},"end":{"line":17,"column":15}},"4":{"start":{"line":18,"column":25},"end":{"line":24,"column":5}},"5":{"start":{"line":25,"column":4},"end":{"line":28,"column":7}},"6":{"start":{"line":29,"column":4},"end":{"line":29,"column":24}},"7":{"start":{"line":36,"column":0},"end":{"line":38,"column":3}},"8":{"start":{"line":39,"column":0},"end":{"line":39,"column":24}},"9":{"start":{"line":40,"column":11},"end":{"line":40,"column":25}},"10":{"start":{"line":42,"column":2},"end":{"line":42,"column":74}},"11":{"start":{"line":43,"column":2},"end":{"line":43,"column":49}}},"fnMap":{"0":{"name":"(anonymous_0)","decl":{"start":{"line":14,"column":2},"end":{"line":14,"column":3}},"loc":{"start":{"line":16,"column":5},"end":{"line":30,"column":3}},"line":16},"1":{"name":"render","decl":{"start":{"line":41,"column":9},"end":{"line":41,"column":15}},"loc":{"start":{"line":41,"column":63},"end":{"line":43,"column":1}},"line":41}},"branchMap":{},"s":{"0":1,"1":1,"2":1,"3":0,"4":0,"5":0,"6":0,"7":1,"8":1,"9":1,"10":0,"11":1},"f":{"0":0,"1":0},"b":{},"inputSourceMap":{"0":"{","1":"\"","2":"v","3":"e","4":"r","5":"s","6":"i","7":"o","8":"n","9":"\"","10":":","11":"3","12":",","13":"\"","14":"s","15":"o","16":"u","17":"r","18":"c","19":"e","20":"s","21":"\"","22":":","23":"[","24":"\"","25":"C","26":":","27":"/","28":"U","29":"s","30":"e","31":"r","32":"s","33":"/","34":"e","35":"t","36":"u","37":"d","38":"i","39":"a","40":"n","41":"t","42":"/","43":"W","44":"e","45":"b","46":"_","47":"D","48":"i","49":"s","50":"c","51":"o","52":"r","53":"d","54":"V","55":"u","56":"e","57":"J","58":"S","59":"/","60":"d","61":"i","62":"s","63":"c","64":"o","65":"r","66":"d","67":"v","68":"u","69":"e","70":"j","71":"s","72":"/","73":"s","74":"r","75":"c","76":"/","77":"v","78":"i","79":"e","80":"w","81":"s","82":"/","83":"S","84":"i","85":"g","86":"n","87":"U","88":"p","89":"V","90":"i","91":"e","92":"w","93":".","94":"v","95":"u","96":"e","97":"\"","98":"]","99":",","100":"\"","101":"n","102":"a","103":"m","104":"e","105":"s","106":"\"","107":":","108":"[","109":"]","110":",","111":"\"","112":"m","113":"a","114":"p","115":"p","116":"i","117":"n","118":"g","119":"s","120":"\"","121":":","122":"\"","123":";","124":";","125":";","126":";","127":";","128":";","129":";","130":"A","131":"A","132":"K","133":"A","134":";","135":"A","136":"A","137":"A","138":"A","139":";","140":"A","141":"A","142":"A","143":"A","144":";","145":"A","146":"A","147":"A","148":"0","149":"D","150":";","151":"A","152":"A","153":"A","154":"A","155":"\"","156":",","157":"\"","158":"f","159":"i","160":"l","161":"e","162":"\"","163":":","164":"\"","165":"C","166":":","167":"\\","168":"\\","169":"U","170":"s","171":"e","172":"r","173":"s","174":"\\","175":"\\","176":"e","177":"t","178":"u","179":"d","180":"i","181":"a","182":"n","183":"t","184":"\\","185":"\\","186":"W","187":"e","188":"b","189":"_","190":"D","191":"i","192":"s","193":"c","194":"o","195":"r","196":"d","197":"V","198":"u","199":"e","200":"J","201":"S","202":"\\","203":"\\","204":"d","205":"i","206":"s","207":"c","208":"o","209":"r","210":"d","211":"v","212":"u","213":"e","214":"j","215":"s","216":"\\","217":"\\","218":"s","219":"r","220":"c","221":"\\","222":"\\","223":"v","224":"i","225":"e","226":"w","227":"s","228":"\\","229":"\\","230":"S","231":"i","232":"g","233":"n","234":"U","235":"p","236":"V","237":"i","238":"e","239":"w","240":".","241":"v","242":"u","243":"e","244":"\"","245":",","246":"\"","247":"s","248":"o","249":"u","250":"r","251":"c","252":"e","253":"s","254":"C","255":"o","256":"n","257":"t","258":"e","259":"n","260":"t","261":"\"","262":":","263":"[","264":"\"","265":"<","266":"t","267":"e","268":"m","269":"p","270":"l","271":"a","272":"t","273":"e","274":">","275":"\\","276":"r","277":"\\","278":"n","279":" ","280":" ","281":"<","282":"R","283":"e","284":"g","285":"i","286":"s","287":"t","288":"e","289":"r","290":"/","291":">","292":"\\","293":"r","294":"\\","295":"n","296":"<","297":"/","298":"t","299":"e","300":"m","301":"p","302":"l","303":"a","304":"t","305":"e","306":">","307":"\\","308":"r","309":"\\","310":"n","311":"\\","312":"r","313":"\\","314":"n","315":"<","316":"s","317":"c","318":"r","319":"i","320":"p","321":"t","322":" ","323":"s","324":"e","325":"t","326":"u","327":"p","328":">","329":"\\","330":"r","331":"\\","332":"n","333":"i","334":"m","335":"p","336":"o","337":"r","338":"t","339":" ","340":"R","341":"e","342":"g","343":"i","344":"s","345":"t","346":"e","347":"r","348":" ","349":"f","350":"r","351":"o","352":"m","353":" ","354":"'","355":"@","356":"/","357":"c","358":"o","359":"m","360":"p","361":"o","362":"n","363":"e","364":"n","365":"t","366":"s","367":"/","368":"a","369":"u","370":"t","371":"h","372":"/","373":"R","374":"e","375":"g","376":"i","377":"s","378":"t","379":"e","380":"r","381":"F","382":"o","383":"r","384":"m","385":".","386":"v","387":"u","388":"e","389":"'","390":";","391":"\\","392":"r","393":"\\","394":"n","395":"<","396":"/","397":"s","398":"c","399":"r","400":"i","401":"p","402":"t","403":">","404":"\\","405":"r","406":"\\","407":"n","408":"\\","409":"r","410":"\\","411":"n","412":"\"","413":"]","414":"}"},"_coverageSchema":"1a1c01bbd47fc00a2c39e90264f33305004495a9","hash":"f78badd4af3e7ebd511caa0b6c30843aa42a9662"}
}
