TN:
SF:src\common\EventBus.js
FN:2,(anonymous_0)
FN:3,(anonymous_1)
FN:5,(anonymous_2)
FN:8,(anonymous_3)
FNF:4
FNH:0
FNDA:0,(anonymous_0)
FNDA:0,(anonymous_1)
FNDA:0,(anonymous_2)
FNDA:0,(anonymous_3)
DA:1,1
DA:3,0
DA:6,0
DA:9,0
LF:4
LH:1
BRF:0
BRH:0
end_of_record
TN:
SF:src\components\auth\LoginForm.vue
FN:24,_interopRequireWildcard
FN:27,(anonymous_1)
FN:98,(anonymous_2)
FN:101,handleLogin
FN:103,(anonymous_4)
FN:106,(anonymous_5)
FN:128,(anonymous_6)
FN:136,(anonymous_7)
FN:144,(anonymous_8)
FN:152,(anonymous_9)
FN:160,(anonymous_10)
FN:168,(anonymous_11)
FN:241,render
FN:249,(anonymous_13)
FN:251,(anonymous_14)
FN:263,(anonymous_15)
FN:291,(anonymous_16)
FNF:17
FNH:1
FNDA:1,_interopRequireWildcard
FNDA:0,(anonymous_1)
FNDA:0,(anonymous_2)
FNDA:0,handleLogin
FNDA:0,(anonymous_4)
FNDA:0,(anonymous_5)
FNDA:0,(anonymous_6)
FNDA:0,(anonymous_7)
FNDA:0,(anonymous_8)
FNDA:0,(anonymous_9)
FNDA:0,(anonymous_10)
FNDA:0,(anonymous_11)
FNDA:0,render
FNDA:0,(anonymous_13)
FNDA:0,(anonymous_14)
FNDA:0,(anonymous_15)
FNDA:0,(anonymous_16)
DA:4,1
DA:7,1
DA:24,1
DA:25,1
DA:30,0
DA:33,0
DA:40,0
DA:52,0
DA:58,0
DA:65,0
DA:72,0
DA:79,0
DA:86,0
DA:93,0
DA:98,0
DA:99,0
DA:102,0
DA:103,0
DA:104,0
DA:105,0
DA:107,0
DA:108,0
DA:111,0
DA:129,0
DA:137,0
DA:145,0
DA:153,0
DA:161,0
DA:169,0
DA:172,0
DA:176,0
DA:183,1
DA:186,1
DA:187,1
DA:188,1
DA:191,1
DA:195,1
DA:198,1
DA:201,1
DA:204,1
DA:207,1
DA:210,1
DA:214,1
DA:217,1
DA:220,1
DA:224,1
DA:225,1
DA:228,1
DA:231,1
DA:235,1
DA:238,1
DA:242,0
DA:243,0
DA:244,0
DA:249,0
DA:251,0
DA:263,0
DA:291,0
DA:294,1
LF:59
LH:25
BRDA:24,0,0,1
BRDA:24,0,1,0
BRDA:24,1,0,1
BRDA:24,1,1,1
BRDA:24,1,2,1
BRDA:24,2,0,0
BRDA:24,2,1,0
BRDA:24,3,0,0
BRDA:24,3,1,0
BRDA:24,3,2,0
BRDA:24,4,0,0
BRDA:24,4,1,0
BRDA:24,5,0,0
BRDA:24,5,1,0
BRDA:24,6,0,0
BRDA:24,6,1,0
BRDA:24,7,0,0
BRDA:24,7,1,0
BRDA:24,8,0,0
BRDA:24,8,1,0
BRDA:24,9,0,0
BRDA:24,9,1,0
BRDA:24,10,0,0
BRDA:24,10,1,0
BRDA:24,11,0,0
BRDA:24,11,1,0
BRDA:24,11,2,0
BRDA:24,12,0,0
BRDA:24,12,1,0
BRDA:99,13,0,0
BRDA:99,13,1,0
BRDA:251,14,0,0
BRDA:251,14,1,0
BRDA:263,15,0,0
BRDA:263,15,1,0
BRDA:279,16,0,0
BRDA:279,16,1,0
BRDA:282,17,0,0
BRDA:282,17,1,0
BRDA:282,18,0,0
BRDA:282,18,1,0
BRDA:285,19,0,0
BRDA:285,19,1,0
BRF:43
BRH:4
end_of_record
TN:
SF:src\components\auth\RegisterForm.vue
FN:24,_interopRequireWildcard
FN:27,(anonymous_1)
FN:128,(anonymous_2)
FN:131,isPasswordLongEnough
FN:134,isPasswordContainDigit
FN:138,isPasswordContainSpecialChars
FN:141,handleRegister
FN:144,(anonymous_7)
FN:148,(anonymous_8)
FN:162,(anonymous_9)
FN:165,(anonymous_10)
FN:182,(anonymous_11)
FN:190,(anonymous_12)
FN:198,(anonymous_13)
FN:206,(anonymous_14)
FN:214,(anonymous_15)
FN:222,(anonymous_16)
FN:334,render
FN:342,(anonymous_18)
FN:344,(anonymous_19)
FN:357,(anonymous_20)
FN:368,(anonymous_21)
FN:404,(anonymous_22)
FN:415,(anonymous_23)
FN:439,(anonymous_24)
FNF:25
FNH:1
FNDA:1,_interopRequireWildcard
FNDA:0,(anonymous_1)
FNDA:0,(anonymous_2)
FNDA:0,isPasswordLongEnough
FNDA:0,isPasswordContainDigit
FNDA:0,isPasswordContainSpecialChars
FNDA:0,handleRegister
FNDA:0,(anonymous_7)
FNDA:0,(anonymous_8)
FNDA:0,(anonymous_9)
FNDA:0,(anonymous_10)
FNDA:0,(anonymous_11)
FNDA:0,(anonymous_12)
FNDA:0,(anonymous_13)
FNDA:0,(anonymous_14)
FNDA:0,(anonymous_15)
FNDA:0,(anonymous_16)
FNDA:0,render
FNDA:0,(anonymous_18)
FNDA:0,(anonymous_19)
FNDA:0,(anonymous_20)
FNDA:0,(anonymous_21)
FNDA:0,(anonymous_22)
FNDA:0,(anonymous_23)
FNDA:0,(anonymous_24)
DA:4,1
DA:7,1
DA:24,1
DA:25,1
DA:30,0
DA:33,0
DA:40,0
DA:51,0
DA:60,0
DA:67,0
DA:74,0
DA:81,0
DA:88,0
DA:95,0
DA:102,0
DA:109,0
DA:116,0
DA:123,0
DA:128,0
DA:129,0
DA:132,0
DA:135,0
DA:136,0
DA:139,0
DA:142,0
DA:143,0
DA:144,0
DA:145,0
DA:146,0
DA:147,0
DA:149,0
DA:150,0
DA:153,0
DA:163,0
DA:166,0
DA:183,0
DA:191,0
DA:199,0
DA:207,0
DA:215,0
DA:223,0
DA:226,0
DA:230,0
DA:237,1
DA:240,1
DA:241,1
DA:242,1
DA:245,1
DA:249,1
DA:252,1
DA:255,1
DA:258,1
DA:261,1
DA:264,1
DA:268,1
DA:271,1
DA:274,1
DA:278,1
DA:281,1
DA:284,1
DA:288,1
DA:291,1
DA:294,1
DA:297,1
DA:300,1
DA:303,1
DA:307,1
DA:310,1
DA:313,1
DA:317,1
DA:318,1
DA:321,1
DA:324,1
DA:328,1
DA:331,1
DA:335,0
DA:336,0
DA:337,0
DA:342,0
DA:344,0
DA:357,0
DA:368,0
DA:404,0
DA:415,0
DA:439,0
DA:442,1
LF:86
LH:37
BRDA:24,0,0,1
BRDA:24,0,1,0
BRDA:24,1,0,1
BRDA:24,1,1,1
BRDA:24,1,2,1
BRDA:24,2,0,0
BRDA:24,2,1,0
BRDA:24,3,0,0
BRDA:24,3,1,0
BRDA:24,3,2,0
BRDA:24,4,0,0
BRDA:24,4,1,0
BRDA:24,5,0,0
BRDA:24,5,1,0
BRDA:24,6,0,0
BRDA:24,6,1,0
BRDA:24,7,0,0
BRDA:24,7,1,0
BRDA:24,8,0,0
BRDA:24,8,1,0
BRDA:24,9,0,0
BRDA:24,9,1,0
BRDA:24,10,0,0
BRDA:24,10,1,0
BRDA:24,11,0,0
BRDA:24,11,1,0
BRDA:24,11,2,0
BRDA:24,12,0,0
BRDA:24,12,1,0
BRDA:129,13,0,0
BRDA:129,13,1,0
BRDA:129,13,2,0
BRDA:129,13,3,0
BRDA:344,14,0,0
BRDA:344,14,1,0
BRDA:357,15,0,0
BRDA:357,15,1,0
BRDA:368,16,0,0
BRDA:368,16,1,0
BRDA:382,17,0,0
BRDA:382,17,1,0
BRDA:390,18,0,0
BRDA:390,18,1,0
BRDA:398,19,0,0
BRDA:398,19,1,0
BRDA:404,20,0,0
BRDA:404,20,1,0
BRDA:415,21,0,0
BRDA:415,21,1,0
BRDA:427,22,0,0
BRDA:427,22,1,0
BRDA:430,23,0,0
BRDA:430,23,1,0
BRDA:430,24,0,0
BRDA:430,24,1,0
BRDA:435,25,0,0
BRDA:435,25,1,0
BRF:57
BRH:4
end_of_record
TN:
SF:src\components\index\HomeHeader.vue
FN:44,render
FN:50,(anonymous_1)
FN:56,(anonymous_2)
FNF:3
FNH:0
FNDA:0,render
FNDA:0,(anonymous_1)
FNDA:0,(anonymous_2)
DA:3,1
DA:6,1
DA:7,1
DA:8,1
DA:12,1
DA:15,1
DA:18,1
DA:21,1
DA:24,1
DA:27,1
DA:30,1
DA:45,0
DA:46,0
DA:50,0
DA:56,0
DA:59,1
LF:16
LH:12
BRF:0
BRH:0
end_of_record
TN:
SF:src\components\main\AlertComponent.vue
FN:16,(anonymous_0)
FN:62,render
FNF:2
FNH:0
FNDA:0,(anonymous_0)
FNDA:0,render
DA:4,1
DA:7,1
DA:8,1
DA:19,0
DA:20,0
DA:21,0
DA:24,0
DA:28,0
DA:35,1
DA:38,1
DA:39,1
DA:40,1
DA:45,1
DA:56,1
DA:59,1
DA:63,0
DA:64,1
LF:17
LH:11
BRF:0
BRH:0
end_of_record
TN:
SF:src\components\main\ToolTip.vue
FN:16,(anonymous_0)
FN:43,render
FNF:2
FNH:0
FNDA:0,(anonymous_0)
FNDA:0,render
DA:4,1
DA:7,1
DA:8,1
DA:19,0
DA:20,0
DA:21,0
DA:24,0
DA:28,0
DA:35,1
DA:38,1
DA:39,1
DA:40,1
DA:44,0
DA:45,1
LF:14
LH:8
BRF:0
BRH:0
end_of_record
TN:
SF:src\components\main\Channels\ChannelComponent.vue
FN:16,(anonymous_0)
FN:22,deleteChannel
FN:53,render
FN:62,(anonymous_3)
FNF:4
FNH:0
FNDA:0,(anonymous_0)
FNDA:0,deleteChannel
FNDA:0,render
FNDA:0,(anonymous_3)
DA:4,1
DA:7,1
DA:8,1
DA:20,0
DA:21,0
DA:23,0
DA:25,0
DA:30,0
DA:34,0
DA:41,1
DA:44,1
DA:45,1
DA:46,1
DA:49,1
DA:54,0
DA:55,0
DA:56,0
DA:62,0
DA:74,1
LF:19
LH:9
BRDA:66,0,0,0
BRDA:66,0,1,0
BRF:2
BRH:0
end_of_record
TN:
SF:src\components\main\Channels\ChannelSkeleton.vue
FN:18,render
FNF:1
FNH:0
FNDA:0,render
DA:3,1
DA:6,1
DA:7,1
DA:8,1
DA:11,1
DA:14,1
DA:19,0
DA:20,1
LF:8
LH:7
BRF:0
BRH:0
end_of_record
TN:
SF:src\components\main\Channels\ChannelsList.vue
FN:33,(anonymous_0)
FN:128,(anonymous_1)
FN:135,(anonymous_2)
FN:146,deleteChannel
FN:152,(anonymous_4)
FN:156,(anonymous_5)
FN:193,(anonymous_6)
FN:201,(anonymous_7)
FN:209,(anonymous_8)
FN:217,(anonymous_9)
FN:256,render
FN:260,(anonymous_11)
FN:266,(anonymous_12)
FN:276,(anonymous_13)
FN:279,(anonymous_14)
FNF:15
FNH:0
FNDA:0,(anonymous_0)
FNDA:0,(anonymous_1)
FNDA:0,(anonymous_2)
FNDA:0,deleteChannel
FNDA:0,(anonymous_4)
FNDA:0,(anonymous_5)
FNDA:0,(anonymous_6)
FNDA:0,(anonymous_7)
FNDA:0,(anonymous_8)
FNDA:0,(anonymous_9)
FNDA:0,render
FNDA:0,(anonymous_11)
FNDA:0,(anonymous_12)
FNDA:0,(anonymous_13)
FNDA:0,(anonymous_14)
DA:4,1
DA:7,1
DA:30,1
DA:37,0
DA:40,0
DA:47,0
DA:54,0
DA:61,0
DA:68,0
DA:75,0
DA:82,0
DA:89,0
DA:128,0
DA:129,0
DA:130,0
DA:131,0
DA:136,0
DA:137,0
DA:138,0
DA:142,0
DA:147,0
DA:148,0
DA:153,0
DA:154,0
DA:155,0
DA:157,0
DA:161,0
DA:194,0
DA:202,0
DA:210,0
DA:218,0
DA:226,0
DA:230,0
DA:237,1
DA:240,1
DA:241,1
DA:242,1
DA:245,1
DA:248,1
DA:252,1
DA:255,1
DA:257,0
DA:258,0
DA:260,0
DA:267,0
DA:276,0
DA:280,0
DA:288,1
LF:48
LH:12
BRDA:129,0,0,0
BRDA:129,0,1,0
BRDA:129,1,0,0
BRDA:129,1,1,0
BRDA:258,2,0,0
BRDA:258,2,1,0
BRDA:260,3,0,0
BRDA:260,3,1,0
BRDA:266,4,0,0
BRDA:266,4,1,0
BRDA:274,5,0,0
BRDA:274,5,1,0
BRDA:276,6,0,0
BRDA:276,6,1,0
BRDA:279,7,0,0
BRDA:279,7,1,0
BRDA:285,8,0,0
BRDA:285,8,1,0
BRF:18
BRH:0
end_of_record
TN:
SF:src\components\main\Messages\MessageComponent.vue
FN:30,(anonymous_0)
FN:90,(anonymous_1)
FN:137,render
FNF:3
FNH:0
FNDA:0,(anonymous_0)
FNDA:0,(anonymous_1)
FNDA:0,render
DA:4,1
DA:7,1
DA:18,1
DA:33,0
DA:34,0
DA:37,0
DA:44,0
DA:51,0
DA:58,0
DA:74,0
DA:91,0
DA:104,0
DA:108,0
DA:115,1
DA:118,1
DA:119,1
DA:120,1
DA:124,1
DA:127,1
DA:130,1
DA:134,1
DA:138,0
DA:141,1
LF:23
LH:12
BRDA:140,0,0,0
BRDA:140,0,1,0
BRDA:140,1,0,0
BRDA:140,1,1,0
BRF:4
BRH:0
end_of_record
TN:
SF:src\components\main\Messages\MessageSkeleton.vue
FN:14,render
FNF:1
FNH:0
FNDA:0,render
DA:3,1
DA:6,1
DA:7,1
DA:8,1
DA:12,1
DA:13,1
DA:15,0
DA:16,1
LF:8
LH:7
BRF:0
BRH:0
end_of_record
TN:
SF:src\components\main\Messages\MessagesList.vue
FN:35,(anonymous_0)
FN:81,sendMessage
FN:100,scrollToLastMessage
FN:134,(anonymous_3)
FN:137,(anonymous_4)
FN:167,(anonymous_5)
FN:175,(anonymous_6)
FN:188,(anonymous_7)
FN:196,(anonymous_8)
FN:251,render
FN:259,(anonymous_10)
FNF:11
FNH:0
FNDA:0,(anonymous_0)
FNDA:0,sendMessage
FNDA:0,scrollToLastMessage
FNDA:0,(anonymous_3)
FNDA:0,(anonymous_4)
FNDA:0,(anonymous_5)
FNDA:0,(anonymous_6)
FNDA:0,(anonymous_7)
FNDA:0,(anonymous_8)
FNDA:0,render
FNDA:0,(anonymous_10)
DA:4,1
DA:7,1
DA:33,1
DA:38,0
DA:41,0
DA:48,0
DA:55,0
DA:62,0
DA:69,0
DA:76,0
DA:82,0
DA:101,0
DA:102,0
DA:128,0
DA:135,0
DA:138,0
DA:168,0
DA:176,0
DA:189,0
DA:197,0
DA:205,0
DA:209,0
DA:216,1
DA:219,1
DA:220,1
DA:221,1
DA:225,1
DA:228,1
DA:232,1
DA:236,1
DA:241,1
DA:245,1
DA:248,1
DA:252,0
DA:253,0
DA:260,0
DA:270,1
LF:37
LH:15
BRDA:253,0,0,0
BRDA:253,0,1,0
BRDA:256,1,0,0
BRDA:256,1,1,0
BRDA:256,2,0,0
BRDA:256,2,1,0
BRDA:256,3,0,0
BRDA:256,3,1,0
BRDA:265,4,0,0
BRDA:265,4,1,0
BRF:10
BRH:0
end_of_record
TN:
SF:src\components\main\Messages\TextBarComponent.vue
FN:104,render
FN:115,(anonymous_1)
FNF:2
FNH:0
FNDA:0,render
FNDA:0,(anonymous_1)
DA:4,1
DA:7,1
DA:95,1
DA:98,1
DA:99,1
DA:100,1
DA:103,1
DA:105,0
DA:106,0
DA:115,0
DA:125,1
LF:11
LH:8
BRDA:115,0,0,0
BRDA:115,0,1,0
BRF:2
BRH:0
end_of_record
TN:
SF:src\components\main\Profile\ProfileBanner.vue
FN:29,(anonymous_0)
FN:54,(anonymous_1)
FN:61,(anonymous_2)
FN:69,(anonymous_3)
FN:71,(anonymous_4)
FN:92,(anonymous_5)
FN:105,(anonymous_6)
FN:113,(anonymous_7)
FN:131,(anonymous_8)
FN:166,render
FN:169,(anonymous_10)
FN:177,(anonymous_11)
FNF:12
FNH:0
FNDA:0,(anonymous_0)
FNDA:0,(anonymous_1)
FNDA:0,(anonymous_2)
FNDA:0,(anonymous_3)
FNDA:0,(anonymous_4)
FNDA:0,(anonymous_5)
FNDA:0,(anonymous_6)
FNDA:0,(anonymous_7)
FNDA:0,(anonymous_8)
FNDA:0,render
FNDA:0,(anonymous_10)
FNDA:0,(anonymous_11)
DA:4,1
DA:7,1
DA:27,1
DA:32,0
DA:35,0
DA:42,0
DA:49,0
DA:54,0
DA:55,0
DA:61,0
DA:62,0
DA:63,0
DA:64,0
DA:65,0
DA:70,0
DA:72,0
DA:73,0
DA:86,0
DA:93,0
DA:106,0
DA:114,0
DA:132,0
DA:140,0
DA:144,0
DA:151,1
DA:154,1
DA:155,1
DA:156,1
DA:160,1
DA:163,1
DA:167,0
DA:168,0
DA:169,0
DA:177,0
DA:185,1
LF:35
LH:10
BRDA:63,0,0,0
BRDA:63,0,1,0
BRDA:63,1,0,0
BRDA:63,1,1,0
BRDA:169,2,0,0
BRDA:169,2,1,0
BRDA:177,3,0,0
BRDA:177,3,1,0
BRF:8
BRH:0
end_of_record
TN:
SF:src\components\main\Profile\ProfileSettings.vue
FN:30,_interopRequireWildcard
FN:31,_interopRequireDefault
FN:35,(anonymous_2)
FN:47,closeModal
FN:104,handleUpdate
FN:111,(anonymous_5)
FN:114,(anonymous_6)
FN:128,handleFileInputChange
FN:177,(anonymous_8)
FN:195,(anonymous_9)
FN:203,(anonymous_10)
FN:211,(anonymous_11)
FN:219,(anonymous_12)
FN:227,(anonymous_13)
FN:235,(anonymous_14)
FN:238,(anonymous_15)
FN:323,render
FN:330,(anonymous_17)
FN:342,(anonymous_18)
FN:352,(anonymous_19)
FN:362,(anonymous_20)
FN:374,(anonymous_21)
FNF:22
FNH:2
FNDA:1,_interopRequireWildcard
FNDA:3,_interopRequireDefault
FNDA:0,(anonymous_2)
FNDA:0,closeModal
FNDA:0,handleUpdate
FNDA:0,(anonymous_5)
FNDA:0,(anonymous_6)
FNDA:0,handleFileInputChange
FNDA:0,(anonymous_8)
FNDA:0,(anonymous_9)
FNDA:0,(anonymous_10)
FNDA:0,(anonymous_11)
FNDA:0,(anonymous_12)
FNDA:0,(anonymous_13)
FNDA:0,(anonymous_14)
FNDA:0,(anonymous_15)
FNDA:0,render
FNDA:0,(anonymous_17)
FNDA:0,(anonymous_18)
FNDA:0,(anonymous_19)
FNDA:0,(anonymous_20)
FNDA:0,(anonymous_21)
DA:4,1
DA:7,1
DA:30,1
DA:31,3
DA:32,1
DA:39,0
DA:42,0
DA:48,0
DA:52,0
DA:59,0
DA:66,0
DA:73,0
DA:80,0
DA:87,0
DA:94,0
DA:99,0
DA:105,0
DA:106,0
DA:107,0
DA:112,0
DA:113,0
DA:115,0
DA:124,0
DA:126,0
DA:129,0
DA:130,0
DA:131,0
DA:163,0
DA:178,0
DA:196,0
DA:204,0
DA:212,0
DA:220,0
DA:228,0
DA:236,0
DA:239,0
DA:247,0
DA:251,0
DA:258,1
DA:261,1
DA:262,1
DA:263,1
DA:266,1
DA:269,1
DA:275,1
DA:278,1
DA:281,1
DA:284,1
DA:287,1
DA:290,1
DA:291,1
DA:294,1
DA:298,1
DA:302,1
DA:306,1
DA:309,1
DA:313,1
DA:316,1
DA:319,1
DA:324,0
DA:325,0
DA:330,0
DA:342,0
DA:352,0
DA:362,0
DA:374,0
DA:382,1
LF:67
LH:27
BRDA:30,0,0,1
BRDA:30,0,1,0
BRDA:30,1,0,1
BRDA:30,1,1,1
BRDA:30,1,2,1
BRDA:30,2,0,0
BRDA:30,2,1,0
BRDA:30,3,0,0
BRDA:30,3,1,0
BRDA:30,3,2,0
BRDA:30,4,0,0
BRDA:30,4,1,0
BRDA:30,5,0,0
BRDA:30,5,1,0
BRDA:30,6,0,0
BRDA:30,6,1,0
BRDA:30,7,0,0
BRDA:30,7,1,0
BRDA:30,8,0,0
BRDA:30,8,1,0
BRDA:30,9,0,0
BRDA:30,9,1,0
BRDA:30,10,0,0
BRDA:30,10,1,0
BRDA:30,11,0,0
BRDA:30,11,1,0
BRDA:30,11,2,0
BRDA:30,12,0,0
BRDA:30,12,1,0
BRDA:31,13,0,3
BRDA:31,13,1,0
BRDA:31,14,0,3
BRDA:31,14,1,3
BRDA:115,15,0,0
BRDA:115,15,1,0
BRDA:115,16,0,0
BRDA:115,16,1,0
BRDA:130,17,0,0
BRDA:130,17,1,0
BRDA:330,18,0,0
BRDA:330,18,1,0
BRDA:342,19,0,0
BRDA:342,19,1,0
BRDA:352,20,0,0
BRDA:352,20,1,0
BRDA:362,21,0,0
BRDA:362,21,1,0
BRDA:374,22,0,0
BRDA:374,22,1,0
BRDA:376,23,0,0
BRDA:376,23,1,0
BRDA:376,24,0,0
BRDA:376,24,1,0
BRDA:381,25,0,0
BRDA:381,25,1,0
BRF:55
BRH:7
end_of_record
TN:
SF:src\components\main\SideBar\SideBar.vue
FN:14,(anonymous_0)
FN:44,render
FNF:2
FNH:0
FNDA:0,(anonymous_0)
FNDA:0,render
DA:4,1
DA:7,1
DA:12,1
DA:17,0
DA:18,0
DA:25,0
DA:29,0
DA:36,1
DA:39,1
DA:40,1
DA:41,1
DA:45,0
DA:54,1
LF:13
LH:8
BRF:0
BRH:0
end_of_record
TN:
SF:src\components\main\SideBar\SideBarIcon.vue
FN:28,(anonymous_0)
FN:57,render
FN:66,(anonymous_2)
FNF:3
FNH:0
FNDA:0,(anonymous_0)
FNDA:0,render
FNDA:0,(anonymous_2)
DA:4,1
DA:7,1
DA:12,1
DA:31,0
DA:32,0
DA:33,0
DA:41,0
DA:45,0
DA:52,1
DA:55,1
DA:56,1
DA:58,0
DA:59,0
DA:60,0
DA:66,0
DA:75,1
LF:16
LH:7
BRF:0
BRH:0
end_of_record
TN:
SF:src\components\main\Users\UserComponent.vue
FN:31,(anonymous_0)
FN:92,render
FN:98,(anonymous_2)
FNF:3
FNH:0
FNDA:0,(anonymous_0)
FNDA:0,render
FNDA:0,(anonymous_2)
DA:4,1
DA:7,1
DA:15,1
DA:34,0
DA:35,0
DA:38,0
DA:45,0
DA:52,0
DA:57,0
DA:73,0
DA:77,0
DA:84,1
DA:87,1
DA:88,1
DA:89,1
DA:93,0
DA:94,0
DA:98,0
DA:105,1
LF:19
LH:8
BRF:0
BRH:0
end_of_record
TN:
SF:src\components\main\Users\UserPicture.vue
FN:134,render
FNF:1
FNH:0
FNDA:0,render
DA:4,1
DA:7,1
DA:122,1
DA:125,1
DA:126,1
DA:127,1
DA:133,1
DA:135,0
DA:142,1
LF:9
LH:8
BRDA:135,0,0,0
BRDA:135,0,1,0
BRDA:135,1,0,0
BRDA:135,1,1,0
BRF:4
BRH:0
end_of_record
TN:
SF:src\components\main\Users\UserSkeleton.vue
FN:13,render
FNF:1
FNH:1
FNDA:3,render
DA:3,1
DA:6,1
DA:7,1
DA:8,1
DA:11,1
DA:12,1
DA:14,3
DA:15,1
LF:8
LH:8
BRF:0
BRH:0
end_of_record
TN:
SF:src\components\main\Users\UsersList.vue
FN:26,(anonymous_0)
FN:82,(anonymous_1)
FN:100,(anonymous_2)
FN:149,render
FN:152,(anonymous_4)
FNF:5
FNH:2
FNDA:3,(anonymous_0)
FNDA:0,(anonymous_1)
FNDA:0,(anonymous_2)
FNDA:6,render
FNDA:0,(anonymous_4)
DA:4,1
DA:7,1
DA:24,1
DA:29,3
DA:32,3
DA:39,3
DA:79,3
DA:83,0
DA:101,0
DA:119,3
DA:123,3
DA:130,1
DA:133,1
DA:134,1
DA:135,1
DA:139,1
DA:142,1
DA:146,1
DA:150,6
DA:153,0
DA:160,1
LF:21
LH:18
BRDA:150,0,0,3
BRDA:150,0,1,3
BRDA:152,1,0,3
BRDA:152,1,1,3
BRF:4
BRH:4
end_of_record
TN:
SF:src\router\index.js
FNF:0
FNH:0
DA:6,1
DA:54,1
LF:2
LH:2
BRF:0
BRH:0
end_of_record
TN:
SF:src\services\auth.service.js
FN:6,(anonymous_0)
FN:12,(anonymous_1)
FN:18,(anonymous_2)
FN:23,(anonymous_3)
FN:35,(anonymous_4)
FN:41,(anonymous_5)
FN:46,(anonymous_6)
FNF:7
FNH:0
FNDA:0,(anonymous_0)
FNDA:0,(anonymous_1)
FNDA:0,(anonymous_2)
FNDA:0,(anonymous_3)
FNDA:0,(anonymous_4)
FNDA:0,(anonymous_5)
FNDA:0,(anonymous_6)
DA:7,0
DA:13,0
DA:14,0
DA:16,0
DA:19,0
DA:24,0
DA:25,0
DA:26,0
DA:27,0
DA:28,0
DA:30,0
DA:36,0
DA:37,0
DA:39,0
DA:42,0
DA:47,0
LF:16
LH:0
BRDA:13,0,0,0
BRDA:13,0,1,0
BRDA:36,1,0,0
BRDA:36,1,1,0
BRF:4
BRH:0
end_of_record
TN:
SF:src\services\axiosInstance.js
FN:13,(anonymous_0)
FN:23,(anonymous_1)
FN:30,(anonymous_2)
FN:33,(anonymous_3)
FNF:4
FNH:1
FNDA:3,(anonymous_0)
FNDA:0,(anonymous_1)
FNDA:0,(anonymous_2)
FNDA:0,(anonymous_3)
DA:7,1
DA:12,1
DA:14,3
DA:15,0
DA:16,0
DA:19,3
DA:21,3
DA:24,0
DA:29,1
DA:31,0
DA:34,0
DA:36,0
DA:38,0
DA:39,0
DA:40,0
DA:41,0
DA:44,0
DA:46,0
DA:47,0
DA:48,0
DA:49,0
DA:51,0
DA:56,0
LF:23
LH:6
BRDA:14,0,0,0
BRDA:14,0,1,3
BRDA:36,1,0,0
BRDA:36,1,1,0
BRDA:36,2,0,0
BRDA:36,2,1,0
BRDA:38,3,0,0
BRDA:38,3,1,0
BRDA:38,4,0,0
BRDA:38,4,1,0
BRF:10
BRH:1
end_of_record
TN:
SF:src\services\channel.service.js
FN:5,(anonymous_0)
FN:7,(anonymous_1)
FN:14,(anonymous_2)
FN:20,(anonymous_3)
FN:31,(anonymous_4)
FNF:5
FNH:0
FNDA:0,(anonymous_0)
FNDA:0,(anonymous_1)
FNDA:0,(anonymous_2)
FNDA:0,(anonymous_3)
FNDA:0,(anonymous_4)
DA:6,0
DA:7,0
DA:11,0
DA:15,0
DA:16,0
DA:17,0
DA:21,0
DA:22,0
DA:26,0
DA:28,0
DA:32,0
DA:33,0
DA:34,0
DA:36,0
LF:14
LH:0
BRF:0
BRH:0
end_of_record
TN:
SF:src\services\message.service.js
FN:5,(anonymous_0)
FN:11,(anonymous_1)
FN:14,(anonymous_2)
FN:19,(anonymous_3)
FN:21,(anonymous_4)
FNF:5
FNH:0
FNDA:0,(anonymous_0)
FNDA:0,(anonymous_1)
FNDA:0,(anonymous_2)
FNDA:0,(anonymous_3)
FNDA:0,(anonymous_4)
DA:6,0
DA:12,0
DA:15,0
DA:20,0
DA:21,0
DA:27,0
LF:6
LH:0
BRF:0
BRH:0
end_of_record
TN:
SF:src\services\picture.service.js
FN:5,(anonymous_0)
FN:15,(anonymous_1)
FN:18,(anonymous_2)
FN:23,(anonymous_3)
FN:25,(anonymous_4)
FN:28,(anonymous_5)
FNF:6
FNH:0
FNDA:0,(anonymous_0)
FNDA:0,(anonymous_1)
FNDA:0,(anonymous_2)
FNDA:0,(anonymous_3)
FNDA:0,(anonymous_4)
FNDA:0,(anonymous_5)
DA:6,0
DA:7,0
DA:8,0
DA:9,0
DA:16,0
DA:19,0
DA:24,0
DA:26,0
DA:29,0
LF:9
LH:0
BRF:0
BRH:0
end_of_record
TN:
SF:src\services\token.service.js
FN:4,(anonymous_0)
FN:9,(anonymous_1)
FN:14,(anonymous_2)
FN:20,(anonymous_3)
FN:24,(anonymous_4)
FN:28,(anonymous_5)
FNF:6
FNH:0
FNDA:0,(anonymous_0)
FNDA:0,(anonymous_1)
FNDA:0,(anonymous_2)
FNDA:0,(anonymous_3)
FNDA:0,(anonymous_4)
FNDA:0,(anonymous_5)
DA:5,0
DA:6,0
DA:10,0
DA:11,0
DA:15,0
DA:16,0
DA:17,0
DA:21,0
DA:25,0
DA:29,0
LF:10
LH:0
BRF:0
BRH:0
end_of_record
TN:
SF:src\services\user.service.js
FN:5,(anonymous_0)
FN:11,(anonymous_1)
FN:13,(anonymous_2)
FN:21,(anonymous_3)
FNF:4
FNH:1
FNDA:0,(anonymous_0)
FNDA:3,(anonymous_1)
FNDA:0,(anonymous_2)
FNDA:0,(anonymous_3)
DA:6,0
DA:7,0
DA:8,0
DA:12,3
DA:13,0
DA:18,0
DA:22,0
DA:23,0
DA:28,0
DA:30,0
LF:10
LH:1
BRF:0
BRH:0
end_of_record
TN:
SF:src\store\auth.module.js
FN:13,(anonymous_0)
FN:15,(anonymous_1)
FN:25,(anonymous_2)
FN:29,(anonymous_3)
FN:31,(anonymous_4)
FN:44,(anonymous_5)
FN:49,(anonymous_6)
FN:53,(anonymous_7)
FN:57,(anonymous_8)
FN:61,(anonymous_9)
FN:65,(anonymous_10)
FN:68,(anonymous_11)
FN:71,(anonymous_12)
FN:77,(anonymous_13)
FNF:14
FNH:1
FNDA:0,(anonymous_0)
FNDA:0,(anonymous_1)
FNDA:0,(anonymous_2)
FNDA:0,(anonymous_3)
FNDA:0,(anonymous_4)
FNDA:0,(anonymous_5)
FNDA:0,(anonymous_6)
FNDA:0,(anonymous_7)
FNDA:0,(anonymous_8)
FNDA:0,(anonymous_9)
FNDA:0,(anonymous_10)
FNDA:0,(anonymous_11)
FNDA:0,(anonymous_12)
FNDA:1,(anonymous_13)
DA:4,1
DA:5,1
DA:9,1
DA:14,0
DA:16,0
DA:17,0
DA:18,0
DA:20,0
DA:21,0
DA:26,0
DA:27,0
DA:30,0
DA:32,0
DA:33,0
DA:35,0
DA:36,0
DA:37,0
DA:39,0
DA:40,0
DA:45,0
DA:50,0
DA:51,0
DA:54,0
DA:55,0
DA:58,0
DA:59,0
DA:62,0
DA:63,0
DA:66,0
DA:69,0
DA:72,0
DA:73,0
DA:78,1
LF:33
LH:4
BRDA:5,0,0,0
BRDA:5,0,1,1
BRDA:16,1,0,0
BRDA:16,1,1,0
BRDA:32,2,0,0
BRDA:32,2,1,0
BRDA:35,3,0,0
BRDA:35,3,1,0
BRDA:78,4,0,1
BRDA:78,4,1,1
BRF:10
BRH:3
end_of_record
TN:
SF:src\store\channel.module.js
FN:11,(anonymous_0)
FN:13,(anonymous_1)
FN:17,(anonymous_2)
FN:25,(anonymous_3)
FN:30,(anonymous_4)
FNF:5
FNH:0
FNDA:0,(anonymous_0)
FNDA:0,(anonymous_1)
FNDA:0,(anonymous_2)
FNDA:0,(anonymous_3)
FNDA:0,(anonymous_4)
DA:5,1
DA:12,0
DA:14,0
DA:15,0
DA:18,0
DA:19,0
DA:26,0
DA:31,0
LF:8
LH:1
BRDA:18,0,0,0
BRDA:18,0,1,0
BRDA:18,1,0,0
BRDA:18,1,1,0
BRF:4
BRH:0
end_of_record
TN:
SF:src\store\index.js
FNF:0
FNH:0
DA:7,1
LF:1
LH:1
BRF:0
BRH:0
end_of_record
TN:
SF:src\store\message.module.js
FN:13,(anonymous_0)
FN:15,(anonymous_1)
FN:21,(anonymous_2)
FN:29,(anonymous_3)
FN:32,(anonymous_4)
FN:37,(anonymous_5)
FN:37,(anonymous_6)
FN:40,(anonymous_7)
FN:40,(anonymous_8)
FNF:9
FNH:0
FNDA:0,(anonymous_0)
FNDA:0,(anonymous_1)
FNDA:0,(anonymous_2)
FNDA:0,(anonymous_3)
FNDA:0,(anonymous_4)
FNDA:0,(anonymous_5)
FNDA:0,(anonymous_6)
FNDA:0,(anonymous_7)
FNDA:0,(anonymous_8)
DA:6,1
DA:14,0
DA:16,0
DA:17,0
DA:18,0
DA:19,0
DA:22,0
DA:23,0
DA:30,0
DA:33,0
DA:37,0
DA:38,0
DA:40,0
DA:41,0
LF:14
LH:1
BRDA:22,0,0,0
BRDA:22,0,1,0
BRDA:22,1,0,0
BRDA:22,1,1,0
BRF:4
BRH:0
end_of_record
TN:
SF:src\store\user.module.js
FN:12,(anonymous_0)
FN:16,(anonymous_1)
FN:22,(anonymous_2)
FN:25,(anonymous_3)
FN:29,(anonymous_4)
FN:29,(anonymous_5)
FN:32,(anonymous_6)
FN:32,(anonymous_7)
FNF:8
FNH:0
FNDA:0,(anonymous_0)
FNDA:0,(anonymous_1)
FNDA:0,(anonymous_2)
FNDA:0,(anonymous_3)
FNDA:0,(anonymous_4)
FNDA:0,(anonymous_5)
FNDA:0,(anonymous_6)
FNDA:0,(anonymous_7)
DA:5,1
DA:13,0
DA:14,0
DA:17,0
DA:18,0
DA:23,0
DA:26,0
DA:29,0
DA:30,0
DA:32,0
DA:33,0
LF:11
LH:1
BRF:0
BRH:0
end_of_record
TN:
SF:src\views\HomeView.vue
FN:14,(anonymous_0)
FN:41,render
FNF:2
FNH:0
FNDA:0,(anonymous_0)
FNDA:0,render
DA:4,1
DA:7,1
DA:12,1
DA:17,0
DA:18,0
DA:25,0
DA:29,0
DA:36,1
DA:39,1
DA:40,1
DA:42,0
DA:43,1
LF:12
LH:7
BRF:0
BRH:0
end_of_record
TN:
SF:src\views\LoginView.vue
FN:14,(anonymous_0)
FN:41,render
FNF:2
FNH:0
FNDA:0,(anonymous_0)
FNDA:0,render
DA:4,1
DA:7,1
DA:12,1
DA:17,0
DA:18,0
DA:25,0
DA:29,0
DA:36,1
DA:39,1
DA:40,1
DA:42,0
DA:43,1
LF:12
LH:7
BRF:0
BRH:0
end_of_record
TN:
SF:src\views\MainView.vue
FN:44,(anonymous_0)
FN:76,handleInfoMessage
FN:78,(anonymous_2)
FN:82,(anonymous_3)
FN:167,(anonymous_4)
FN:175,(anonymous_5)
FN:183,(anonymous_6)
FN:225,render
FN:230,(anonymous_8)
FN:237,(anonymous_9)
FN:239,(anonymous_10)
FNF:11
FNH:0
FNDA:0,(anonymous_0)
FNDA:0,handleInfoMessage
FNDA:0,(anonymous_2)
FNDA:0,(anonymous_3)
FNDA:0,(anonymous_4)
FNDA:0,(anonymous_5)
FNDA:0,(anonymous_6)
FNDA:0,render
FNDA:0,(anonymous_8)
FNDA:0,(anonymous_9)
FNDA:0,(anonymous_10)
DA:4,1
DA:7,1
DA:42,1
DA:47,0
DA:50,0
DA:57,0
DA:64,0
DA:71,0
DA:77,0
DA:78,0
DA:79,0
DA:82,0
DA:83,0
DA:84,0
DA:110,0
DA:168,0
DA:176,0
DA:184,0
DA:192,0
DA:196,0
DA:203,1
DA:206,1
DA:207,1
DA:208,1
DA:212,1
DA:215,1
DA:219,1
DA:222,1
DA:226,0
DA:230,0
DA:237,0
DA:239,0
DA:244,1
LF:33
LH:12
BRDA:230,0,0,0
BRDA:230,0,1,0
BRDA:231,1,0,0
BRDA:231,1,1,0
BRDA:237,2,0,0
BRDA:237,2,1,0
BRDA:239,3,0,0
BRDA:239,3,1,0
BRF:8
BRH:0
end_of_record
TN:
SF:src\views\SignUpView.vue
FN:14,(anonymous_0)
FN:41,render
FNF:2
FNH:0
FNDA:0,(anonymous_0)
FNDA:0,render
DA:4,1
DA:7,1
DA:12,1
DA:17,0
DA:18,0
DA:25,0
DA:29,0
DA:36,1
DA:39,1
DA:40,1
DA:42,0
DA:43,1
LF:12
LH:7
BRF:0
BRH:0
end_of_record
